<?xml version="1.0" encoding="UTF-8"?>
<testsuite xmlns:xsi="http://www.w3.org/2001/XMLSchema-instance" xsi:noNamespaceSchemaLocation="https://maven.apache.org/surefire/maven-surefire-plugin/xsd/surefire-test-report.xsd" version="3.0.2" name="com.taskhive.taskhive_backend.TaskhiveBackendApplicationTests" time="20.921" tests="1" errors="0" skipped="0" failures="0">
  <properties>
    <property name="java.specification.version" value="24"/>
    <property name="sun.jnu.encoding" value="UTF-8"/>
    <property name="java.class.path" value="/Users/amakessie/Desktop/Mobile-App-Dev-53/backend/target/test-classes:/Users/amakessie/Desktop/Mobile-App-Dev-53/backend/target/classes:/Users/amakessie/.m2/repository/org/springframework/boot/spring-boot-starter-actuator/3.4.7/spring-boot-starter-actuator-3.4.7.jar:/Users/amakessie/.m2/repository/org/springframework/boot/spring-boot-starter/3.4.7/spring-boot-starter-3.4.7.jar:/Users/amakessie/.m2/repository/org/springframework/boot/spring-boot/3.4.7/spring-boot-3.4.7.jar:/Users/amakessie/.m2/repository/org/springframework/boot/spring-boot-autoconfigure/3.4.7/spring-boot-autoconfigure-3.4.7.jar:/Users/amakessie/.m2/repository/org/springframework/boot/spring-boot-starter-logging/3.4.7/spring-boot-starter-logging-3.4.7.jar:/Users/amakessie/.m2/repository/ch/qos/logback/logback-classic/1.5.18/logback-classic-1.5.18.jar:/Users/amakessie/.m2/repository/ch/qos/logback/logback-core/1.5.18/logback-core-1.5.18.jar:/Users/amakessie/.m2/repository/org/apache/logging/log4j/log4j-to-slf4j/2.24.3/log4j-to-slf4j-2.24.3.jar:/Users/amakessie/.m2/repository/org/apache/logging/log4j/log4j-api/2.24.3/log4j-api-2.24.3.jar:/Users/amakessie/.m2/repository/org/slf4j/jul-to-slf4j/2.0.17/jul-to-slf4j-2.0.17.jar:/Users/amakessie/.m2/repository/jakarta/annotation/jakarta.annotation-api/2.1.1/jakarta.annotation-api-2.1.1.jar:/Users/amakessie/.m2/repository/org/yaml/snakeyaml/2.3/snakeyaml-2.3.jar:/Users/amakessie/.m2/repository/org/springframework/boot/spring-boot-actuator-autoconfigure/3.4.7/spring-boot-actuator-autoconfigure-3.4.7.jar:/Users/amakessie/.m2/repository/org/springframework/boot/spring-boot-actuator/3.4.7/spring-boot-actuator-3.4.7.jar:/Users/amakessie/.m2/repository/com/fasterxml/jackson/datatype/jackson-datatype-jsr310/2.18.4/jackson-datatype-jsr310-2.18.4.jar:/Users/amakessie/.m2/repository/io/micrometer/micrometer-observation/1.14.8/micrometer-observation-1.14.8.jar:/Users/amakessie/.m2/repository/io/micrometer/micrometer-commons/1.14.8/micrometer-commons-1.14.8.jar:/Users/amakessie/.m2/repository/io/micrometer/micrometer-jakarta9/1.14.8/micrometer-jakarta9-1.14.8.jar:/Users/amakessie/.m2/repository/io/micrometer/micrometer-core/1.14.8/micrometer-core-1.14.8.jar:/Users/amakessie/.m2/repository/org/hdrhistogram/HdrHistogram/2.2.2/HdrHistogram-2.2.2.jar:/Users/amakessie/.m2/repository/org/latencyutils/LatencyUtils/2.0.3/LatencyUtils-2.0.3.jar:/Users/amakessie/.m2/repository/org/springframework/boot/spring-boot-starter-data-jpa/3.4.7/spring-boot-starter-data-jpa-3.4.7.jar:/Users/amakessie/.m2/repository/org/springframework/boot/spring-boot-starter-jdbc/3.4.7/spring-boot-starter-jdbc-3.4.7.jar:/Users/amakessie/.m2/repository/com/zaxxer/HikariCP/5.1.0/HikariCP-5.1.0.jar:/Users/amakessie/.m2/repository/org/springframework/spring-jdbc/6.2.8/spring-jdbc-6.2.8.jar:/Users/amakessie/.m2/repository/org/hibernate/orm/hibernate-core/6.6.18.Final/hibernate-core-6.6.18.Final.jar:/Users/amakessie/.m2/repository/jakarta/persistence/jakarta.persistence-api/3.1.0/jakarta.persistence-api-3.1.0.jar:/Users/amakessie/.m2/repository/jakarta/transaction/jakarta.transaction-api/2.0.1/jakarta.transaction-api-2.0.1.jar:/Users/amakessie/.m2/repository/org/jboss/logging/jboss-logging/3.6.1.Final/jboss-logging-3.6.1.Final.jar:/Users/amakessie/.m2/repository/org/hibernate/common/hibernate-commons-annotations/7.0.3.Final/hibernate-commons-annotations-7.0.3.Final.jar:/Users/amakessie/.m2/repository/io/smallrye/jandex/3.2.0/jandex-3.2.0.jar:/Users/amakessie/.m2/repository/com/fasterxml/classmate/1.7.0/classmate-1.7.0.jar:/Users/amakessie/.m2/repository/net/bytebuddy/byte-buddy/1.15.11/byte-buddy-1.15.11.jar:/Users/amakessie/.m2/repository/org/glassfish/jaxb/jaxb-runtime/4.0.5/jaxb-runtime-4.0.5.jar:/Users/amakessie/.m2/repository/org/glassfish/jaxb/jaxb-core/4.0.5/jaxb-core-4.0.5.jar:/Users/amakessie/.m2/repository/org/glassfish/jaxb/txw2/4.0.5/txw2-4.0.5.jar:/Users/amakessie/.m2/repository/com/sun/istack/istack-commons-runtime/4.1.2/istack-commons-runtime-4.1.2.jar:/Users/amakessie/.m2/repository/jakarta/inject/jakarta.inject-api/2.0.1/jakarta.inject-api-2.0.1.jar:/Users/amakessie/.m2/repository/org/antlr/antlr4-runtime/4.13.0/antlr4-runtime-4.13.0.jar:/Users/amakessie/.m2/repository/org/springframework/data/spring-data-jpa/3.4.7/spring-data-jpa-3.4.7.jar:/Users/amakessie/.m2/repository/org/springframework/data/spring-data-commons/3.4.7/spring-data-commons-3.4.7.jar:/Users/amakessie/.m2/repository/org/springframework/spring-orm/6.2.8/spring-orm-6.2.8.jar:/Users/amakessie/.m2/repository/org/springframework/spring-context/6.2.8/spring-context-6.2.8.jar:/Users/amakessie/.m2/repository/org/springframework/spring-tx/6.2.8/spring-tx-6.2.8.jar:/Users/amakessie/.m2/repository/org/springframework/spring-beans/6.2.8/spring-beans-6.2.8.jar:/Users/amakessie/.m2/repository/org/slf4j/slf4j-api/2.0.17/slf4j-api-2.0.17.jar:/Users/amakessie/.m2/repository/org/springframework/spring-aspects/6.2.8/spring-aspects-6.2.8.jar:/Users/amakessie/.m2/repository/org/aspectj/aspectjweaver/1.9.24/aspectjweaver-1.9.24.jar:/Users/amakessie/.m2/repository/org/springframework/boot/spring-boot-starter-web/3.4.7/spring-boot-starter-web-3.4.7.jar:/Users/amakessie/.m2/repository/org/springframework/boot/spring-boot-starter-json/3.4.7/spring-boot-starter-json-3.4.7.jar:/Users/amakessie/.m2/repository/com/fasterxml/jackson/datatype/jackson-datatype-jdk8/2.18.4/jackson-datatype-jdk8-2.18.4.jar:/Users/amakessie/.m2/repository/com/fasterxml/jackson/module/jackson-module-parameter-names/2.18.4/jackson-module-parameter-names-2.18.4.jar:/Users/amakessie/.m2/repository/org/springframework/boot/spring-boot-starter-tomcat/3.4.7/spring-boot-starter-tomcat-3.4.7.jar:/Users/amakessie/.m2/repository/org/apache/tomcat/embed/tomcat-embed-core/10.1.42/tomcat-embed-core-10.1.42.jar:/Users/amakessie/.m2/repository/org/apache/tomcat/embed/tomcat-embed-el/10.1.42/tomcat-embed-el-10.1.42.jar:/Users/amakessie/.m2/repository/org/apache/tomcat/embed/tomcat-embed-websocket/10.1.42/tomcat-embed-websocket-10.1.42.jar:/Users/amakessie/.m2/repository/org/springframework/spring-web/6.2.8/spring-web-6.2.8.jar:/Users/amakessie/.m2/repository/org/springframework/spring-webmvc/6.2.8/spring-webmvc-6.2.8.jar:/Users/amakessie/.m2/repository/org/springframework/spring-expression/6.2.8/spring-expression-6.2.8.jar:/Users/amakessie/.m2/repository/org/springframework/boot/spring-boot-starter-security/3.4.7/spring-boot-starter-security-3.4.7.jar:/Users/amakessie/.m2/repository/org/springframework/spring-aop/6.2.8/spring-aop-6.2.8.jar:/Users/amakessie/.m2/repository/org/springframework/security/spring-security-config/6.4.7/spring-security-config-6.4.7.jar:/Users/amakessie/.m2/repository/org/springframework/security/spring-security-core/6.4.7/spring-security-core-6.4.7.jar:/Users/amakessie/.m2/repository/org/springframework/security/spring-security-crypto/6.4.7/spring-security-crypto-6.4.7.jar:/Users/amakessie/.m2/repository/org/springframework/security/spring-security-web/6.4.7/spring-security-web-6.4.7.jar:/Users/amakessie/.m2/repository/org/postgresql/postgresql/42.7.7/postgresql-42.7.7.jar:/Users/amakessie/.m2/repository/org/checkerframework/checker-qual/3.49.3/checker-qual-3.49.3.jar:/Users/amakessie/.m2/repository/org/projectlombok/lombok/1.18.38/lombok-1.18.38.jar:/Users/amakessie/.m2/repository/org/springframework/boot/spring-boot-starter-test/3.4.7/spring-boot-starter-test-3.4.7.jar:/Users/amakessie/.m2/repository/org/springframework/boot/spring-boot-test/3.4.7/spring-boot-test-3.4.7.jar:/Users/amakessie/.m2/repository/org/springframework/boot/spring-boot-test-autoconfigure/3.4.7/spring-boot-test-autoconfigure-3.4.7.jar:/Users/amakessie/.m2/repository/com/jayway/jsonpath/json-path/2.9.0/json-path-2.9.0.jar:/Users/amakessie/.m2/repository/jakarta/xml/bind/jakarta.xml.bind-api/4.0.2/jakarta.xml.bind-api-4.0.2.jar:/Users/amakessie/.m2/repository/jakarta/activation/jakarta.activation-api/2.1.3/jakarta.activation-api-2.1.3.jar:/Users/amakessie/.m2/repository/net/minidev/json-smart/2.5.2/json-smart-2.5.2.jar:/Users/amakessie/.m2/repository/net/minidev/accessors-smart/2.5.2/accessors-smart-2.5.2.jar:/Users/amakessie/.m2/repository/org/ow2/asm/asm/9.7.1/asm-9.7.1.jar:/Users/amakessie/.m2/repository/org/assertj/assertj-core/3.26.3/assertj-core-3.26.3.jar:/Users/amakessie/.m2/repository/org/awaitility/awaitility/4.2.2/awaitility-4.2.2.jar:/Users/amakessie/.m2/repository/org/hamcrest/hamcrest/2.2/hamcrest-2.2.jar:/Users/amakessie/.m2/repository/org/junit/jupiter/junit-jupiter/5.11.4/junit-jupiter-5.11.4.jar:/Users/amakessie/.m2/repository/org/junit/jupiter/junit-jupiter-api/5.11.4/junit-jupiter-api-5.11.4.jar:/Users/amakessie/.m2/repository/org/opentest4j/opentest4j/1.3.0/opentest4j-1.3.0.jar:/Users/amakessie/.m2/repository/org/junit/platform/junit-platform-commons/1.11.4/junit-platform-commons-1.11.4.jar:/Users/amakessie/.m2/repository/org/apiguardian/apiguardian-api/1.1.2/apiguardian-api-1.1.2.jar:/Users/amakessie/.m2/repository/org/junit/jupiter/junit-jupiter-params/5.11.4/junit-jupiter-params-5.11.4.jar:/Users/amakessie/.m2/repository/org/junit/jupiter/junit-jupiter-engine/5.11.4/junit-jupiter-engine-5.11.4.jar:/Users/amakessie/.m2/repository/org/junit/platform/junit-platform-engine/1.11.4/junit-platform-engine-1.11.4.jar:/Users/amakessie/.m2/repository/org/mockito/mockito-core/5.14.2/mockito-core-5.14.2.jar:/Users/amakessie/.m2/repository/net/bytebuddy/byte-buddy-agent/1.15.11/byte-buddy-agent-1.15.11.jar:/Users/amakessie/.m2/repository/org/objenesis/objenesis/3.3/objenesis-3.3.jar:/Users/amakessie/.m2/repository/org/mockito/mockito-junit-jupiter/5.14.2/mockito-junit-jupiter-5.14.2.jar:/Users/amakessie/.m2/repository/org/skyscreamer/jsonassert/1.5.3/jsonassert-1.5.3.jar:/Users/amakessie/.m2/repository/com/vaadin/external/google/android-json/0.0.20131108.vaadin1/android-json-0.0.20131108.vaadin1.jar:/Users/amakessie/.m2/repository/org/springframework/spring-core/6.2.8/spring-core-6.2.8.jar:/Users/amakessie/.m2/repository/org/springframework/spring-jcl/6.2.8/spring-jcl-6.2.8.jar:/Users/amakessie/.m2/repository/org/springframework/spring-test/6.2.8/spring-test-6.2.8.jar:/Users/amakessie/.m2/repository/org/xmlunit/xmlunit-core/2.10.2/xmlunit-core-2.10.2.jar:/Users/amakessie/.m2/repository/io/jsonwebtoken/jjwt-api/0.11.5/jjwt-api-0.11.5.jar:/Users/amakessie/.m2/repository/io/jsonwebtoken/jjwt-impl/0.11.5/jjwt-impl-0.11.5.jar:/Users/amakessie/.m2/repository/io/jsonwebtoken/jjwt-jackson/0.11.5/jjwt-jackson-0.11.5.jar:/Users/amakessie/.m2/repository/com/fasterxml/jackson/core/jackson-databind/2.18.4/jackson-databind-2.18.4.jar:/Users/amakessie/.m2/repository/com/fasterxml/jackson/core/jackson-annotations/2.18.4/jackson-annotations-2.18.4.jar:/Users/amakessie/.m2/repository/com/fasterxml/jackson/core/jackson-core/2.18.4.1/jackson-core-2.18.4.1.jar:/Users/amakessie/.m2/repository/com/liferay/portal/com.liferay.portal.kernel/4.27.1/com.liferay.portal.kernel-4.27.1.jar:/Users/amakessie/.m2/repository/org/springframework/boot/spring-boot-starter-mail/3.4.7/spring-boot-starter-mail-3.4.7.jar:/Users/amakessie/.m2/repository/org/springframework/spring-context-support/6.2.8/spring-context-support-6.2.8.jar:/Users/amakessie/.m2/repository/org/eclipse/angus/jakarta.mail/2.0.3/jakarta.mail-2.0.3.jar:/Users/amakessie/.m2/repository/org/eclipse/angus/angus-activation/2.0.2/angus-activation-2.0.2.jar:"/>
    <property name="java.vm.vendor" value="Homebrew"/>
    <property name="sun.arch.data.model" value="64"/>
    <property name="java.vendor.url" value="https://github.com/Homebrew/homebrew-core/issues"/>
    <property name="user.timezone" value="Africa/Accra"/>
    <property name="org.jboss.logging.provider" value="slf4j"/>
    <property name="os.name" value="Mac OS X"/>
    <property name="java.vm.specification.version" value="24"/>
    <property name="sun.java.launcher" value="SUN_STANDARD"/>
    <property name="user.country" value="AU"/>
    <property name="sun.boot.library.path" value="/usr/local/Cellar/openjdk/24.0.1/libexec/openjdk.jdk/Contents/Home/lib"/>
    <property name="sun.java.command" value="/Users/amakessie/Desktop/Mobile-App-Dev-53/backend/target/surefire/surefirebooter-20250728175639683_3.jar /Users/amakessie/Desktop/Mobile-App-Dev-53/backend/target/surefire 2025-07-28T17-56-39_419-jvmRun1 surefire-20250728175639683_1tmp surefire_0-20250728175639683_2tmp"/>
    <property name="http.nonProxyHosts" value="local|*.local|169.254/16|*.169.254/16"/>
    <property name="jdk.debug" value="release"/>
    <property name="surefire.test.class.path" value="/Users/amakessie/Desktop/Mobile-App-Dev-53/backend/target/test-classes:/Users/amakessie/Desktop/Mobile-App-Dev-53/backend/target/classes:/Users/amakessie/.m2/repository/org/springframework/boot/spring-boot-starter-actuator/3.4.7/spring-boot-starter-actuator-3.4.7.jar:/Users/amakessie/.m2/repository/org/springframework/boot/spring-boot-starter/3.4.7/spring-boot-starter-3.4.7.jar:/Users/amakessie/.m2/repository/org/springframework/boot/spring-boot/3.4.7/spring-boot-3.4.7.jar:/Users/amakessie/.m2/repository/org/springframework/boot/spring-boot-autoconfigure/3.4.7/spring-boot-autoconfigure-3.4.7.jar:/Users/amakessie/.m2/repository/org/springframework/boot/spring-boot-starter-logging/3.4.7/spring-boot-starter-logging-3.4.7.jar:/Users/amakessie/.m2/repository/ch/qos/logback/logback-classic/1.5.18/logback-classic-1.5.18.jar:/Users/amakessie/.m2/repository/ch/qos/logback/logback-core/1.5.18/logback-core-1.5.18.jar:/Users/amakessie/.m2/repository/org/apache/logging/log4j/log4j-to-slf4j/2.24.3/log4j-to-slf4j-2.24.3.jar:/Users/amakessie/.m2/repository/org/apache/logging/log4j/log4j-api/2.24.3/log4j-api-2.24.3.jar:/Users/amakessie/.m2/repository/org/slf4j/jul-to-slf4j/2.0.17/jul-to-slf4j-2.0.17.jar:/Users/amakessie/.m2/repository/jakarta/annotation/jakarta.annotation-api/2.1.1/jakarta.annotation-api-2.1.1.jar:/Users/amakessie/.m2/repository/org/yaml/snakeyaml/2.3/snakeyaml-2.3.jar:/Users/amakessie/.m2/repository/org/springframework/boot/spring-boot-actuator-autoconfigure/3.4.7/spring-boot-actuator-autoconfigure-3.4.7.jar:/Users/amakessie/.m2/repository/org/springframework/boot/spring-boot-actuator/3.4.7/spring-boot-actuator-3.4.7.jar:/Users/amakessie/.m2/repository/com/fasterxml/jackson/datatype/jackson-datatype-jsr310/2.18.4/jackson-datatype-jsr310-2.18.4.jar:/Users/amakessie/.m2/repository/io/micrometer/micrometer-observation/1.14.8/micrometer-observation-1.14.8.jar:/Users/amakessie/.m2/repository/io/micrometer/micrometer-commons/1.14.8/micrometer-commons-1.14.8.jar:/Users/amakessie/.m2/repository/io/micrometer/micrometer-jakarta9/1.14.8/micrometer-jakarta9-1.14.8.jar:/Users/amakessie/.m2/repository/io/micrometer/micrometer-core/1.14.8/micrometer-core-1.14.8.jar:/Users/amakessie/.m2/repository/org/hdrhistogram/HdrHistogram/2.2.2/HdrHistogram-2.2.2.jar:/Users/amakessie/.m2/repository/org/latencyutils/LatencyUtils/2.0.3/LatencyUtils-2.0.3.jar:/Users/amakessie/.m2/repository/org/springframework/boot/spring-boot-starter-data-jpa/3.4.7/spring-boot-starter-data-jpa-3.4.7.jar:/Users/amakessie/.m2/repository/org/springframework/boot/spring-boot-starter-jdbc/3.4.7/spring-boot-starter-jdbc-3.4.7.jar:/Users/amakessie/.m2/repository/com/zaxxer/HikariCP/5.1.0/HikariCP-5.1.0.jar:/Users/amakessie/.m2/repository/org/springframework/spring-jdbc/6.2.8/spring-jdbc-6.2.8.jar:/Users/amakessie/.m2/repository/org/hibernate/orm/hibernate-core/6.6.18.Final/hibernate-core-6.6.18.Final.jar:/Users/amakessie/.m2/repository/jakarta/persistence/jakarta.persistence-api/3.1.0/jakarta.persistence-api-3.1.0.jar:/Users/amakessie/.m2/repository/jakarta/transaction/jakarta.transaction-api/2.0.1/jakarta.transaction-api-2.0.1.jar:/Users/amakessie/.m2/repository/org/jboss/logging/jboss-logging/3.6.1.Final/jboss-logging-3.6.1.Final.jar:/Users/amakessie/.m2/repository/org/hibernate/common/hibernate-commons-annotations/7.0.3.Final/hibernate-commons-annotations-7.0.3.Final.jar:/Users/amakessie/.m2/repository/io/smallrye/jandex/3.2.0/jandex-3.2.0.jar:/Users/amakessie/.m2/repository/com/fasterxml/classmate/1.7.0/classmate-1.7.0.jar:/Users/amakessie/.m2/repository/net/bytebuddy/byte-buddy/1.15.11/byte-buddy-1.15.11.jar:/Users/amakessie/.m2/repository/org/glassfish/jaxb/jaxb-runtime/4.0.5/jaxb-runtime-4.0.5.jar:/Users/amakessie/.m2/repository/org/glassfish/jaxb/jaxb-core/4.0.5/jaxb-core-4.0.5.jar:/Users/amakessie/.m2/repository/org/glassfish/jaxb/txw2/4.0.5/txw2-4.0.5.jar:/Users/amakessie/.m2/repository/com/sun/istack/istack-commons-runtime/4.1.2/istack-commons-runtime-4.1.2.jar:/Users/amakessie/.m2/repository/jakarta/inject/jakarta.inject-api/2.0.1/jakarta.inject-api-2.0.1.jar:/Users/amakessie/.m2/repository/org/antlr/antlr4-runtime/4.13.0/antlr4-runtime-4.13.0.jar:/Users/amakessie/.m2/repository/org/springframework/data/spring-data-jpa/3.4.7/spring-data-jpa-3.4.7.jar:/Users/amakessie/.m2/repository/org/springframework/data/spring-data-commons/3.4.7/spring-data-commons-3.4.7.jar:/Users/amakessie/.m2/repository/org/springframework/spring-orm/6.2.8/spring-orm-6.2.8.jar:/Users/amakessie/.m2/repository/org/springframework/spring-context/6.2.8/spring-context-6.2.8.jar:/Users/amakessie/.m2/repository/org/springframework/spring-tx/6.2.8/spring-tx-6.2.8.jar:/Users/amakessie/.m2/repository/org/springframework/spring-beans/6.2.8/spring-beans-6.2.8.jar:/Users/amakessie/.m2/repository/org/slf4j/slf4j-api/2.0.17/slf4j-api-2.0.17.jar:/Users/amakessie/.m2/repository/org/springframework/spring-aspects/6.2.8/spring-aspects-6.2.8.jar:/Users/amakessie/.m2/repository/org/aspectj/aspectjweaver/1.9.24/aspectjweaver-1.9.24.jar:/Users/amakessie/.m2/repository/org/springframework/boot/spring-boot-starter-web/3.4.7/spring-boot-starter-web-3.4.7.jar:/Users/amakessie/.m2/repository/org/springframework/boot/spring-boot-starter-json/3.4.7/spring-boot-starter-json-3.4.7.jar:/Users/amakessie/.m2/repository/com/fasterxml/jackson/datatype/jackson-datatype-jdk8/2.18.4/jackson-datatype-jdk8-2.18.4.jar:/Users/amakessie/.m2/repository/com/fasterxml/jackson/module/jackson-module-parameter-names/2.18.4/jackson-module-parameter-names-2.18.4.jar:/Users/amakessie/.m2/repository/org/springframework/boot/spring-boot-starter-tomcat/3.4.7/spring-boot-starter-tomcat-3.4.7.jar:/Users/amakessie/.m2/repository/org/apache/tomcat/embed/tomcat-embed-core/10.1.42/tomcat-embed-core-10.1.42.jar:/Users/amakessie/.m2/repository/org/apache/tomcat/embed/tomcat-embed-el/10.1.42/tomcat-embed-el-10.1.42.jar:/Users/amakessie/.m2/repository/org/apache/tomcat/embed/tomcat-embed-websocket/10.1.42/tomcat-embed-websocket-10.1.42.jar:/Users/amakessie/.m2/repository/org/springframework/spring-web/6.2.8/spring-web-6.2.8.jar:/Users/amakessie/.m2/repository/org/springframework/spring-webmvc/6.2.8/spring-webmvc-6.2.8.jar:/Users/amakessie/.m2/repository/org/springframework/spring-expression/6.2.8/spring-expression-6.2.8.jar:/Users/amakessie/.m2/repository/org/springframework/boot/spring-boot-starter-security/3.4.7/spring-boot-starter-security-3.4.7.jar:/Users/amakessie/.m2/repository/org/springframework/spring-aop/6.2.8/spring-aop-6.2.8.jar:/Users/amakessie/.m2/repository/org/springframework/security/spring-security-config/6.4.7/spring-security-config-6.4.7.jar:/Users/amakessie/.m2/repository/org/springframework/security/spring-security-core/6.4.7/spring-security-core-6.4.7.jar:/Users/amakessie/.m2/repository/org/springframework/security/spring-security-crypto/6.4.7/spring-security-crypto-6.4.7.jar:/Users/amakessie/.m2/repository/org/springframework/security/spring-security-web/6.4.7/spring-security-web-6.4.7.jar:/Users/amakessie/.m2/repository/org/postgresql/postgresql/42.7.7/postgresql-42.7.7.jar:/Users/amakessie/.m2/repository/org/checkerframework/checker-qual/3.49.3/checker-qual-3.49.3.jar:/Users/amakessie/.m2/repository/org/projectlombok/lombok/1.18.38/lombok-1.18.38.jar:/Users/amakessie/.m2/repository/org/springframework/boot/spring-boot-starter-test/3.4.7/spring-boot-starter-test-3.4.7.jar:/Users/amakessie/.m2/repository/org/springframework/boot/spring-boot-test/3.4.7/spring-boot-test-3.4.7.jar:/Users/amakessie/.m2/repository/org/springframework/boot/spring-boot-test-autoconfigure/3.4.7/spring-boot-test-autoconfigure-3.4.7.jar:/Users/amakessie/.m2/repository/com/jayway/jsonpath/json-path/2.9.0/json-path-2.9.0.jar:/Users/amakessie/.m2/repository/jakarta/xml/bind/jakarta.xml.bind-api/4.0.2/jakarta.xml.bind-api-4.0.2.jar:/Users/amakessie/.m2/repository/jakarta/activation/jakarta.activation-api/2.1.3/jakarta.activation-api-2.1.3.jar:/Users/amakessie/.m2/repository/net/minidev/json-smart/2.5.2/json-smart-2.5.2.jar:/Users/amakessie/.m2/repository/net/minidev/accessors-smart/2.5.2/accessors-smart-2.5.2.jar:/Users/amakessie/.m2/repository/org/ow2/asm/asm/9.7.1/asm-9.7.1.jar:/Users/amakessie/.m2/repository/org/assertj/assertj-core/3.26.3/assertj-core-3.26.3.jar:/Users/amakessie/.m2/repository/org/awaitility/awaitility/4.2.2/awaitility-4.2.2.jar:/Users/amakessie/.m2/repository/org/hamcrest/hamcrest/2.2/hamcrest-2.2.jar:/Users/amakessie/.m2/repository/org/junit/jupiter/junit-jupiter/5.11.4/junit-jupiter-5.11.4.jar:/Users/amakessie/.m2/repository/org/junit/jupiter/junit-jupiter-api/5.11.4/junit-jupiter-api-5.11.4.jar:/Users/amakessie/.m2/repository/org/opentest4j/opentest4j/1.3.0/opentest4j-1.3.0.jar:/Users/amakessie/.m2/repository/org/junit/platform/junit-platform-commons/1.11.4/junit-platform-commons-1.11.4.jar:/Users/amakessie/.m2/repository/org/apiguardian/apiguardian-api/1.1.2/apiguardian-api-1.1.2.jar:/Users/amakessie/.m2/repository/org/junit/jupiter/junit-jupiter-params/5.11.4/junit-jupiter-params-5.11.4.jar:/Users/amakessie/.m2/repository/org/junit/jupiter/junit-jupiter-engine/5.11.4/junit-jupiter-engine-5.11.4.jar:/Users/amakessie/.m2/repository/org/junit/platform/junit-platform-engine/1.11.4/junit-platform-engine-1.11.4.jar:/Users/amakessie/.m2/repository/org/mockito/mockito-core/5.14.2/mockito-core-5.14.2.jar:/Users/amakessie/.m2/repository/net/bytebuddy/byte-buddy-agent/1.15.11/byte-buddy-agent-1.15.11.jar:/Users/amakessie/.m2/repository/org/objenesis/objenesis/3.3/objenesis-3.3.jar:/Users/amakessie/.m2/repository/org/mockito/mockito-junit-jupiter/5.14.2/mockito-junit-jupiter-5.14.2.jar:/Users/amakessie/.m2/repository/org/skyscreamer/jsonassert/1.5.3/jsonassert-1.5.3.jar:/Users/amakessie/.m2/repository/com/vaadin/external/google/android-json/0.0.20131108.vaadin1/android-json-0.0.20131108.vaadin1.jar:/Users/amakessie/.m2/repository/org/springframework/spring-core/6.2.8/spring-core-6.2.8.jar:/Users/amakessie/.m2/repository/org/springframework/spring-jcl/6.2.8/spring-jcl-6.2.8.jar:/Users/amakessie/.m2/repository/org/springframework/spring-test/6.2.8/spring-test-6.2.8.jar:/Users/amakessie/.m2/repository/org/xmlunit/xmlunit-core/2.10.2/xmlunit-core-2.10.2.jar:/Users/amakessie/.m2/repository/io/jsonwebtoken/jjwt-api/0.11.5/jjwt-api-0.11.5.jar:/Users/amakessie/.m2/repository/io/jsonwebtoken/jjwt-impl/0.11.5/jjwt-impl-0.11.5.jar:/Users/amakessie/.m2/repository/io/jsonwebtoken/jjwt-jackson/0.11.5/jjwt-jackson-0.11.5.jar:/Users/amakessie/.m2/repository/com/fasterxml/jackson/core/jackson-databind/2.18.4/jackson-databind-2.18.4.jar:/Users/amakessie/.m2/repository/com/fasterxml/jackson/core/jackson-annotations/2.18.4/jackson-annotations-2.18.4.jar:/Users/amakessie/.m2/repository/com/fasterxml/jackson/core/jackson-core/2.18.4.1/jackson-core-2.18.4.1.jar:/Users/amakessie/.m2/repository/com/liferay/portal/com.liferay.portal.kernel/4.27.1/com.liferay.portal.kernel-4.27.1.jar:/Users/amakessie/.m2/repository/org/springframework/boot/spring-boot-starter-mail/3.4.7/spring-boot-starter-mail-3.4.7.jar:/Users/amakessie/.m2/repository/org/springframework/spring-context-support/6.2.8/spring-context-support-6.2.8.jar:/Users/amakessie/.m2/repository/org/eclipse/angus/jakarta.mail/2.0.3/jakarta.mail-2.0.3.jar:/Users/amakessie/.m2/repository/org/eclipse/angus/angus-activation/2.0.2/angus-activation-2.0.2.jar:"/>
    <property name="sun.cpu.endian" value="little"/>
    <property name="user.home" value="/Users/amakessie"/>
    <property name="user.language" value="en"/>
    <property name="java.specification.vendor" value="Oracle Corporation"/>
    <property name="java.version.date" value="2025-04-15"/>
    <property name="java.home" value="/usr/local/Cellar/openjdk/24.0.1/libexec/openjdk.jdk/Contents/Home"/>
    <property name="file.separator" value="/"/>
    <property name="basedir" value="/Users/amakessie/Desktop/Mobile-App-Dev-53/backend"/>
    <property name="java.vm.compressedOopsMode" value="Zero based"/>
    <property name="line.separator" value="&#10;"/>
    <property name="java.vm.specification.vendor" value="Oracle Corporation"/>
    <property name="java.specification.name" value="Java Platform API Specification"/>
    <property name="FILE_LOG_CHARSET" value="UTF-8"/>
    <property name="java.awt.headless" value="true"/>
    <property name="apple.awt.application.name" value="ForkedBooter"/>
    <property name="surefire.real.class.path" value="/Users/amakessie/Desktop/Mobile-App-Dev-53/backend/target/surefire/surefirebooter-20250728175639683_3.jar"/>
    <property name="sun.management.compiler" value="HotSpot 64-Bit Tiered Compilers"/>
    <property name="ftp.nonProxyHosts" value="local|*.local|169.254/16|*.169.254/16"/>
    <property name="java.runtime.version" value="24.0.1"/>
    <property name="user.name" value="amakessie"/>
    <property name="stdout.encoding" value="UTF-8"/>
    <property name="path.separator" value=":"/>
    <property name="os.version" value="14.7.6"/>
    <property name="java.runtime.name" value="OpenJDK Runtime Environment"/>
    <property name="file.encoding" value="UTF-8"/>
    <property name="java.vm.name" value="OpenJDK 64-Bit Server VM"/>
    <property name="java.vendor.version" value="Homebrew"/>
    <property name="localRepository" value="/Users/amakessie/.m2/repository"/>
    <property name="java.vendor.url.bug" value="https://github.com/Homebrew/homebrew-core/issues"/>
    <property name="java.io.tmpdir" value="/var/folders/mg/tyv9pcwd7_1_wq91sr9z9frc0000gn/T/"/>
    <property name="com.zaxxer.hikari.pool_number" value="1"/>
    <property name="java.version" value="24.0.1"/>
    <property name="user.dir" value="/Users/amakessie/Desktop/Mobile-App-Dev-53/backend"/>
    <property name="os.arch" value="x86_64"/>
    <property name="java.vm.specification.name" value="Java Virtual Machine Specification"/>
    <property name="PID" value="41266"/>
    <property name="CONSOLE_LOG_CHARSET" value="UTF-8"/>
    <property name="native.encoding" value="UTF-8"/>
    <property name="java.library.path" value="/Users/amakessie/Library/Java/Extensions:/Library/Java/Extensions:/Network/Library/Java/Extensions:/System/Library/Java/Extensions:/usr/lib/java:."/>
    <property name="java.vm.info" value="mixed mode, sharing"/>
    <property name="stderr.encoding" value="UTF-8"/>
    <property name="java.vendor" value="Homebrew"/>
    <property name="java.vm.version" value="24.0.1"/>
    <property name="sun.io.unicode.encoding" value="UnicodeBig"/>
    <property name="socksNonProxyHosts" value="local|*.local|169.254/16|*.169.254/16"/>
    <property name="java.class.version" value="68.0"/>
  </properties>
  <testcase name="contextLoads" classname="com.taskhive.taskhive_backend.TaskhiveBackendApplicationTests" time="1.325">
    <system-out><![CDATA[17:56:43.283 [main] INFO org.springframework.test.context.support.AnnotationConfigContextLoaderUtils -- Could not detect default configuration classes for test class [com.taskhive.taskhive_backend.TaskhiveBackendApplicationTests]: TaskhiveBackendApplicationTests does not declare any static, non-private, non-final, nested classes annotated with @Configuration.
17:56:43.678 [main] INFO org.springframework.boot.test.context.SpringBootTestContextBootstrapper -- Found @SpringBootConfiguration com.taskhive.taskhive_backend.TaskhiveBackendApplication for test class com.taskhive.taskhive_backend.TaskhiveBackendApplicationTests

  .   ____          _            __ _ _
 /\\ / ___'_ __ _ _(_)_ __  __ _ \ \ \ \
( ( )\___ | '_ | '_| | '_ \/ _` | \ \ \ \
 \\/  ___)| |_)| | | | | || (_| |  ) ) ) )
  '  |____| .__|_| |_|_| |_\__, | / / / /
 =========|_|==============|___/=/_/_/_/

 :: Spring Boot ::                (v3.4.7)

2025-07-28T17:56:44.890Z  INFO 41266 --- [           main] c.t.t.TaskhiveBackendApplicationTests    : Starting TaskhiveBackendApplicationTests using Java 24.0.1 with PID 41266 (started by amakessie in /Users/amakessie/Desktop/Mobile-App-Dev-53/backend)
2025-07-28T17:56:44.893Z  INFO 41266 --- [           main] c.t.t.TaskhiveBackendApplicationTests    : No active profile set, falling back to 1 default profile: "default"
2025-07-28T17:56:45.018Z DEBUG 41266 --- [           main] o.s.w.c.s.GenericWebApplicationContext   : Refreshing org.springframework.web.context.support.GenericWebApplicationContext@70e659aa
2025-07-28T17:56:47.613Z  INFO 41266 --- [           main] .s.d.r.c.RepositoryConfigurationDelegate : Bootstrapping Spring Data JPA repositories in DEFAULT mode.
2025-07-28T17:56:47.932Z  INFO 41266 --- [           main] .s.d.r.c.RepositoryConfigurationDelegate : Finished Spring Data repository scanning in 252 ms. Found 8 JPA repository interfaces.
2025-07-28T17:56:49.311Z  INFO 41266 --- [           main] o.hibernate.jpa.internal.util.LogHelper  : HHH000204: Processing PersistenceUnitInfo [name: default]
2025-07-28T17:56:49.473Z  INFO 41266 --- [           main] org.hibernate.Version                    : HHH000412: Hibernate ORM core version 6.6.18.Final
2025-07-28T17:56:49.567Z  INFO 41266 --- [           main] o.h.c.internal.RegionFactoryInitiator    : HHH000026: Second-level cache disabled
2025-07-28T17:56:51.132Z  INFO 41266 --- [           main] o.s.o.j.p.SpringPersistenceUnitInfo      : No LoadTimeWeaver setup: ignoring JPA class transformer
2025-07-28T17:56:51.237Z  INFO 41266 --- [           main] com.zaxxer.hikari.HikariDataSource       : HikariPool-1 - Starting...
2025-07-28T17:56:52.157Z  INFO 41266 --- [           main] com.zaxxer.hikari.pool.HikariPool        : HikariPool-1 - Added connection org.postgresql.jdbc.PgConnection@3fd5d679
2025-07-28T17:56:52.160Z  INFO 41266 --- [           main] com.zaxxer.hikari.HikariDataSource       : HikariPool-1 - Start completed.
2025-07-28T17:56:52.291Z  WARN 41266 --- [           main] org.hibernate.orm.deprecation            : HHH90000025: PostgreSQLDialect does not need to be specified explicitly using 'hibernate.dialect' (remove the property setting and it will be selected by default)
2025-07-28T17:56:52.334Z  INFO 41266 --- [           main] org.hibernate.orm.connections.pooling    : HHH10001005: Database info:
	Database JDBC URL [Connecting through datasource 'HikariDataSource (HikariPool-1)']
	Database driver: undefined/unknown
	Database version: 17.5
	Autocommit mode: undefined/unknown
	Isolation level: undefined/unknown
	Minimum pool size: undefined/unknown
	Maximum pool size: undefined/unknown
2025-07-28T17:56:54.759Z  INFO 41266 --- [           main] o.h.e.t.j.p.i.JtaPlatformInitiator       : HHH000489: No JTA platform available (set 'hibernate.transaction.jta.platform' to enable JTA platform integration)
2025-07-28T17:56:56.912Z DEBUG 41266 --- [           main] org.hibernate.SQL                        : alter table if exists public.comments add constraint FKfgghtkf2fogfrehxgtn8572ae foreign key (card_id) references public.card
Hibernate: alter table if exists public.comments add constraint FKfgghtkf2fogfrehxgtn8572ae foreign key (card_id) references public.card
2025-07-28T17:56:56.964Z  WARN 41266 --- [           main] o.h.t.s.i.ExceptionHandlerLoggedImpl     : GenerationTarget encountered exception accepting command : Error executing DDL "alter table if exists public.comments add constraint FKfgghtkf2fogfrehxgtn8572ae foreign key (card_id) references public.card" via JDBC [ERROR: insert or update on table "comments" violates foreign key constraint "fkfgghtkf2fogfrehxgtn8572ae"
  Detail: Key (card_id)=(4) is not present in table "card".]

org.hibernate.tool.schema.spi.CommandAcceptanceException: Error executing DDL "alter table if exists public.comments add constraint FKfgghtkf2fogfrehxgtn8572ae foreign key (card_id) references public.card" via JDBC [ERROR: insert or update on table "comments" violates foreign key constraint "fkfgghtkf2fogfrehxgtn8572ae"
  Detail: Key (card_id)=(4) is not present in table "card".]
	at org.hibernate.tool.schema.internal.exec.GenerationTargetToDatabase.accept(GenerationTargetToDatabase.java:94) ~[hibernate-core-6.6.18.Final.jar:6.6.18.Final]
	at org.hibernate.tool.schema.internal.AbstractSchemaMigrator.applySqlString(AbstractSchemaMigrator.java:576) ~[hibernate-core-6.6.18.Final.jar:6.6.18.Final]
	at org.hibernate.tool.schema.internal.AbstractSchemaMigrator.applySqlStrings(AbstractSchemaMigrator.java:516) ~[hibernate-core-6.6.18.Final.jar:6.6.18.Final]
	at org.hibernate.tool.schema.internal.AbstractSchemaMigrator.applyForeignKeys(AbstractSchemaMigrator.java:448) ~[hibernate-core-6.6.18.Final.jar:6.6.18.Final]
	at org.hibernate.tool.schema.internal.AbstractSchemaMigrator.performMigration(AbstractSchemaMigrator.java:269) ~[hibernate-core-6.6.18.Final.jar:6.6.18.Final]
	at org.hibernate.tool.schema.internal.AbstractSchemaMigrator.doMigration(AbstractSchemaMigrator.java:112) ~[hibernate-core-6.6.18.Final.jar:6.6.18.Final]
	at org.hibernate.tool.schema.spi.SchemaManagementToolCoordinator.performDatabaseAction(SchemaManagementToolCoordinator.java:280) ~[hibernate-core-6.6.18.Final.jar:6.6.18.Final]
	at org.hibernate.tool.schema.spi.SchemaManagementToolCoordinator.lambda$process$5(SchemaManagementToolCoordinator.java:144) ~[hibernate-core-6.6.18.Final.jar:6.6.18.Final]
	at java.base/java.util.HashMap.forEach(HashMap.java:1430) ~[na:na]
	at org.hibernate.tool.schema.spi.SchemaManagementToolCoordinator.process(SchemaManagementToolCoordinator.java:141) ~[hibernate-core-6.6.18.Final.jar:6.6.18.Final]
	at org.hibernate.boot.internal.SessionFactoryObserverForSchemaExport.sessionFactoryCreated(SessionFactoryObserverForSchemaExport.java:37) ~[hibernate-core-6.6.18.Final.jar:6.6.18.Final]
	at org.hibernate.internal.SessionFactoryObserverChain.sessionFactoryCreated(SessionFactoryObserverChain.java:35) ~[hibernate-core-6.6.18.Final.jar:6.6.18.Final]
	at org.hibernate.internal.SessionFactoryImpl.<init>(SessionFactoryImpl.java:324) ~[hibernate-core-6.6.18.Final.jar:6.6.18.Final]
	at org.hibernate.boot.internal.SessionFactoryBuilderImpl.build(SessionFactoryBuilderImpl.java:463) ~[hibernate-core-6.6.18.Final.jar:6.6.18.Final]
	at org.hibernate.jpa.boot.internal.EntityManagerFactoryBuilderImpl.build(EntityManagerFactoryBuilderImpl.java:1517) ~[hibernate-core-6.6.18.Final.jar:6.6.18.Final]
	at org.springframework.orm.jpa.vendor.SpringHibernateJpaPersistenceProvider.createContainerEntityManagerFactory(SpringHibernateJpaPersistenceProvider.java:66) ~[spring-orm-6.2.8.jar:6.2.8]
	at org.springframework.orm.jpa.LocalContainerEntityManagerFactoryBean.createNativeEntityManagerFactory(LocalContainerEntityManagerFactoryBean.java:390) ~[spring-orm-6.2.8.jar:6.2.8]
	at org.springframework.orm.jpa.AbstractEntityManagerFactoryBean.buildNativeEntityManagerFactory(AbstractEntityManagerFactoryBean.java:419) ~[spring-orm-6.2.8.jar:6.2.8]
	at org.springframework.orm.jpa.AbstractEntityManagerFactoryBean.afterPropertiesSet(AbstractEntityManagerFactoryBean.java:400) ~[spring-orm-6.2.8.jar:6.2.8]
	at org.springframework.orm.jpa.LocalContainerEntityManagerFactoryBean.afterPropertiesSet(LocalContainerEntityManagerFactoryBean.java:366) ~[spring-orm-6.2.8.jar:6.2.8]
	at org.springframework.beans.factory.support.AbstractAutowireCapableBeanFactory.invokeInitMethods(AbstractAutowireCapableBeanFactory.java:1873) ~[spring-beans-6.2.8.jar:6.2.8]
	at org.springframework.beans.factory.support.AbstractAutowireCapableBeanFactory.initializeBean(AbstractAutowireCapableBeanFactory.java:1822) ~[spring-beans-6.2.8.jar:6.2.8]
	at org.springframework.beans.factory.support.AbstractAutowireCapableBeanFactory.doCreateBean(AbstractAutowireCapableBeanFactory.java:607) ~[spring-beans-6.2.8.jar:6.2.8]
	at org.springframework.beans.factory.support.AbstractAutowireCapableBeanFactory.createBean(AbstractAutowireCapableBeanFactory.java:529) ~[spring-beans-6.2.8.jar:6.2.8]
	at org.springframework.beans.factory.support.AbstractBeanFactory.lambda$doGetBean$0(AbstractBeanFactory.java:339) ~[spring-beans-6.2.8.jar:6.2.8]
	at org.springframework.beans.factory.support.DefaultSingletonBeanRegistry.getSingleton(DefaultSingletonBeanRegistry.java:373) ~[spring-beans-6.2.8.jar:6.2.8]
	at org.springframework.beans.factory.support.AbstractBeanFactory.doGetBean(AbstractBeanFactory.java:337) ~[spring-beans-6.2.8.jar:6.2.8]
	at org.springframework.beans.factory.support.AbstractBeanFactory.getBean(AbstractBeanFactory.java:207) ~[spring-beans-6.2.8.jar:6.2.8]
	at org.springframework.context.support.AbstractApplicationContext.finishBeanFactoryInitialization(AbstractApplicationContext.java:970) ~[spring-context-6.2.8.jar:6.2.8]
	at org.springframework.context.support.AbstractApplicationContext.refresh(AbstractApplicationContext.java:627) ~[spring-context-6.2.8.jar:6.2.8]
	at org.springframework.boot.SpringApplication.refresh(SpringApplication.java:752) ~[spring-boot-3.4.7.jar:3.4.7]
	at org.springframework.boot.SpringApplication.refreshContext(SpringApplication.java:439) ~[spring-boot-3.4.7.jar:3.4.7]
	at org.springframework.boot.SpringApplication.run(SpringApplication.java:318) ~[spring-boot-3.4.7.jar:3.4.7]
	at org.springframework.boot.test.context.SpringBootContextLoader.lambda$loadContext$3(SpringBootContextLoader.java:144) ~[spring-boot-test-3.4.7.jar:3.4.7]
	at org.springframework.util.function.ThrowingSupplier.get(ThrowingSupplier.java:58) ~[spring-core-6.2.8.jar:6.2.8]
	at org.springframework.util.function.ThrowingSupplier.get(ThrowingSupplier.java:46) ~[spring-core-6.2.8.jar:6.2.8]
	at org.springframework.boot.SpringApplication.withHook(SpringApplication.java:1461) ~[spring-boot-3.4.7.jar:3.4.7]
	at org.springframework.boot.test.context.SpringBootContextLoader$ContextLoaderHook.run(SpringBootContextLoader.java:563) ~[spring-boot-test-3.4.7.jar:3.4.7]
	at org.springframework.boot.test.context.SpringBootContextLoader.loadContext(SpringBootContextLoader.java:144) ~[spring-boot-test-3.4.7.jar:3.4.7]
	at org.springframework.boot.test.context.SpringBootContextLoader.loadContext(SpringBootContextLoader.java:110) ~[spring-boot-test-3.4.7.jar:3.4.7]
	at org.springframework.test.context.cache.DefaultCacheAwareContextLoaderDelegate.loadContextInternal(DefaultCacheAwareContextLoaderDelegate.java:225) ~[spring-test-6.2.8.jar:6.2.8]
	at org.springframework.test.context.cache.DefaultCacheAwareContextLoaderDelegate.loadContext(DefaultCacheAwareContextLoaderDelegate.java:152) ~[spring-test-6.2.8.jar:6.2.8]
	at org.springframework.test.context.support.DefaultTestContext.getApplicationContext(DefaultTestContext.java:130) ~[spring-test-6.2.8.jar:6.2.8]
	at org.springframework.test.context.web.ServletTestExecutionListener.setUpRequestContextIfNecessary(ServletTestExecutionListener.java:200) ~[spring-test-6.2.8.jar:6.2.8]
	at org.springframework.test.context.web.ServletTestExecutionListener.prepareTestInstance(ServletTestExecutionListener.java:139) ~[spring-test-6.2.8.jar:6.2.8]
	at org.springframework.test.context.TestContextManager.prepareTestInstance(TestContextManager.java:260) ~[spring-test-6.2.8.jar:6.2.8]
	at org.springframework.test.context.junit.jupiter.SpringExtension.postProcessTestInstance(SpringExtension.java:159) ~[spring-test-6.2.8.jar:6.2.8]
	at org.junit.jupiter.engine.descriptor.ClassBasedTestDescriptor.lambda$invokeTestInstancePostProcessors$11(ClassBasedTestDescriptor.java:378) ~[junit-jupiter-engine-5.11.4.jar:5.11.4]
	at org.junit.jupiter.engine.descriptor.ClassBasedTestDescriptor.executeAndMaskThrowable(ClassBasedTestDescriptor.java:383) ~[junit-jupiter-engine-5.11.4.jar:5.11.4]
	at org.junit.jupiter.engine.descriptor.ClassBasedTestDescriptor.lambda$invokeTestInstancePostProcessors$12(ClassBasedTestDescriptor.java:378) ~[junit-jupiter-engine-5.11.4.jar:5.11.4]
	at java.base/java.util.stream.ForEachOps$ForEachOp$OfRef.accept(ForEachOps.java:186) ~[na:na]
	at java.base/java.util.stream.ReferencePipeline$3$1.accept(ReferencePipeline.java:215) ~[na:na]
	at java.base/java.util.stream.ReferencePipeline$2$1.accept(ReferencePipeline.java:197) ~[na:na]
	at java.base/java.util.stream.ReferencePipeline$3$1.accept(ReferencePipeline.java:215) ~[na:na]
	at java.base/java.util.ArrayList$ArrayListSpliterator.forEachRemaining(ArrayList.java:1716) ~[na:na]
	at java.base/java.util.stream.AbstractPipeline.copyInto(AbstractPipeline.java:570) ~[na:na]
	at java.base/java.util.stream.AbstractPipeline.wrapAndCopyInto(AbstractPipeline.java:560) ~[na:na]
	at java.base/java.util.stream.ForEachOps$ForEachOp.evaluateSequential(ForEachOps.java:153) ~[na:na]
	at java.base/java.util.stream.ForEachOps$ForEachOp$OfRef.evaluateSequential(ForEachOps.java:176) ~[na:na]
	at java.base/java.util.stream.AbstractPipeline.evaluate(AbstractPipeline.java:265) ~[na:na]
	at java.base/java.util.stream.ReferencePipeline.forEach(ReferencePipeline.java:636) ~[na:na]
	at org.junit.jupiter.engine.descriptor.ClassBasedTestDescriptor.invokeTestInstancePostProcessors(ClassBasedTestDescriptor.java:377) ~[junit-jupiter-engine-5.11.4.jar:5.11.4]
	at org.junit.jupiter.engine.descriptor.ClassBasedTestDescriptor.lambda$instantiateAndPostProcessTestInstance$7(ClassBasedTestDescriptor.java:290) ~[junit-jupiter-engine-5.11.4.jar:5.11.4]
	at org.junit.platform.engine.support.hierarchical.ThrowableCollector.execute(ThrowableCollector.java:73) ~[junit-platform-engine-1.11.4.jar:1.11.4]
	at org.junit.jupiter.engine.descriptor.ClassBasedTestDescriptor.instantiateAndPostProcessTestInstance(ClassBasedTestDescriptor.java:289) ~[junit-jupiter-engine-5.11.4.jar:5.11.4]
	at org.junit.jupiter.engine.descriptor.ClassBasedTestDescriptor.lambda$testInstancesProvider$5(ClassBasedTestDescriptor.java:279) ~[junit-jupiter-engine-5.11.4.jar:5.11.4]
	at java.base/java.util.Optional.orElseGet(Optional.java:364) ~[na:na]
	at org.junit.jupiter.engine.descriptor.ClassBasedTestDescriptor.lambda$testInstancesProvider$6(ClassBasedTestDescriptor.java:278) ~[junit-jupiter-engine-5.11.4.jar:5.11.4]
	at org.junit.jupiter.engine.execution.TestInstancesProvider.getTestInstances(TestInstancesProvider.java:31) ~[junit-jupiter-engine-5.11.4.jar:5.11.4]
	at org.junit.jupiter.engine.descriptor.TestMethodTestDescriptor.lambda$prepare$1(TestMethodTestDescriptor.java:105) ~[junit-jupiter-engine-5.11.4.jar:5.11.4]
	at org.junit.platform.engine.support.hierarchical.ThrowableCollector.execute(ThrowableCollector.java:73) ~[junit-platform-engine-1.11.4.jar:1.11.4]
	at org.junit.jupiter.engine.descriptor.TestMethodTestDescriptor.prepare(TestMethodTestDescriptor.java:104) ~[junit-jupiter-engine-5.11.4.jar:5.11.4]
	at org.junit.jupiter.engine.descriptor.TestMethodTestDescriptor.prepare(TestMethodTestDescriptor.java:68) ~[junit-jupiter-engine-5.11.4.jar:5.11.4]
	at org.junit.platform.engine.support.hierarchical.NodeTestTask.lambda$prepare$2(NodeTestTask.java:128) ~[junit-platform-engine-1.11.4.jar:1.11.4]
	at org.junit.platform.engine.support.hierarchical.ThrowableCollector.execute(ThrowableCollector.java:73) ~[junit-platform-engine-1.11.4.jar:1.11.4]
	at org.junit.platform.engine.support.hierarchical.NodeTestTask.prepare(NodeTestTask.java:128) ~[junit-platform-engine-1.11.4.jar:1.11.4]
	at org.junit.platform.engine.support.hierarchical.NodeTestTask.execute(NodeTestTask.java:95) ~[junit-platform-engine-1.11.4.jar:1.11.4]
	at java.base/java.util.ArrayList.forEach(ArrayList.java:1604) ~[na:na]
	at org.junit.platform.engine.support.hierarchical.SameThreadHierarchicalTestExecutorService.invokeAll(SameThreadHierarchicalTestExecutorService.java:41) ~[junit-platform-engine-1.11.4.jar:1.11.4]
	at org.junit.platform.engine.support.hierarchical.NodeTestTask.lambda$executeRecursively$6(NodeTestTask.java:160) ~[junit-platform-engine-1.11.4.jar:1.11.4]
	at org.junit.platform.engine.support.hierarchical.ThrowableCollector.execute(ThrowableCollector.java:73) ~[junit-platform-engine-1.11.4.jar:1.11.4]
	at org.junit.platform.engine.support.hierarchical.NodeTestTask.lambda$executeRecursively$8(NodeTestTask.java:146) ~[junit-platform-engine-1.11.4.jar:1.11.4]
	at org.junit.platform.engine.support.hierarchical.Node.around(Node.java:137) ~[junit-platform-engine-1.11.4.jar:1.11.4]
	at org.junit.platform.engine.support.hierarchical.NodeTestTask.lambda$executeRecursively$9(NodeTestTask.java:144) ~[junit-platform-engine-1.11.4.jar:1.11.4]
	at org.junit.platform.engine.support.hierarchical.ThrowableCollector.execute(ThrowableCollector.java:73) ~[junit-platform-engine-1.11.4.jar:1.11.4]
	at org.junit.platform.engine.support.hierarchical.NodeTestTask.executeRecursively(NodeTestTask.java:143) ~[junit-platform-engine-1.11.4.jar:1.11.4]
	at org.junit.platform.engine.support.hierarchical.NodeTestTask.execute(NodeTestTask.java:100) ~[junit-platform-engine-1.11.4.jar:1.11.4]
	at java.base/java.util.ArrayList.forEach(ArrayList.java:1604) ~[na:na]
	at org.junit.platform.engine.support.hierarchical.SameThreadHierarchicalTestExecutorService.invokeAll(SameThreadHierarchicalTestExecutorService.java:41) ~[junit-platform-engine-1.11.4.jar:1.11.4]
	at org.junit.platform.engine.support.hierarchical.NodeTestTask.lambda$executeRecursively$6(NodeTestTask.java:160) ~[junit-platform-engine-1.11.4.jar:1.11.4]
	at org.junit.platform.engine.support.hierarchical.ThrowableCollector.execute(ThrowableCollector.java:73) ~[junit-platform-engine-1.11.4.jar:1.11.4]
	at org.junit.platform.engine.support.hierarchical.NodeTestTask.lambda$executeRecursively$8(NodeTestTask.java:146) ~[junit-platform-engine-1.11.4.jar:1.11.4]
	at org.junit.platform.engine.support.hierarchical.Node.around(Node.java:137) ~[junit-platform-engine-1.11.4.jar:1.11.4]
	at org.junit.platform.engine.support.hierarchical.NodeTestTask.lambda$executeRecursively$9(NodeTestTask.java:144) ~[junit-platform-engine-1.11.4.jar:1.11.4]
	at org.junit.platform.engine.support.hierarchical.ThrowableCollector.execute(ThrowableCollector.java:73) ~[junit-platform-engine-1.11.4.jar:1.11.4]
	at org.junit.platform.engine.support.hierarchical.NodeTestTask.executeRecursively(NodeTestTask.java:143) ~[junit-platform-engine-1.11.4.jar:1.11.4]
	at org.junit.platform.engine.support.hierarchical.NodeTestTask.execute(NodeTestTask.java:100) ~[junit-platform-engine-1.11.4.jar:1.11.4]
	at org.junit.platform.engine.support.hierarchical.SameThreadHierarchicalTestExecutorService.submit(SameThreadHierarchicalTestExecutorService.java:35) ~[junit-platform-engine-1.11.4.jar:1.11.4]
	at org.junit.platform.engine.support.hierarchical.HierarchicalTestExecutor.execute(HierarchicalTestExecutor.java:57) ~[junit-platform-engine-1.11.4.jar:1.11.4]
	at org.junit.platform.engine.support.hierarchical.HierarchicalTestEngine.execute(HierarchicalTestEngine.java:54) ~[junit-platform-engine-1.11.4.jar:1.11.4]
	at org.junit.platform.launcher.core.EngineExecutionOrchestrator.execute(EngineExecutionOrchestrator.java:198) ~[junit-platform-launcher-1.11.4.jar:1.11.4]
	at org.junit.platform.launcher.core.EngineExecutionOrchestrator.execute(EngineExecutionOrchestrator.java:169) ~[junit-platform-launcher-1.11.4.jar:1.11.4]
	at org.junit.platform.launcher.core.EngineExecutionOrchestrator.execute(EngineExecutionOrchestrator.java:93) ~[junit-platform-launcher-1.11.4.jar:1.11.4]
	at org.junit.platform.launcher.core.EngineExecutionOrchestrator.lambda$execute$0(EngineExecutionOrchestrator.java:58) ~[junit-platform-launcher-1.11.4.jar:1.11.4]
	at org.junit.platform.launcher.core.EngineExecutionOrchestrator.withInterceptedStreams(EngineExecutionOrchestrator.java:141) ~[junit-platform-launcher-1.11.4.jar:1.11.4]
	at org.junit.platform.launcher.core.EngineExecutionOrchestrator.execute(EngineExecutionOrchestrator.java:57) ~[junit-platform-launcher-1.11.4.jar:1.11.4]
	at org.junit.platform.launcher.core.DefaultLauncher.execute(DefaultLauncher.java:103) ~[junit-platform-launcher-1.11.4.jar:1.11.4]
	at org.junit.platform.launcher.core.DefaultLauncher.execute(DefaultLauncher.java:85) ~[junit-platform-launcher-1.11.4.jar:1.11.4]
	at org.junit.platform.launcher.core.DelegatingLauncher.execute(DelegatingLauncher.java:47) ~[junit-platform-launcher-1.11.4.jar:1.11.4]
	at org.apache.maven.surefire.junitplatform.LazyLauncher.execute(LazyLauncher.java:56) ~[surefire-junit-platform-3.5.3.jar:3.5.3]
	at org.apache.maven.surefire.junitplatform.JUnitPlatformProvider.execute(JUnitPlatformProvider.java:194) ~[surefire-junit-platform-3.5.3.jar:3.5.3]
	at org.apache.maven.surefire.junitplatform.JUnitPlatformProvider.invokeAllTests(JUnitPlatformProvider.java:150) ~[surefire-junit-platform-3.5.3.jar:3.5.3]
	at org.apache.maven.surefire.junitplatform.JUnitPlatformProvider.invoke(JUnitPlatformProvider.java:124) ~[surefire-junit-platform-3.5.3.jar:3.5.3]
	at org.apache.maven.surefire.booter.ForkedBooter.runSuitesInProcess(ForkedBooter.java:385) ~[surefire-booter-3.5.3.jar:3.5.3]
	at org.apache.maven.surefire.booter.ForkedBooter.execute(ForkedBooter.java:162) ~[surefire-booter-3.5.3.jar:3.5.3]
	at org.apache.maven.surefire.booter.ForkedBooter.run(ForkedBooter.java:507) ~[surefire-booter-3.5.3.jar:3.5.3]
	at org.apache.maven.surefire.booter.ForkedBooter.main(ForkedBooter.java:495) ~[surefire-booter-3.5.3.jar:3.5.3]
Caused by: org.postgresql.util.PSQLException: ERROR: insert or update on table "comments" violates foreign key constraint "fkfgghtkf2fogfrehxgtn8572ae"
  Detail: Key (card_id)=(4) is not present in table "card".
	at org.postgresql.core.v3.QueryExecutorImpl.receiveErrorResponse(QueryExecutorImpl.java:2734) ~[postgresql-42.7.7.jar:42.7.7]
	at org.postgresql.core.v3.QueryExecutorImpl.processResults(QueryExecutorImpl.java:2421) ~[postgresql-42.7.7.jar:42.7.7]
	at org.postgresql.core.v3.QueryExecutorImpl.execute(QueryExecutorImpl.java:372) ~[postgresql-42.7.7.jar:42.7.7]
	at org.postgresql.jdbc.PgStatement.executeInternal(PgStatement.java:518) ~[postgresql-42.7.7.jar:42.7.7]
	at org.postgresql.jdbc.PgStatement.execute(PgStatement.java:435) ~[postgresql-42.7.7.jar:42.7.7]
	at org.postgresql.jdbc.PgStatement.executeWithFlags(PgStatement.java:357) ~[postgresql-42.7.7.jar:42.7.7]
	at org.postgresql.jdbc.PgStatement.executeCachedSql(PgStatement.java:342) ~[postgresql-42.7.7.jar:42.7.7]
	at org.postgresql.jdbc.PgStatement.executeWithFlags(PgStatement.java:318) ~[postgresql-42.7.7.jar:42.7.7]
	at org.postgresql.jdbc.PgStatement.execute(PgStatement.java:313) ~[postgresql-42.7.7.jar:42.7.7]
	at com.zaxxer.hikari.pool.ProxyStatement.execute(ProxyStatement.java:94) ~[HikariCP-5.1.0.jar:na]
	at com.zaxxer.hikari.pool.HikariProxyStatement.execute(HikariProxyStatement.java) ~[HikariCP-5.1.0.jar:na]
	at org.hibernate.tool.schema.internal.exec.GenerationTargetToDatabase.accept(GenerationTargetToDatabase.java:80) ~[hibernate-core-6.6.18.Final.jar:6.6.18.Final]
	... 116 common frames omitted

2025-07-28T17:56:58.214Z  INFO 41266 --- [           main] j.LocalContainerEntityManagerFactoryBean : Initialized JPA EntityManagerFactory for persistence unit 'default'
2025-07-28T17:56:58.281Z  WARN 41266 --- [           main] o.s.aop.framework.CglibAopProxy          : Unable to proxy interface-implementing method [public final void org.springframework.web.filter.OncePerRequestFilter.doFilter(jakarta.servlet.ServletRequest,jakarta.servlet.ServletResponse,jakarta.servlet.FilterChain) throws jakarta.servlet.ServletException,java.io.IOException] because it is marked as final, consider using interface-based JDK proxies instead.
2025-07-28T17:56:58.282Z  WARN 41266 --- [           main] o.s.aop.framework.CglibAopProxy          : Unable to proxy interface-implementing method [public final void org.springframework.web.filter.GenericFilterBean.init(jakarta.servlet.FilterConfig) throws jakarta.servlet.ServletException] because it is marked as final, consider using interface-based JDK proxies instead.
2025-07-28T17:56:59.747Z  WARN 41266 --- [           main] JpaBaseConfiguration$JpaWebConfiguration : spring.jpa.open-in-view is enabled by default. Therefore, database queries may be performed during view rendering. Explicitly configure spring.jpa.open-in-view to disable this warning
2025-07-28T17:56:59.931Z  INFO 41266 --- [           main] eAuthenticationProviderManagerConfigurer : Global AuthenticationManager configured with AuthenticationProvider bean with name authenticationProvider
2025-07-28T17:56:59.932Z  WARN 41266 --- [           main] r$InitializeUserDetailsManagerConfigurer : Global AuthenticationManager configured with an AuthenticationProvider bean. UserDetailsService beans will not be used by Spring Security for automatically configuring username/password login. Consider removing the AuthenticationProvider bean. Alternatively, consider using the UserDetailsService in a manually instantiated DaoAuthenticationProvider. If the current configuration is intentional, to turn off this warning, increase the logging level of 'org.springframework.security.config.annotation.authentication.configuration.InitializeUserDetailsBeanManagerConfigurer' to ERROR
2025-07-28T17:57:00.285Z DEBUG 41266 --- [           main] s.w.s.m.m.a.RequestMappingHandlerMapping : 27 mappings in 'requestMappingHandlerMapping'
2025-07-28T17:57:00.553Z DEBUG 41266 --- [           main] o.s.w.s.handler.SimpleUrlHandlerMapping  : Patterns [/webjars/**, /**] in 'resourceHandlerMapping'
2025-07-28T17:57:00.846Z  INFO 41266 --- [           main] o.s.b.a.e.web.EndpointLinksResolver      : Exposing 1 endpoint beneath base path '/actuator'
2025-07-28T17:57:01.102Z DEBUG 41266 --- [           main] o.s.s.web.DefaultSecurityFilterChain     : Will secure any request with filters: DisableEncodeUrlFilter, WebAsyncManagerIntegrationFilter, SecurityContextHolderFilter, HeaderWriterFilter, CorsFilter, LogoutFilter, JwtAuthenticationFilter$$SpringCGLIB$$0, RequestCacheAwareFilter, SecurityContextHolderAwareRequestFilter, AnonymousAuthenticationFilter, SessionManagementFilter, ExceptionTranslationFilter, AuthorizationFilter
2025-07-28T17:57:01.381Z DEBUG 41266 --- [           main] s.w.s.m.m.a.RequestMappingHandlerAdapter : ControllerAdvice beans: 0 @ModelAttribute, 0 @InitBinder, 1 RequestBodyAdvice, 1 ResponseBodyAdvice
2025-07-28T17:57:01.483Z DEBUG 41266 --- [           main] .m.m.a.ExceptionHandlerExceptionResolver : ControllerAdvice beans: 1 @ExceptionHandler, 1 ResponseBodyAdvice
2025-07-28T17:57:02.065Z  INFO 41266 --- [           main] c.t.t.TaskhiveBackendApplicationTests    : Started TaskhiveBackendApplicationTests in 17.847 seconds (process running for 22.186)
2025-07-28T17:57:02.079Z ERROR 41266 --- [   scheduling-1] o.s.s.s.TaskUtils$LoggingErrorHandler    : Unexpected error occurred in scheduled task

java.lang.StackOverflowError: null
	at com.taskhive.taskhive_backend.service.ReminderService.sendDueDateReminders(ReminderService.java:24) ~[classes/:na]
	at com.taskhive.taskhive_backend.service.ReminderService.sendDueDateReminders(ReminderService.java:24) ~[classes/:na]
	at com.taskhive.taskhive_backend.service.ReminderService.sendDueDateReminders(ReminderService.java:24) ~[classes/:na]
	at com.taskhive.taskhive_backend.service.ReminderService.sendDueDateReminders(ReminderService.java:24) ~[classes/:na]
	at com.taskhive.taskhive_backend.service.ReminderService.sendDueDateReminders(ReminderService.java:24) ~[classes/:na]
	at com.taskhive.taskhive_backend.service.ReminderService.sendDueDateReminders(ReminderService.java:24) ~[classes/:na]
	at com.taskhive.taskhive_backend.service.ReminderService.sendDueDateReminders(ReminderService.java:24) ~[classes/:na]
	at com.taskhive.taskhive_backend.service.ReminderService.sendDueDateReminders(ReminderService.java:24) ~[classes/:na]
	at com.taskhive.taskhive_backend.service.ReminderService.sendDueDateReminders(ReminderService.java:24) ~[classes/:na]
	at com.taskhive.taskhive_backend.service.ReminderService.sendDueDateReminders(ReminderService.java:24) ~[classes/:na]
	at com.taskhive.taskhive_backend.service.ReminderService.sendDueDateReminders(ReminderService.java:24) ~[classes/:na]
	at com.taskhive.taskhive_backend.service.ReminderService.sendDueDateReminders(ReminderService.java:24) ~[classes/:na]
	at com.taskhive.taskhive_backend.service.ReminderService.sendDueDateReminders(ReminderService.java:24) ~[classes/:na]
	at com.taskhive.taskhive_backend.service.ReminderService.sendDueDateReminders(ReminderService.java:24) ~[classes/:na]
	at com.taskhive.taskhive_backend.service.ReminderService.sendDueDateReminders(ReminderService.java:24) ~[classes/:na]
	at com.taskhive.taskhive_backend.service.ReminderService.sendDueDateReminders(ReminderService.java:24) ~[classes/:na]
	at com.taskhive.taskhive_backend.service.ReminderService.sendDueDateReminders(ReminderService.java:24) ~[classes/:na]
	at com.taskhive.taskhive_backend.service.ReminderService.sendDueDateReminders(ReminderService.java:24) ~[classes/:na]
	at com.taskhive.taskhive_backend.service.ReminderService.sendDueDateReminders(ReminderService.java:24) ~[classes/:na]
	at com.taskhive.taskhive_backend.service.ReminderService.sendDueDateReminders(ReminderService.java:24) ~[classes/:na]
	at com.taskhive.taskhive_backend.service.ReminderService.sendDueDateReminders(ReminderService.java:24) ~[classes/:na]
	at com.taskhive.taskhive_backend.service.ReminderService.sendDueDateReminders(ReminderService.java:24) ~[classes/:na]
	at com.taskhive.taskhive_backend.service.ReminderService.sendDueDateReminders(ReminderService.java:24) ~[classes/:na]
	at com.taskhive.taskhive_backend.service.ReminderService.sendDueDateReminders(ReminderService.java:24) ~[classes/:na]
	at com.taskhive.taskhive_backend.service.ReminderService.sendDueDateReminders(ReminderService.java:24) ~[classes/:na]
	at com.taskhive.taskhive_backend.service.ReminderService.sendDueDateReminders(ReminderService.java:24) ~[classes/:na]
	at com.taskhive.taskhive_backend.service.ReminderService.sendDueDateReminders(ReminderService.java:24) ~[classes/:na]
	at com.taskhive.taskhive_backend.service.ReminderService.sendDueDateReminders(ReminderService.java:24) ~[classes/:na]
	at com.taskhive.taskhive_backend.service.ReminderService.sendDueDateReminders(ReminderService.java:24) ~[classes/:na]
	at com.taskhive.taskhive_backend.service.ReminderService.sendDueDateReminders(ReminderService.java:24) ~[classes/:na]
	at com.taskhive.taskhive_backend.service.ReminderService.sendDueDateReminders(ReminderService.java:24) ~[classes/:na]
	at com.taskhive.taskhive_backend.service.ReminderService.sendDueDateReminders(ReminderService.java:24) ~[classes/:na]
	at com.taskhive.taskhive_backend.service.ReminderService.sendDueDateReminders(ReminderService.java:24) ~[classes/:na]
	at com.taskhive.taskhive_backend.service.ReminderService.sendDueDateReminders(ReminderService.java:24) ~[classes/:na]
	at com.taskhive.taskhive_backend.service.ReminderService.sendDueDateReminders(ReminderService.java:24) ~[classes/:na]
	at com.taskhive.taskhive_backend.service.ReminderService.sendDueDateReminders(ReminderService.java:24) ~[classes/:na]
	at com.taskhive.taskhive_backend.service.ReminderService.sendDueDateReminders(ReminderService.java:24) ~[classes/:na]
	at com.taskhive.taskhive_backend.service.ReminderService.sendDueDateReminders(ReminderService.java:24) ~[classes/:na]
	at com.taskhive.taskhive_backend.service.ReminderService.sendDueDateReminders(ReminderService.java:24) ~[classes/:na]
	at com.taskhive.taskhive_backend.service.ReminderService.sendDueDateReminders(ReminderService.java:24) ~[classes/:na]
	at com.taskhive.taskhive_backend.service.ReminderService.sendDueDateReminders(ReminderService.java:24) ~[classes/:na]
	at com.taskhive.taskhive_backend.service.ReminderService.sendDueDateReminders(ReminderService.java:24) ~[classes/:na]
	at com.taskhive.taskhive_backend.service.ReminderService.sendDueDateReminders(ReminderService.java:24) ~[classes/:na]
	at com.taskhive.taskhive_backend.service.ReminderService.sendDueDateReminders(ReminderService.java:24) ~[classes/:na]
	at com.taskhive.taskhive_backend.service.ReminderService.sendDueDateReminders(ReminderService.java:24) ~[classes/:na]
	at com.taskhive.taskhive_backend.service.ReminderService.sendDueDateReminders(ReminderService.java:24) ~[classes/:na]
	at com.taskhive.taskhive_backend.service.ReminderService.sendDueDateReminders(ReminderService.java:24) ~[classes/:na]
	at com.taskhive.taskhive_backend.service.ReminderService.sendDueDateReminders(ReminderService.java:24) ~[classes/:na]
	at com.taskhive.taskhive_backend.service.ReminderService.sendDueDateReminders(ReminderService.java:24) ~[classes/:na]
	at com.taskhive.taskhive_backend.service.ReminderService.sendDueDateReminders(ReminderService.java:24) ~[classes/:na]
	at com.taskhive.taskhive_backend.service.ReminderService.sendDueDateReminders(ReminderService.java:24) ~[classes/:na]
	at com.taskhive.taskhive_backend.service.ReminderService.sendDueDateReminders(ReminderService.java:24) ~[classes/:na]
	at com.taskhive.taskhive_backend.service.ReminderService.sendDueDateReminders(ReminderService.java:24) ~[classes/:na]
	at com.taskhive.taskhive_backend.service.ReminderService.sendDueDateReminders(ReminderService.java:24) ~[classes/:na]
	at com.taskhive.taskhive_backend.service.ReminderService.sendDueDateReminders(ReminderService.java:24) ~[classes/:na]
	at com.taskhive.taskhive_backend.service.ReminderService.sendDueDateReminders(ReminderService.java:24) ~[classes/:na]
	at com.taskhive.taskhive_backend.service.ReminderService.sendDueDateReminders(ReminderService.java:24) ~[classes/:na]
	at com.taskhive.taskhive_backend.service.ReminderService.sendDueDateReminders(ReminderService.java:24) ~[classes/:na]
	at com.taskhive.taskhive_backend.service.ReminderService.sendDueDateReminders(ReminderService.java:24) ~[classes/:na]
	at com.taskhive.taskhive_backend.service.ReminderService.sendDueDateReminders(ReminderService.java:24) ~[classes/:na]
	at com.taskhive.taskhive_backend.service.ReminderService.sendDueDateReminders(ReminderService.java:24) ~[classes/:na]
	at com.taskhive.taskhive_backend.service.ReminderService.sendDueDateReminders(ReminderService.java:24) ~[classes/:na]
	at com.taskhive.taskhive_backend.service.ReminderService.sendDueDateReminders(ReminderService.java:24) ~[classes/:na]
	at com.taskhive.taskhive_backend.service.ReminderService.sendDueDateReminders(ReminderService.java:24) ~[classes/:na]
	at com.taskhive.taskhive_backend.service.ReminderService.sendDueDateReminders(ReminderService.java:24) ~[classes/:na]
	at com.taskhive.taskhive_backend.service.ReminderService.sendDueDateReminders(ReminderService.java:24) ~[classes/:na]
	at com.taskhive.taskhive_backend.service.ReminderService.sendDueDateReminders(ReminderService.java:24) ~[classes/:na]
	at com.taskhive.taskhive_backend.service.ReminderService.sendDueDateReminders(ReminderService.java:24) ~[classes/:na]
	at com.taskhive.taskhive_backend.service.ReminderService.sendDueDateReminders(ReminderService.java:24) ~[classes/:na]
	at com.taskhive.taskhive_backend.service.ReminderService.sendDueDateReminders(ReminderService.java:24) ~[classes/:na]
	at com.taskhive.taskhive_backend.service.ReminderService.sendDueDateReminders(ReminderService.java:24) ~[classes/:na]
	at com.taskhive.taskhive_backend.service.ReminderService.sendDueDateReminders(ReminderService.java:24) ~[classes/:na]
	at com.taskhive.taskhive_backend.service.ReminderService.sendDueDateReminders(ReminderService.java:24) ~[classes/:na]
	at com.taskhive.taskhive_backend.service.ReminderService.sendDueDateReminders(ReminderService.java:24) ~[classes/:na]
	at com.taskhive.taskhive_backend.service.ReminderService.sendDueDateReminders(ReminderService.java:24) ~[classes/:na]
	at com.taskhive.taskhive_backend.service.ReminderService.sendDueDateReminders(ReminderService.java:24) ~[classes/:na]
	at com.taskhive.taskhive_backend.service.ReminderService.sendDueDateReminders(ReminderService.java:24) ~[classes/:na]
	at com.taskhive.taskhive_backend.service.ReminderService.sendDueDateReminders(ReminderService.java:24) ~[classes/:na]
	at com.taskhive.taskhive_backend.service.ReminderService.sendDueDateReminders(ReminderService.java:24) ~[classes/:na]
	at com.taskhive.taskhive_backend.service.ReminderService.sendDueDateReminders(ReminderService.java:24) ~[classes/:na]
	at com.taskhive.taskhive_backend.service.ReminderService.sendDueDateReminders(ReminderService.java:24) ~[classes/:na]
	at com.taskhive.taskhive_backend.service.ReminderService.sendDueDateReminders(ReminderService.java:24) ~[classes/:na]
	at com.taskhive.taskhive_backend.service.ReminderService.sendDueDateReminders(ReminderService.java:24) ~[classes/:na]
	at com.taskhive.taskhive_backend.service.ReminderService.sendDueDateReminders(ReminderService.java:24) ~[classes/:na]
	at com.taskhive.taskhive_backend.service.ReminderService.sendDueDateReminders(ReminderService.java:24) ~[classes/:na]
	at com.taskhive.taskhive_backend.service.ReminderService.sendDueDateReminders(ReminderService.java:24) ~[classes/:na]
	at com.taskhive.taskhive_backend.service.ReminderService.sendDueDateReminders(ReminderService.java:24) ~[classes/:na]
	at com.taskhive.taskhive_backend.service.ReminderService.sendDueDateReminders(ReminderService.java:24) ~[classes/:na]
	at com.taskhive.taskhive_backend.service.ReminderService.sendDueDateReminders(ReminderService.java:24) ~[classes/:na]
	at com.taskhive.taskhive_backend.service.ReminderService.sendDueDateReminders(ReminderService.java:24) ~[classes/:na]
	at com.taskhive.taskhive_backend.service.ReminderService.sendDueDateReminders(ReminderService.java:24) ~[classes/:na]
	at com.taskhive.taskhive_backend.service.ReminderService.sendDueDateReminders(ReminderService.java:24) ~[classes/:na]
	at com.taskhive.taskhive_backend.service.ReminderService.sendDueDateReminders(ReminderService.java:24) ~[classes/:na]
	at com.taskhive.taskhive_backend.service.ReminderService.sendDueDateReminders(ReminderService.java:24) ~[classes/:na]
	at com.taskhive.taskhive_backend.service.ReminderService.sendDueDateReminders(ReminderService.java:24) ~[classes/:na]
	at com.taskhive.taskhive_backend.service.ReminderService.sendDueDateReminders(ReminderService.java:24) ~[classes/:na]
	at com.taskhive.taskhive_backend.service.ReminderService.sendDueDateReminders(ReminderService.java:24) ~[classes/:na]
	at com.taskhive.taskhive_backend.service.ReminderService.sendDueDateReminders(ReminderService.java:24) ~[classes/:na]
	at com.taskhive.taskhive_backend.service.ReminderService.sendDueDateReminders(ReminderService.java:24) ~[classes/:na]
	at com.taskhive.taskhive_backend.service.ReminderService.sendDueDateReminders(ReminderService.java:24) ~[classes/:na]
	at com.taskhive.taskhive_backend.service.ReminderService.sendDueDateReminders(ReminderService.java:24) ~[classes/:na]
	at com.taskhive.taskhive_backend.service.ReminderService.sendDueDateReminders(ReminderService.java:24) ~[classes/:na]
	at com.taskhive.taskhive_backend.service.ReminderService.sendDueDateReminders(ReminderService.java:24) ~[classes/:na]
	at com.taskhive.taskhive_backend.service.ReminderService.sendDueDateReminders(ReminderService.java:24) ~[classes/:na]
	at com.taskhive.taskhive_backend.service.ReminderService.sendDueDateReminders(ReminderService.java:24) ~[classes/:na]
	at com.taskhive.taskhive_backend.service.ReminderService.sendDueDateReminders(ReminderService.java:24) ~[classes/:na]
	at com.taskhive.taskhive_backend.service.ReminderService.sendDueDateReminders(ReminderService.java:24) ~[classes/:na]
	at com.taskhive.taskhive_backend.service.ReminderService.sendDueDateReminders(ReminderService.java:24) ~[classes/:na]
	at com.taskhive.taskhive_backend.service.ReminderService.sendDueDateReminders(ReminderService.java:24) ~[classes/:na]
	at com.taskhive.taskhive_backend.service.ReminderService.sendDueDateReminders(ReminderService.java:24) ~[classes/:na]
	at com.taskhive.taskhive_backend.service.ReminderService.sendDueDateReminders(ReminderService.java:24) ~[classes/:na]
	at com.taskhive.taskhive_backend.service.ReminderService.sendDueDateReminders(ReminderService.java:24) ~[classes/:na]
	at com.taskhive.taskhive_backend.service.ReminderService.sendDueDateReminders(ReminderService.java:24) ~[classes/:na]
	at com.taskhive.taskhive_backend.service.ReminderService.sendDueDateReminders(ReminderService.java:24) ~[classes/:na]
	at com.taskhive.taskhive_backend.service.ReminderService.sendDueDateReminders(ReminderService.java:24) ~[classes/:na]
	at com.taskhive.taskhive_backend.service.ReminderService.sendDueDateReminders(ReminderService.java:24) ~[classes/:na]
	at com.taskhive.taskhive_backend.service.ReminderService.sendDueDateReminders(ReminderService.java:24) ~[classes/:na]
	at com.taskhive.taskhive_backend.service.ReminderService.sendDueDateReminders(ReminderService.java:24) ~[classes/:na]
	at com.taskhive.taskhive_backend.service.ReminderService.sendDueDateReminders(ReminderService.java:24) ~[classes/:na]
	at com.taskhive.taskhive_backend.service.ReminderService.sendDueDateReminders(ReminderService.java:24) ~[classes/:na]
	at com.taskhive.taskhive_backend.service.ReminderService.sendDueDateReminders(ReminderService.java:24) ~[classes/:na]
	at com.taskhive.taskhive_backend.service.ReminderService.sendDueDateReminders(ReminderService.java:24) ~[classes/:na]
	at com.taskhive.taskhive_backend.service.ReminderService.sendDueDateReminders(ReminderService.java:24) ~[classes/:na]
	at com.taskhive.taskhive_backend.service.ReminderService.sendDueDateReminders(ReminderService.java:24) ~[classes/:na]
	at com.taskhive.taskhive_backend.service.ReminderService.sendDueDateReminders(ReminderService.java:24) ~[classes/:na]
	at com.taskhive.taskhive_backend.service.ReminderService.sendDueDateReminders(ReminderService.java:24) ~[classes/:na]
	at com.taskhive.taskhive_backend.service.ReminderService.sendDueDateReminders(ReminderService.java:24) ~[classes/:na]
	at com.taskhive.taskhive_backend.service.ReminderService.sendDueDateReminders(ReminderService.java:24) ~[classes/:na]
	at com.taskhive.taskhive_backend.service.ReminderService.sendDueDateReminders(ReminderService.java:24) ~[classes/:na]
	at com.taskhive.taskhive_backend.service.ReminderService.sendDueDateReminders(ReminderService.java:24) ~[classes/:na]
	at com.taskhive.taskhive_backend.service.ReminderService.sendDueDateReminders(ReminderService.java:24) ~[classes/:na]
	at com.taskhive.taskhive_backend.service.ReminderService.sendDueDateReminders(ReminderService.java:24) ~[classes/:na]
	at com.taskhive.taskhive_backend.service.ReminderService.sendDueDateReminders(ReminderService.java:24) ~[classes/:na]
	at com.taskhive.taskhive_backend.service.ReminderService.sendDueDateReminders(ReminderService.java:24) ~[classes/:na]
	at com.taskhive.taskhive_backend.service.ReminderService.sendDueDateReminders(ReminderService.java:24) ~[classes/:na]
	at com.taskhive.taskhive_backend.service.ReminderService.sendDueDateReminders(ReminderService.java:24) ~[classes/:na]
	at com.taskhive.taskhive_backend.service.ReminderService.sendDueDateReminders(ReminderService.java:24) ~[classes/:na]
	at com.taskhive.taskhive_backend.service.ReminderService.sendDueDateReminders(ReminderService.java:24) ~[classes/:na]
	at com.taskhive.taskhive_backend.service.ReminderService.sendDueDateReminders(ReminderService.java:24) ~[classes/:na]
	at com.taskhive.taskhive_backend.service.ReminderService.sendDueDateReminders(ReminderService.java:24) ~[classes/:na]
	at com.taskhive.taskhive_backend.service.ReminderService.sendDueDateReminders(ReminderService.java:24) ~[classes/:na]
	at com.taskhive.taskhive_backend.service.ReminderService.sendDueDateReminders(ReminderService.java:24) ~[classes/:na]
	at com.taskhive.taskhive_backend.service.ReminderService.sendDueDateReminders(ReminderService.java:24) ~[classes/:na]
	at com.taskhive.taskhive_backend.service.ReminderService.sendDueDateReminders(ReminderService.java:24) ~[classes/:na]
	at com.taskhive.taskhive_backend.service.ReminderService.sendDueDateReminders(ReminderService.java:24) ~[classes/:na]
	at com.taskhive.taskhive_backend.service.ReminderService.sendDueDateReminders(ReminderService.java:24) ~[classes/:na]
	at com.taskhive.taskhive_backend.service.ReminderService.sendDueDateReminders(ReminderService.java:24) ~[classes/:na]
	at com.taskhive.taskhive_backend.service.ReminderService.sendDueDateReminders(ReminderService.java:24) ~[classes/:na]
	at com.taskhive.taskhive_backend.service.ReminderService.sendDueDateReminders(ReminderService.java:24) ~[classes/:na]
	at com.taskhive.taskhive_backend.service.ReminderService.sendDueDateReminders(ReminderService.java:24) ~[classes/:na]
	at com.taskhive.taskhive_backend.service.ReminderService.sendDueDateReminders(ReminderService.java:24) ~[classes/:na]
	at com.taskhive.taskhive_backend.service.ReminderService.sendDueDateReminders(ReminderService.java:24) ~[classes/:na]
	at com.taskhive.taskhive_backend.service.ReminderService.sendDueDateReminders(ReminderService.java:24) ~[classes/:na]
	at com.taskhive.taskhive_backend.service.ReminderService.sendDueDateReminders(ReminderService.java:24) ~[classes/:na]
	at com.taskhive.taskhive_backend.service.ReminderService.sendDueDateReminders(ReminderService.java:24) ~[classes/:na]
	at com.taskhive.taskhive_backend.service.ReminderService.sendDueDateReminders(ReminderService.java:24) ~[classes/:na]
	at com.taskhive.taskhive_backend.service.ReminderService.sendDueDateReminders(ReminderService.java:24) ~[classes/:na]
	at com.taskhive.taskhive_backend.service.ReminderService.sendDueDateReminders(ReminderService.java:24) ~[classes/:na]
	at com.taskhive.taskhive_backend.service.ReminderService.sendDueDateReminders(ReminderService.java:24) ~[classes/:na]
	at com.taskhive.taskhive_backend.service.ReminderService.sendDueDateReminders(ReminderService.java:24) ~[classes/:na]
	at com.taskhive.taskhive_backend.service.ReminderService.sendDueDateReminders(ReminderService.java:24) ~[classes/:na]
	at com.taskhive.taskhive_backend.service.ReminderService.sendDueDateReminders(ReminderService.java:24) ~[classes/:na]
	at com.taskhive.taskhive_backend.service.ReminderService.sendDueDateReminders(ReminderService.java:24) ~[classes/:na]
	at com.taskhive.taskhive_backend.service.ReminderService.sendDueDateReminders(ReminderService.java:24) ~[classes/:na]
	at com.taskhive.taskhive_backend.service.ReminderService.sendDueDateReminders(ReminderService.java:24) ~[classes/:na]
	at com.taskhive.taskhive_backend.service.ReminderService.sendDueDateReminders(ReminderService.java:24) ~[classes/:na]
	at com.taskhive.taskhive_backend.service.ReminderService.sendDueDateReminders(ReminderService.java:24) ~[classes/:na]
	at com.taskhive.taskhive_backend.service.ReminderService.sendDueDateReminders(ReminderService.java:24) ~[classes/:na]
	at com.taskhive.taskhive_backend.service.ReminderService.sendDueDateReminders(ReminderService.java:24) ~[classes/:na]
	at com.taskhive.taskhive_backend.service.ReminderService.sendDueDateReminders(ReminderService.java:24) ~[classes/:na]
	at com.taskhive.taskhive_backend.service.ReminderService.sendDueDateReminders(ReminderService.java:24) ~[classes/:na]
	at com.taskhive.taskhive_backend.service.ReminderService.sendDueDateReminders(ReminderService.java:24) ~[classes/:na]
	at com.taskhive.taskhive_backend.service.ReminderService.sendDueDateReminders(ReminderService.java:24) ~[classes/:na]
	at com.taskhive.taskhive_backend.service.ReminderService.sendDueDateReminders(ReminderService.java:24) ~[classes/:na]
	at com.taskhive.taskhive_backend.service.ReminderService.sendDueDateReminders(ReminderService.java:24) ~[classes/:na]
	at com.taskhive.taskhive_backend.service.ReminderService.sendDueDateReminders(ReminderService.java:24) ~[classes/:na]
	at com.taskhive.taskhive_backend.service.ReminderService.sendDueDateReminders(ReminderService.java:24) ~[classes/:na]
	at com.taskhive.taskhive_backend.service.ReminderService.sendDueDateReminders(ReminderService.java:24) ~[classes/:na]
	at com.taskhive.taskhive_backend.service.ReminderService.sendDueDateReminders(ReminderService.java:24) ~[classes/:na]
	at com.taskhive.taskhive_backend.service.ReminderService.sendDueDateReminders(ReminderService.java:24) ~[classes/:na]
	at com.taskhive.taskhive_backend.service.ReminderService.sendDueDateReminders(ReminderService.java:24) ~[classes/:na]
	at com.taskhive.taskhive_backend.service.ReminderService.sendDueDateReminders(ReminderService.java:24) ~[classes/:na]
	at com.taskhive.taskhive_backend.service.ReminderService.sendDueDateReminders(ReminderService.java:24) ~[classes/:na]
	at com.taskhive.taskhive_backend.service.ReminderService.sendDueDateReminders(ReminderService.java:24) ~[classes/:na]
	at com.taskhive.taskhive_backend.service.ReminderService.sendDueDateReminders(ReminderService.java:24) ~[classes/:na]
	at com.taskhive.taskhive_backend.service.ReminderService.sendDueDateReminders(ReminderService.java:24) ~[classes/:na]
	at com.taskhive.taskhive_backend.service.ReminderService.sendDueDateReminders(ReminderService.java:24) ~[classes/:na]
	at com.taskhive.taskhive_backend.service.ReminderService.sendDueDateReminders(ReminderService.java:24) ~[classes/:na]
	at com.taskhive.taskhive_backend.service.ReminderService.sendDueDateReminders(ReminderService.java:24) ~[classes/:na]
	at com.taskhive.taskhive_backend.service.ReminderService.sendDueDateReminders(ReminderService.java:24) ~[classes/:na]
	at com.taskhive.taskhive_backend.service.ReminderService.sendDueDateReminders(ReminderService.java:24) ~[classes/:na]
	at com.taskhive.taskhive_backend.service.ReminderService.sendDueDateReminders(ReminderService.java:24) ~[classes/:na]
	at com.taskhive.taskhive_backend.service.ReminderService.sendDueDateReminders(ReminderService.java:24) ~[classes/:na]
	at com.taskhive.taskhive_backend.service.ReminderService.sendDueDateReminders(ReminderService.java:24) ~[classes/:na]
	at com.taskhive.taskhive_backend.service.ReminderService.sendDueDateReminders(ReminderService.java:24) ~[classes/:na]
	at com.taskhive.taskhive_backend.service.ReminderService.sendDueDateReminders(ReminderService.java:24) ~[classes/:na]
	at com.taskhive.taskhive_backend.service.ReminderService.sendDueDateReminders(ReminderService.java:24) ~[classes/:na]
	at com.taskhive.taskhive_backend.service.ReminderService.sendDueDateReminders(ReminderService.java:24) ~[classes/:na]
	at com.taskhive.taskhive_backend.service.ReminderService.sendDueDateReminders(ReminderService.java:24) ~[classes/:na]
	at com.taskhive.taskhive_backend.service.ReminderService.sendDueDateReminders(ReminderService.java:24) ~[classes/:na]
	at com.taskhive.taskhive_backend.service.ReminderService.sendDueDateReminders(ReminderService.java:24) ~[classes/:na]
	at com.taskhive.taskhive_backend.service.ReminderService.sendDueDateReminders(ReminderService.java:24) ~[classes/:na]
	at com.taskhive.taskhive_backend.service.ReminderService.sendDueDateReminders(ReminderService.java:24) ~[classes/:na]
	at com.taskhive.taskhive_backend.service.ReminderService.sendDueDateReminders(ReminderService.java:24) ~[classes/:na]
	at com.taskhive.taskhive_backend.service.ReminderService.sendDueDateReminders(ReminderService.java:24) ~[classes/:na]
	at com.taskhive.taskhive_backend.service.ReminderService.sendDueDateReminders(ReminderService.java:24) ~[classes/:na]
	at com.taskhive.taskhive_backend.service.ReminderService.sendDueDateReminders(ReminderService.java:24) ~[classes/:na]
	at com.taskhive.taskhive_backend.service.ReminderService.sendDueDateReminders(ReminderService.java:24) ~[classes/:na]
	at com.taskhive.taskhive_backend.service.ReminderService.sendDueDateReminders(ReminderService.java:24) ~[classes/:na]
	at com.taskhive.taskhive_backend.service.ReminderService.sendDueDateReminders(ReminderService.java:24) ~[classes/:na]
	at com.taskhive.taskhive_backend.service.ReminderService.sendDueDateReminders(ReminderService.java:24) ~[classes/:na]
	at com.taskhive.taskhive_backend.service.ReminderService.sendDueDateReminders(ReminderService.java:24) ~[classes/:na]
	at com.taskhive.taskhive_backend.service.ReminderService.sendDueDateReminders(ReminderService.java:24) ~[classes/:na]
	at com.taskhive.taskhive_backend.service.ReminderService.sendDueDateReminders(ReminderService.java:24) ~[classes/:na]
	at com.taskhive.taskhive_backend.service.ReminderService.sendDueDateReminders(ReminderService.java:24) ~[classes/:na]
	at com.taskhive.taskhive_backend.service.ReminderService.sendDueDateReminders(ReminderService.java:24) ~[classes/:na]
	at com.taskhive.taskhive_backend.service.ReminderService.sendDueDateReminders(ReminderService.java:24) ~[classes/:na]
	at com.taskhive.taskhive_backend.service.ReminderService.sendDueDateReminders(ReminderService.java:24) ~[classes/:na]
	at com.taskhive.taskhive_backend.service.ReminderService.sendDueDateReminders(ReminderService.java:24) ~[classes/:na]
	at com.taskhive.taskhive_backend.service.ReminderService.sendDueDateReminders(ReminderService.java:24) ~[classes/:na]
	at com.taskhive.taskhive_backend.service.ReminderService.sendDueDateReminders(ReminderService.java:24) ~[classes/:na]
	at com.taskhive.taskhive_backend.service.ReminderService.sendDueDateReminders(ReminderService.java:24) ~[classes/:na]
	at com.taskhive.taskhive_backend.service.ReminderService.sendDueDateReminders(ReminderService.java:24) ~[classes/:na]
	at com.taskhive.taskhive_backend.service.ReminderService.sendDueDateReminders(ReminderService.java:24) ~[classes/:na]
	at com.taskhive.taskhive_backend.service.ReminderService.sendDueDateReminders(ReminderService.java:24) ~[classes/:na]
	at com.taskhive.taskhive_backend.service.ReminderService.sendDueDateReminders(ReminderService.java:24) ~[classes/:na]
	at com.taskhive.taskhive_backend.service.ReminderService.sendDueDateReminders(ReminderService.java:24) ~[classes/:na]
	at com.taskhive.taskhive_backend.service.ReminderService.sendDueDateReminders(ReminderService.java:24) ~[classes/:na]
	at com.taskhive.taskhive_backend.service.ReminderService.sendDueDateReminders(ReminderService.java:24) ~[classes/:na]
	at com.taskhive.taskhive_backend.service.ReminderService.sendDueDateReminders(ReminderService.java:24) ~[classes/:na]
	at com.taskhive.taskhive_backend.service.ReminderService.sendDueDateReminders(ReminderService.java:24) ~[classes/:na]
	at com.taskhive.taskhive_backend.service.ReminderService.sendDueDateReminders(ReminderService.java:24) ~[classes/:na]
	at com.taskhive.taskhive_backend.service.ReminderService.sendDueDateReminders(ReminderService.java:24) ~[classes/:na]
	at com.taskhive.taskhive_backend.service.ReminderService.sendDueDateReminders(ReminderService.java:24) ~[classes/:na]
	at com.taskhive.taskhive_backend.service.ReminderService.sendDueDateReminders(ReminderService.java:24) ~[classes/:na]
	at com.taskhive.taskhive_backend.service.ReminderService.sendDueDateReminders(ReminderService.java:24) ~[classes/:na]
	at com.taskhive.taskhive_backend.service.ReminderService.sendDueDateReminders(ReminderService.java:24) ~[classes/:na]
	at com.taskhive.taskhive_backend.service.ReminderService.sendDueDateReminders(ReminderService.java:24) ~[classes/:na]
	at com.taskhive.taskhive_backend.service.ReminderService.sendDueDateReminders(ReminderService.java:24) ~[classes/:na]
	at com.taskhive.taskhive_backend.service.ReminderService.sendDueDateReminders(ReminderService.java:24) ~[classes/:na]
	at com.taskhive.taskhive_backend.service.ReminderService.sendDueDateReminders(ReminderService.java:24) ~[classes/:na]
	at com.taskhive.taskhive_backend.service.ReminderService.sendDueDateReminders(ReminderService.java:24) ~[classes/:na]
	at com.taskhive.taskhive_backend.service.ReminderService.sendDueDateReminders(ReminderService.java:24) ~[classes/:na]
	at com.taskhive.taskhive_backend.service.ReminderService.sendDueDateReminders(ReminderService.java:24) ~[classes/:na]
	at com.taskhive.taskhive_backend.service.ReminderService.sendDueDateReminders(ReminderService.java:24) ~[classes/:na]
	at com.taskhive.taskhive_backend.service.ReminderService.sendDueDateReminders(ReminderService.java:24) ~[classes/:na]
	at com.taskhive.taskhive_backend.service.ReminderService.sendDueDateReminders(ReminderService.java:24) ~[classes/:na]
	at com.taskhive.taskhive_backend.service.ReminderService.sendDueDateReminders(ReminderService.java:24) ~[classes/:na]
	at com.taskhive.taskhive_backend.service.ReminderService.sendDueDateReminders(ReminderService.java:24) ~[classes/:na]
	at com.taskhive.taskhive_backend.service.ReminderService.sendDueDateReminders(ReminderService.java:24) ~[classes/:na]
	at com.taskhive.taskhive_backend.service.ReminderService.sendDueDateReminders(ReminderService.java:24) ~[classes/:na]
	at com.taskhive.taskhive_backend.service.ReminderService.sendDueDateReminders(ReminderService.java:24) ~[classes/:na]
	at com.taskhive.taskhive_backend.service.ReminderService.sendDueDateReminders(ReminderService.java:24) ~[classes/:na]
	at com.taskhive.taskhive_backend.service.ReminderService.sendDueDateReminders(ReminderService.java:24) ~[classes/:na]
	at com.taskhive.taskhive_backend.service.ReminderService.sendDueDateReminders(ReminderService.java:24) ~[classes/:na]
	at com.taskhive.taskhive_backend.service.ReminderService.sendDueDateReminders(ReminderService.java:24) ~[classes/:na]
	at com.taskhive.taskhive_backend.service.ReminderService.sendDueDateReminders(ReminderService.java:24) ~[classes/:na]
	at com.taskhive.taskhive_backend.service.ReminderService.sendDueDateReminders(ReminderService.java:24) ~[classes/:na]
	at com.taskhive.taskhive_backend.service.ReminderService.sendDueDateReminders(ReminderService.java:24) ~[classes/:na]
	at com.taskhive.taskhive_backend.service.ReminderService.sendDueDateReminders(ReminderService.java:24) ~[classes/:na]
	at com.taskhive.taskhive_backend.service.ReminderService.sendDueDateReminders(ReminderService.java:24) ~[classes/:na]
	at com.taskhive.taskhive_backend.service.ReminderService.sendDueDateReminders(ReminderService.java:24) ~[classes/:na]
	at com.taskhive.taskhive_backend.service.ReminderService.sendDueDateReminders(ReminderService.java:24) ~[classes/:na]
	at com.taskhive.taskhive_backend.service.ReminderService.sendDueDateReminders(ReminderService.java:24) ~[classes/:na]
	at com.taskhive.taskhive_backend.service.ReminderService.sendDueDateReminders(ReminderService.java:24) ~[classes/:na]
	at com.taskhive.taskhive_backend.service.ReminderService.sendDueDateReminders(ReminderService.java:24) ~[classes/:na]
	at com.taskhive.taskhive_backend.service.ReminderService.sendDueDateReminders(ReminderService.java:24) ~[classes/:na]
	at com.taskhive.taskhive_backend.service.ReminderService.sendDueDateReminders(ReminderService.java:24) ~[classes/:na]
	at com.taskhive.taskhive_backend.service.ReminderService.sendDueDateReminders(ReminderService.java:24) ~[classes/:na]
	at com.taskhive.taskhive_backend.service.ReminderService.sendDueDateReminders(ReminderService.java:24) ~[classes/:na]
	at com.taskhive.taskhive_backend.service.ReminderService.sendDueDateReminders(ReminderService.java:24) ~[classes/:na]
	at com.taskhive.taskhive_backend.service.ReminderService.sendDueDateReminders(ReminderService.java:24) ~[classes/:na]
	at com.taskhive.taskhive_backend.service.ReminderService.sendDueDateReminders(ReminderService.java:24) ~[classes/:na]
	at com.taskhive.taskhive_backend.service.ReminderService.sendDueDateReminders(ReminderService.java:24) ~[classes/:na]
	at com.taskhive.taskhive_backend.service.ReminderService.sendDueDateReminders(ReminderService.java:24) ~[classes/:na]
	at com.taskhive.taskhive_backend.service.ReminderService.sendDueDateReminders(ReminderService.java:24) ~[classes/:na]
	at com.taskhive.taskhive_backend.service.ReminderService.sendDueDateReminders(ReminderService.java:24) ~[classes/:na]
	at com.taskhive.taskhive_backend.service.ReminderService.sendDueDateReminders(ReminderService.java:24) ~[classes/:na]
	at com.taskhive.taskhive_backend.service.ReminderService.sendDueDateReminders(ReminderService.java:24) ~[classes/:na]
	at com.taskhive.taskhive_backend.service.ReminderService.sendDueDateReminders(ReminderService.java:24) ~[classes/:na]
	at com.taskhive.taskhive_backend.service.ReminderService.sendDueDateReminders(ReminderService.java:24) ~[classes/:na]
	at com.taskhive.taskhive_backend.service.ReminderService.sendDueDateReminders(ReminderService.java:24) ~[classes/:na]
	at com.taskhive.taskhive_backend.service.ReminderService.sendDueDateReminders(ReminderService.java:24) ~[classes/:na]
	at com.taskhive.taskhive_backend.service.ReminderService.sendDueDateReminders(ReminderService.java:24) ~[classes/:na]
	at com.taskhive.taskhive_backend.service.ReminderService.sendDueDateReminders(ReminderService.java:24) ~[classes/:na]
	at com.taskhive.taskhive_backend.service.ReminderService.sendDueDateReminders(ReminderService.java:24) ~[classes/:na]
	at com.taskhive.taskhive_backend.service.ReminderService.sendDueDateReminders(ReminderService.java:24) ~[classes/:na]
	at com.taskhive.taskhive_backend.service.ReminderService.sendDueDateReminders(ReminderService.java:24) ~[classes/:na]
	at com.taskhive.taskhive_backend.service.ReminderService.sendDueDateReminders(ReminderService.java:24) ~[classes/:na]
	at com.taskhive.taskhive_backend.service.ReminderService.sendDueDateReminders(ReminderService.java:24) ~[classes/:na]
	at com.taskhive.taskhive_backend.service.ReminderService.sendDueDateReminders(ReminderService.java:24) ~[classes/:na]
	at com.taskhive.taskhive_backend.service.ReminderService.sendDueDateReminders(ReminderService.java:24) ~[classes/:na]
	at com.taskhive.taskhive_backend.service.ReminderService.sendDueDateReminders(ReminderService.java:24) ~[classes/:na]
	at com.taskhive.taskhive_backend.service.ReminderService.sendDueDateReminders(ReminderService.java:24) ~[classes/:na]
	at com.taskhive.taskhive_backend.service.ReminderService.sendDueDateReminders(ReminderService.java:24) ~[classes/:na]
	at com.taskhive.taskhive_backend.service.ReminderService.sendDueDateReminders(ReminderService.java:24) ~[classes/:na]
	at com.taskhive.taskhive_backend.service.ReminderService.sendDueDateReminders(ReminderService.java:24) ~[classes/:na]
	at com.taskhive.taskhive_backend.service.ReminderService.sendDueDateReminders(ReminderService.java:24) ~[classes/:na]
	at com.taskhive.taskhive_backend.service.ReminderService.sendDueDateReminders(ReminderService.java:24) ~[classes/:na]
	at com.taskhive.taskhive_backend.service.ReminderService.sendDueDateReminders(ReminderService.java:24) ~[classes/:na]
	at com.taskhive.taskhive_backend.service.ReminderService.sendDueDateReminders(ReminderService.java:24) ~[classes/:na]
	at com.taskhive.taskhive_backend.service.ReminderService.sendDueDateReminders(ReminderService.java:24) ~[classes/:na]
	at com.taskhive.taskhive_backend.service.ReminderService.sendDueDateReminders(ReminderService.java:24) ~[classes/:na]
	at com.taskhive.taskhive_backend.service.ReminderService.sendDueDateReminders(ReminderService.java:24) ~[classes/:na]
	at com.taskhive.taskhive_backend.service.ReminderService.sendDueDateReminders(ReminderService.java:24) ~[classes/:na]
	at com.taskhive.taskhive_backend.service.ReminderService.sendDueDateReminders(ReminderService.java:24) ~[classes/:na]
	at com.taskhive.taskhive_backend.service.ReminderService.sendDueDateReminders(ReminderService.java:24) ~[classes/:na]
	at com.taskhive.taskhive_backend.service.ReminderService.sendDueDateReminders(ReminderService.java:24) ~[classes/:na]
	at com.taskhive.taskhive_backend.service.ReminderService.sendDueDateReminders(ReminderService.java:24) ~[classes/:na]
	at com.taskhive.taskhive_backend.service.ReminderService.sendDueDateReminders(ReminderService.java:24) ~[classes/:na]
	at com.taskhive.taskhive_backend.service.ReminderService.sendDueDateReminders(ReminderService.java:24) ~[classes/:na]
	at com.taskhive.taskhive_backend.service.ReminderService.sendDueDateReminders(ReminderService.java:24) ~[classes/:na]
	at com.taskhive.taskhive_backend.service.ReminderService.sendDueDateReminders(ReminderService.java:24) ~[classes/:na]
	at com.taskhive.taskhive_backend.service.ReminderService.sendDueDateReminders(ReminderService.java:24) ~[classes/:na]
	at com.taskhive.taskhive_backend.service.ReminderService.sendDueDateReminders(ReminderService.java:24) ~[classes/:na]
	at com.taskhive.taskhive_backend.service.ReminderService.sendDueDateReminders(ReminderService.java:24) ~[classes/:na]
	at com.taskhive.taskhive_backend.service.ReminderService.sendDueDateReminders(ReminderService.java:24) ~[classes/:na]
	at com.taskhive.taskhive_backend.service.ReminderService.sendDueDateReminders(ReminderService.java:24) ~[classes/:na]
	at com.taskhive.taskhive_backend.service.ReminderService.sendDueDateReminders(ReminderService.java:24) ~[classes/:na]
	at com.taskhive.taskhive_backend.service.ReminderService.sendDueDateReminders(ReminderService.java:24) ~[classes/:na]
	at com.taskhive.taskhive_backend.service.ReminderService.sendDueDateReminders(ReminderService.java:24) ~[classes/:na]
	at com.taskhive.taskhive_backend.service.ReminderService.sendDueDateReminders(ReminderService.java:24) ~[classes/:na]
	at com.taskhive.taskhive_backend.service.ReminderService.sendDueDateReminders(ReminderService.java:24) ~[classes/:na]
	at com.taskhive.taskhive_backend.service.ReminderService.sendDueDateReminders(ReminderService.java:24) ~[classes/:na]
	at com.taskhive.taskhive_backend.service.ReminderService.sendDueDateReminders(ReminderService.java:24) ~[classes/:na]
	at com.taskhive.taskhive_backend.service.ReminderService.sendDueDateReminders(ReminderService.java:24) ~[classes/:na]
	at com.taskhive.taskhive_backend.service.ReminderService.sendDueDateReminders(ReminderService.java:24) ~[classes/:na]
	at com.taskhive.taskhive_backend.service.ReminderService.sendDueDateReminders(ReminderService.java:24) ~[classes/:na]
	at com.taskhive.taskhive_backend.service.ReminderService.sendDueDateReminders(ReminderService.java:24) ~[classes/:na]
	at com.taskhive.taskhive_backend.service.ReminderService.sendDueDateReminders(ReminderService.java:24) ~[classes/:na]
	at com.taskhive.taskhive_backend.service.ReminderService.sendDueDateReminders(ReminderService.java:24) ~[classes/:na]
	at com.taskhive.taskhive_backend.service.ReminderService.sendDueDateReminders(ReminderService.java:24) ~[classes/:na]
	at com.taskhive.taskhive_backend.service.ReminderService.sendDueDateReminders(ReminderService.java:24) ~[classes/:na]
	at com.taskhive.taskhive_backend.service.ReminderService.sendDueDateReminders(ReminderService.java:24) ~[classes/:na]
	at com.taskhive.taskhive_backend.service.ReminderService.sendDueDateReminders(ReminderService.java:24) ~[classes/:na]
	at com.taskhive.taskhive_backend.service.ReminderService.sendDueDateReminders(ReminderService.java:24) ~[classes/:na]
	at com.taskhive.taskhive_backend.service.ReminderService.sendDueDateReminders(ReminderService.java:24) ~[classes/:na]
	at com.taskhive.taskhive_backend.service.ReminderService.sendDueDateReminders(ReminderService.java:24) ~[classes/:na]
	at com.taskhive.taskhive_backend.service.ReminderService.sendDueDateReminders(ReminderService.java:24) ~[classes/:na]
	at com.taskhive.taskhive_backend.service.ReminderService.sendDueDateReminders(ReminderService.java:24) ~[classes/:na]
	at com.taskhive.taskhive_backend.service.ReminderService.sendDueDateReminders(ReminderService.java:24) ~[classes/:na]
	at com.taskhive.taskhive_backend.service.ReminderService.sendDueDateReminders(ReminderService.java:24) ~[classes/:na]
	at com.taskhive.taskhive_backend.service.ReminderService.sendDueDateReminders(ReminderService.java:24) ~[classes/:na]
	at com.taskhive.taskhive_backend.service.ReminderService.sendDueDateReminders(ReminderService.java:24) ~[classes/:na]
	at com.taskhive.taskhive_backend.service.ReminderService.sendDueDateReminders(ReminderService.java:24) ~[classes/:na]
	at com.taskhive.taskhive_backend.service.ReminderService.sendDueDateReminders(ReminderService.java:24) ~[classes/:na]
	at com.taskhive.taskhive_backend.service.ReminderService.sendDueDateReminders(ReminderService.java:24) ~[classes/:na]
	at com.taskhive.taskhive_backend.service.ReminderService.sendDueDateReminders(ReminderService.java:24) ~[classes/:na]
	at com.taskhive.taskhive_backend.service.ReminderService.sendDueDateReminders(ReminderService.java:24) ~[classes/:na]
	at com.taskhive.taskhive_backend.service.ReminderService.sendDueDateReminders(ReminderService.java:24) ~[classes/:na]
	at com.taskhive.taskhive_backend.service.ReminderService.sendDueDateReminders(ReminderService.java:24) ~[classes/:na]
	at com.taskhive.taskhive_backend.service.ReminderService.sendDueDateReminders(ReminderService.java:24) ~[classes/:na]
	at com.taskhive.taskhive_backend.service.ReminderService.sendDueDateReminders(ReminderService.java:24) ~[classes/:na]
	at com.taskhive.taskhive_backend.service.ReminderService.sendDueDateReminders(ReminderService.java:24) ~[classes/:na]
	at com.taskhive.taskhive_backend.service.ReminderService.sendDueDateReminders(ReminderService.java:24) ~[classes/:na]
	at com.taskhive.taskhive_backend.service.ReminderService.sendDueDateReminders(ReminderService.java:24) ~[classes/:na]
	at com.taskhive.taskhive_backend.service.ReminderService.sendDueDateReminders(ReminderService.java:24) ~[classes/:na]
	at com.taskhive.taskhive_backend.service.ReminderService.sendDueDateReminders(ReminderService.java:24) ~[classes/:na]
	at com.taskhive.taskhive_backend.service.ReminderService.sendDueDateReminders(ReminderService.java:24) ~[classes/:na]
	at com.taskhive.taskhive_backend.service.ReminderService.sendDueDateReminders(ReminderService.java:24) ~[classes/:na]
	at com.taskhive.taskhive_backend.service.ReminderService.sendDueDateReminders(ReminderService.java:24) ~[classes/:na]
	at com.taskhive.taskhive_backend.service.ReminderService.sendDueDateReminders(ReminderService.java:24) ~[classes/:na]
	at com.taskhive.taskhive_backend.service.ReminderService.sendDueDateReminders(ReminderService.java:24) ~[classes/:na]
	at com.taskhive.taskhive_backend.service.ReminderService.sendDueDateReminders(ReminderService.java:24) ~[classes/:na]
	at com.taskhive.taskhive_backend.service.ReminderService.sendDueDateReminders(ReminderService.java:24) ~[classes/:na]
	at com.taskhive.taskhive_backend.service.ReminderService.sendDueDateReminders(ReminderService.java:24) ~[classes/:na]
	at com.taskhive.taskhive_backend.service.ReminderService.sendDueDateReminders(ReminderService.java:24) ~[classes/:na]
	at com.taskhive.taskhive_backend.service.ReminderService.sendDueDateReminders(ReminderService.java:24) ~[classes/:na]
	at com.taskhive.taskhive_backend.service.ReminderService.sendDueDateReminders(ReminderService.java:24) ~[classes/:na]
	at com.taskhive.taskhive_backend.service.ReminderService.sendDueDateReminders(ReminderService.java:24) ~[classes/:na]
	at com.taskhive.taskhive_backend.service.ReminderService.sendDueDateReminders(ReminderService.java:24) ~[classes/:na]
	at com.taskhive.taskhive_backend.service.ReminderService.sendDueDateReminders(ReminderService.java:24) ~[classes/:na]
	at com.taskhive.taskhive_backend.service.ReminderService.sendDueDateReminders(ReminderService.java:24) ~[classes/:na]
	at com.taskhive.taskhive_backend.service.ReminderService.sendDueDateReminders(ReminderService.java:24) ~[classes/:na]
	at com.taskhive.taskhive_backend.service.ReminderService.sendDueDateReminders(ReminderService.java:24) ~[classes/:na]
	at com.taskhive.taskhive_backend.service.ReminderService.sendDueDateReminders(ReminderService.java:24) ~[classes/:na]
	at com.taskhive.taskhive_backend.service.ReminderService.sendDueDateReminders(ReminderService.java:24) ~[classes/:na]
	at com.taskhive.taskhive_backend.service.ReminderService.sendDueDateReminders(ReminderService.java:24) ~[classes/:na]
	at com.taskhive.taskhive_backend.service.ReminderService.sendDueDateReminders(ReminderService.java:24) ~[classes/:na]
	at com.taskhive.taskhive_backend.service.ReminderService.sendDueDateReminders(ReminderService.java:24) ~[classes/:na]
	at com.taskhive.taskhive_backend.service.ReminderService.sendDueDateReminders(ReminderService.java:24) ~[classes/:na]
	at com.taskhive.taskhive_backend.service.ReminderService.sendDueDateReminders(ReminderService.java:24) ~[classes/:na]
	at com.taskhive.taskhive_backend.service.ReminderService.sendDueDateReminders(ReminderService.java:24) ~[classes/:na]
	at com.taskhive.taskhive_backend.service.ReminderService.sendDueDateReminders(ReminderService.java:24) ~[classes/:na]
	at com.taskhive.taskhive_backend.service.ReminderService.sendDueDateReminders(ReminderService.java:24) ~[classes/:na]
	at com.taskhive.taskhive_backend.service.ReminderService.sendDueDateReminders(ReminderService.java:24) ~[classes/:na]
	at com.taskhive.taskhive_backend.service.ReminderService.sendDueDateReminders(ReminderService.java:24) ~[classes/:na]
	at com.taskhive.taskhive_backend.service.ReminderService.sendDueDateReminders(ReminderService.java:24) ~[classes/:na]
	at com.taskhive.taskhive_backend.service.ReminderService.sendDueDateReminders(ReminderService.java:24) ~[classes/:na]
	at com.taskhive.taskhive_backend.service.ReminderService.sendDueDateReminders(ReminderService.java:24) ~[classes/:na]
	at com.taskhive.taskhive_backend.service.ReminderService.sendDueDateReminders(ReminderService.java:24) ~[classes/:na]
	at com.taskhive.taskhive_backend.service.ReminderService.sendDueDateReminders(ReminderService.java:24) ~[classes/:na]
	at com.taskhive.taskhive_backend.service.ReminderService.sendDueDateReminders(ReminderService.java:24) ~[classes/:na]
	at com.taskhive.taskhive_backend.service.ReminderService.sendDueDateReminders(ReminderService.java:24) ~[classes/:na]
	at com.taskhive.taskhive_backend.service.ReminderService.sendDueDateReminders(ReminderService.java:24) ~[classes/:na]
	at com.taskhive.taskhive_backend.service.ReminderService.sendDueDateReminders(ReminderService.java:24) ~[classes/:na]
	at com.taskhive.taskhive_backend.service.ReminderService.sendDueDateReminders(ReminderService.java:24) ~[classes/:na]
	at com.taskhive.taskhive_backend.service.ReminderService.sendDueDateReminders(ReminderService.java:24) ~[classes/:na]
	at com.taskhive.taskhive_backend.service.ReminderService.sendDueDateReminders(ReminderService.java:24) ~[classes/:na]
	at com.taskhive.taskhive_backend.service.ReminderService.sendDueDateReminders(ReminderService.java:24) ~[classes/:na]
	at com.taskhive.taskhive_backend.service.ReminderService.sendDueDateReminders(ReminderService.java:24) ~[classes/:na]
	at com.taskhive.taskhive_backend.service.ReminderService.sendDueDateReminders(ReminderService.java:24) ~[classes/:na]
	at com.taskhive.taskhive_backend.service.ReminderService.sendDueDateReminders(ReminderService.java:24) ~[classes/:na]
	at com.taskhive.taskhive_backend.service.ReminderService.sendDueDateReminders(ReminderService.java:24) ~[classes/:na]
	at com.taskhive.taskhive_backend.service.ReminderService.sendDueDateReminders(ReminderService.java:24) ~[classes/:na]
	at com.taskhive.taskhive_backend.service.ReminderService.sendDueDateReminders(ReminderService.java:24) ~[classes/:na]
	at com.taskhive.taskhive_backend.service.ReminderService.sendDueDateReminders(ReminderService.java:24) ~[classes/:na]
	at com.taskhive.taskhive_backend.service.ReminderService.sendDueDateReminders(ReminderService.java:24) ~[classes/:na]
	at com.taskhive.taskhive_backend.service.ReminderService.sendDueDateReminders(ReminderService.java:24) ~[classes/:na]
	at com.taskhive.taskhive_backend.service.ReminderService.sendDueDateReminders(ReminderService.java:24) ~[classes/:na]
	at com.taskhive.taskhive_backend.service.ReminderService.sendDueDateReminders(ReminderService.java:24) ~[classes/:na]
	at com.taskhive.taskhive_backend.service.ReminderService.sendDueDateReminders(ReminderService.java:24) ~[classes/:na]
	at com.taskhive.taskhive_backend.service.ReminderService.sendDueDateReminders(ReminderService.java:24) ~[classes/:na]
	at com.taskhive.taskhive_backend.service.ReminderService.sendDueDateReminders(ReminderService.java:24) ~[classes/:na]
	at com.taskhive.taskhive_backend.service.ReminderService.sendDueDateReminders(ReminderService.java:24) ~[classes/:na]
	at com.taskhive.taskhive_backend.service.ReminderService.sendDueDateReminders(ReminderService.java:24) ~[classes/:na]
	at com.taskhive.taskhive_backend.service.ReminderService.sendDueDateReminders(ReminderService.java:24) ~[classes/:na]
	at com.taskhive.taskhive_backend.service.ReminderService.sendDueDateReminders(ReminderService.java:24) ~[classes/:na]
	at com.taskhive.taskhive_backend.service.ReminderService.sendDueDateReminders(ReminderService.java:24) ~[classes/:na]
	at com.taskhive.taskhive_backend.service.ReminderService.sendDueDateReminders(ReminderService.java:24) ~[classes/:na]
	at com.taskhive.taskhive_backend.service.ReminderService.sendDueDateReminders(ReminderService.java:24) ~[classes/:na]
	at com.taskhive.taskhive_backend.service.ReminderService.sendDueDateReminders(ReminderService.java:24) ~[classes/:na]
	at com.taskhive.taskhive_backend.service.ReminderService.sendDueDateReminders(ReminderService.java:24) ~[classes/:na]
	at com.taskhive.taskhive_backend.service.ReminderService.sendDueDateReminders(ReminderService.java:24) ~[classes/:na]
	at com.taskhive.taskhive_backend.service.ReminderService.sendDueDateReminders(ReminderService.java:24) ~[classes/:na]
	at com.taskhive.taskhive_backend.service.ReminderService.sendDueDateReminders(ReminderService.java:24) ~[classes/:na]
	at com.taskhive.taskhive_backend.service.ReminderService.sendDueDateReminders(ReminderService.java:24) ~[classes/:na]
	at com.taskhive.taskhive_backend.service.ReminderService.sendDueDateReminders(ReminderService.java:24) ~[classes/:na]
	at com.taskhive.taskhive_backend.service.ReminderService.sendDueDateReminders(ReminderService.java:24) ~[classes/:na]
	at com.taskhive.taskhive_backend.service.ReminderService.sendDueDateReminders(ReminderService.java:24) ~[classes/:na]
	at com.taskhive.taskhive_backend.service.ReminderService.sendDueDateReminders(ReminderService.java:24) ~[classes/:na]
	at com.taskhive.taskhive_backend.service.ReminderService.sendDueDateReminders(ReminderService.java:24) ~[classes/:na]
	at com.taskhive.taskhive_backend.service.ReminderService.sendDueDateReminders(ReminderService.java:24) ~[classes/:na]
	at com.taskhive.taskhive_backend.service.ReminderService.sendDueDateReminders(ReminderService.java:24) ~[classes/:na]
	at com.taskhive.taskhive_backend.service.ReminderService.sendDueDateReminders(ReminderService.java:24) ~[classes/:na]
	at com.taskhive.taskhive_backend.service.ReminderService.sendDueDateReminders(ReminderService.java:24) ~[classes/:na]
	at com.taskhive.taskhive_backend.service.ReminderService.sendDueDateReminders(ReminderService.java:24) ~[classes/:na]
	at com.taskhive.taskhive_backend.service.ReminderService.sendDueDateReminders(ReminderService.java:24) ~[classes/:na]
	at com.taskhive.taskhive_backend.service.ReminderService.sendDueDateReminders(ReminderService.java:24) ~[classes/:na]
	at com.taskhive.taskhive_backend.service.ReminderService.sendDueDateReminders(ReminderService.java:24) ~[classes/:na]
	at com.taskhive.taskhive_backend.service.ReminderService.sendDueDateReminders(ReminderService.java:24) ~[classes/:na]
	at com.taskhive.taskhive_backend.service.ReminderService.sendDueDateReminders(ReminderService.java:24) ~[classes/:na]
	at com.taskhive.taskhive_backend.service.ReminderService.sendDueDateReminders(ReminderService.java:24) ~[classes/:na]
	at com.taskhive.taskhive_backend.service.ReminderService.sendDueDateReminders(ReminderService.java:24) ~[classes/:na]
	at com.taskhive.taskhive_backend.service.ReminderService.sendDueDateReminders(ReminderService.java:24) ~[classes/:na]
	at com.taskhive.taskhive_backend.service.ReminderService.sendDueDateReminders(ReminderService.java:24) ~[classes/:na]
	at com.taskhive.taskhive_backend.service.ReminderService.sendDueDateReminders(ReminderService.java:24) ~[classes/:na]
	at com.taskhive.taskhive_backend.service.ReminderService.sendDueDateReminders(ReminderService.java:24) ~[classes/:na]
	at com.taskhive.taskhive_backend.service.ReminderService.sendDueDateReminders(ReminderService.java:24) ~[classes/:na]
	at com.taskhive.taskhive_backend.service.ReminderService.sendDueDateReminders(ReminderService.java:24) ~[classes/:na]
	at com.taskhive.taskhive_backend.service.ReminderService.sendDueDateReminders(ReminderService.java:24) ~[classes/:na]
	at com.taskhive.taskhive_backend.service.ReminderService.sendDueDateReminders(ReminderService.java:24) ~[classes/:na]
	at com.taskhive.taskhive_backend.service.ReminderService.sendDueDateReminders(ReminderService.java:24) ~[classes/:na]
	at com.taskhive.taskhive_backend.service.ReminderService.sendDueDateReminders(ReminderService.java:24) ~[classes/:na]
	at com.taskhive.taskhive_backend.service.ReminderService.sendDueDateReminders(ReminderService.java:24) ~[classes/:na]
	at com.taskhive.taskhive_backend.service.ReminderService.sendDueDateReminders(ReminderService.java:24) ~[classes/:na]
	at com.taskhive.taskhive_backend.service.ReminderService.sendDueDateReminders(ReminderService.java:24) ~[classes/:na]
	at com.taskhive.taskhive_backend.service.ReminderService.sendDueDateReminders(ReminderService.java:24) ~[classes/:na]
	at com.taskhive.taskhive_backend.service.ReminderService.sendDueDateReminders(ReminderService.java:24) ~[classes/:na]
	at com.taskhive.taskhive_backend.service.ReminderService.sendDueDateReminders(ReminderService.java:24) ~[classes/:na]
	at com.taskhive.taskhive_backend.service.ReminderService.sendDueDateReminders(ReminderService.java:24) ~[classes/:na]
	at com.taskhive.taskhive_backend.service.ReminderService.sendDueDateReminders(ReminderService.java:24) ~[classes/:na]
	at com.taskhive.taskhive_backend.service.ReminderService.sendDueDateReminders(ReminderService.java:24) ~[classes/:na]
	at com.taskhive.taskhive_backend.service.ReminderService.sendDueDateReminders(ReminderService.java:24) ~[classes/:na]
	at com.taskhive.taskhive_backend.service.ReminderService.sendDueDateReminders(ReminderService.java:24) ~[classes/:na]
	at com.taskhive.taskhive_backend.service.ReminderService.sendDueDateReminders(ReminderService.java:24) ~[classes/:na]
	at com.taskhive.taskhive_backend.service.ReminderService.sendDueDateReminders(ReminderService.java:24) ~[classes/:na]
	at com.taskhive.taskhive_backend.service.ReminderService.sendDueDateReminders(ReminderService.java:24) ~[classes/:na]
	at com.taskhive.taskhive_backend.service.ReminderService.sendDueDateReminders(ReminderService.java:24) ~[classes/:na]
	at com.taskhive.taskhive_backend.service.ReminderService.sendDueDateReminders(ReminderService.java:24) ~[classes/:na]
	at com.taskhive.taskhive_backend.service.ReminderService.sendDueDateReminders(ReminderService.java:24) ~[classes/:na]
	at com.taskhive.taskhive_backend.service.ReminderService.sendDueDateReminders(ReminderService.java:24) ~[classes/:na]
	at com.taskhive.taskhive_backend.service.ReminderService.sendDueDateReminders(ReminderService.java:24) ~[classes/:na]
	at com.taskhive.taskhive_backend.service.ReminderService.sendDueDateReminders(ReminderService.java:24) ~[classes/:na]
	at com.taskhive.taskhive_backend.service.ReminderService.sendDueDateReminders(ReminderService.java:24) ~[classes/:na]
	at com.taskhive.taskhive_backend.service.ReminderService.sendDueDateReminders(ReminderService.java:24) ~[classes/:na]
	at com.taskhive.taskhive_backend.service.ReminderService.sendDueDateReminders(ReminderService.java:24) ~[classes/:na]
	at com.taskhive.taskhive_backend.service.ReminderService.sendDueDateReminders(ReminderService.java:24) ~[classes/:na]
	at com.taskhive.taskhive_backend.service.ReminderService.sendDueDateReminders(ReminderService.java:24) ~[classes/:na]
	at com.taskhive.taskhive_backend.service.ReminderService.sendDueDateReminders(ReminderService.java:24) ~[classes/:na]
	at com.taskhive.taskhive_backend.service.ReminderService.sendDueDateReminders(ReminderService.java:24) ~[classes/:na]
	at com.taskhive.taskhive_backend.service.ReminderService.sendDueDateReminders(ReminderService.java:24) ~[classes/:na]
	at com.taskhive.taskhive_backend.service.ReminderService.sendDueDateReminders(ReminderService.java:24) ~[classes/:na]
	at com.taskhive.taskhive_backend.service.ReminderService.sendDueDateReminders(ReminderService.java:24) ~[classes/:na]
	at com.taskhive.taskhive_backend.service.ReminderService.sendDueDateReminders(ReminderService.java:24) ~[classes/:na]
	at com.taskhive.taskhive_backend.service.ReminderService.sendDueDateReminders(ReminderService.java:24) ~[classes/:na]
	at com.taskhive.taskhive_backend.service.ReminderService.sendDueDateReminders(ReminderService.java:24) ~[classes/:na]
	at com.taskhive.taskhive_backend.service.ReminderService.sendDueDateReminders(ReminderService.java:24) ~[classes/:na]
	at com.taskhive.taskhive_backend.service.ReminderService.sendDueDateReminders(ReminderService.java:24) ~[classes/:na]
	at com.taskhive.taskhive_backend.service.ReminderService.sendDueDateReminders(ReminderService.java:24) ~[classes/:na]
	at com.taskhive.taskhive_backend.service.ReminderService.sendDueDateReminders(ReminderService.java:24) ~[classes/:na]
	at com.taskhive.taskhive_backend.service.ReminderService.sendDueDateReminders(ReminderService.java:24) ~[classes/:na]
	at com.taskhive.taskhive_backend.service.ReminderService.sendDueDateReminders(ReminderService.java:24) ~[classes/:na]
	at com.taskhive.taskhive_backend.service.ReminderService.sendDueDateReminders(ReminderService.java:24) ~[classes/:na]
	at com.taskhive.taskhive_backend.service.ReminderService.sendDueDateReminders(ReminderService.java:24) ~[classes/:na]
	at com.taskhive.taskhive_backend.service.ReminderService.sendDueDateReminders(ReminderService.java:24) ~[classes/:na]
	at com.taskhive.taskhive_backend.service.ReminderService.sendDueDateReminders(ReminderService.java:24) ~[classes/:na]
	at com.taskhive.taskhive_backend.service.ReminderService.sendDueDateReminders(ReminderService.java:24) ~[classes/:na]
	at com.taskhive.taskhive_backend.service.ReminderService.sendDueDateReminders(ReminderService.java:24) ~[classes/:na]
	at com.taskhive.taskhive_backend.service.ReminderService.sendDueDateReminders(ReminderService.java:24) ~[classes/:na]
	at com.taskhive.taskhive_backend.service.ReminderService.sendDueDateReminders(ReminderService.java:24) ~[classes/:na]
	at com.taskhive.taskhive_backend.service.ReminderService.sendDueDateReminders(ReminderService.java:24) ~[classes/:na]
	at com.taskhive.taskhive_backend.service.ReminderService.sendDueDateReminders(ReminderService.java:24) ~[classes/:na]
	at com.taskhive.taskhive_backend.service.ReminderService.sendDueDateReminders(ReminderService.java:24) ~[classes/:na]
	at com.taskhive.taskhive_backend.service.ReminderService.sendDueDateReminders(ReminderService.java:24) ~[classes/:na]
	at com.taskhive.taskhive_backend.service.ReminderService.sendDueDateReminders(ReminderService.java:24) ~[classes/:na]
	at com.taskhive.taskhive_backend.service.ReminderService.sendDueDateReminders(ReminderService.java:24) ~[classes/:na]
	at com.taskhive.taskhive_backend.service.ReminderService.sendDueDateReminders(ReminderService.java:24) ~[classes/:na]
	at com.taskhive.taskhive_backend.service.ReminderService.sendDueDateReminders(ReminderService.java:24) ~[classes/:na]
	at com.taskhive.taskhive_backend.service.ReminderService.sendDueDateReminders(ReminderService.java:24) ~[classes/:na]
	at com.taskhive.taskhive_backend.service.ReminderService.sendDueDateReminders(ReminderService.java:24) ~[classes/:na]
	at com.taskhive.taskhive_backend.service.ReminderService.sendDueDateReminders(ReminderService.java:24) ~[classes/:na]
	at com.taskhive.taskhive_backend.service.ReminderService.sendDueDateReminders(ReminderService.java:24) ~[classes/:na]
	at com.taskhive.taskhive_backend.service.ReminderService.sendDueDateReminders(ReminderService.java:24) ~[classes/:na]
	at com.taskhive.taskhive_backend.service.ReminderService.sendDueDateReminders(ReminderService.java:24) ~[classes/:na]
	at com.taskhive.taskhive_backend.service.ReminderService.sendDueDateReminders(ReminderService.java:24) ~[classes/:na]
	at com.taskhive.taskhive_backend.service.ReminderService.sendDueDateReminders(ReminderService.java:24) ~[classes/:na]
	at com.taskhive.taskhive_backend.service.ReminderService.sendDueDateReminders(ReminderService.java:24) ~[classes/:na]
	at com.taskhive.taskhive_backend.service.ReminderService.sendDueDateReminders(ReminderService.java:24) ~[classes/:na]
	at com.taskhive.taskhive_backend.service.ReminderService.sendDueDateReminders(ReminderService.java:24) ~[classes/:na]
	at com.taskhive.taskhive_backend.service.ReminderService.sendDueDateReminders(ReminderService.java:24) ~[classes/:na]
	at com.taskhive.taskhive_backend.service.ReminderService.sendDueDateReminders(ReminderService.java:24) ~[classes/:na]
	at com.taskhive.taskhive_backend.service.ReminderService.sendDueDateReminders(ReminderService.java:24) ~[classes/:na]
	at com.taskhive.taskhive_backend.service.ReminderService.sendDueDateReminders(ReminderService.java:24) ~[classes/:na]
	at com.taskhive.taskhive_backend.service.ReminderService.sendDueDateReminders(ReminderService.java:24) ~[classes/:na]
	at com.taskhive.taskhive_backend.service.ReminderService.sendDueDateReminders(ReminderService.java:24) ~[classes/:na]
	at com.taskhive.taskhive_backend.service.ReminderService.sendDueDateReminders(ReminderService.java:24) ~[classes/:na]
	at com.taskhive.taskhive_backend.service.ReminderService.sendDueDateReminders(ReminderService.java:24) ~[classes/:na]
	at com.taskhive.taskhive_backend.service.ReminderService.sendDueDateReminders(ReminderService.java:24) ~[classes/:na]
	at com.taskhive.taskhive_backend.service.ReminderService.sendDueDateReminders(ReminderService.java:24) ~[classes/:na]
	at com.taskhive.taskhive_backend.service.ReminderService.sendDueDateReminders(ReminderService.java:24) ~[classes/:na]
	at com.taskhive.taskhive_backend.service.ReminderService.sendDueDateReminders(ReminderService.java:24) ~[classes/:na]
	at com.taskhive.taskhive_backend.service.ReminderService.sendDueDateReminders(ReminderService.java:24) ~[classes/:na]
	at com.taskhive.taskhive_backend.service.ReminderService.sendDueDateReminders(ReminderService.java:24) ~[classes/:na]
	at com.taskhive.taskhive_backend.service.ReminderService.sendDueDateReminders(ReminderService.java:24) ~[classes/:na]
	at com.taskhive.taskhive_backend.service.ReminderService.sendDueDateReminders(ReminderService.java:24) ~[classes/:na]
	at com.taskhive.taskhive_backend.service.ReminderService.sendDueDateReminders(ReminderService.java:24) ~[classes/:na]
	at com.taskhive.taskhive_backend.service.ReminderService.sendDueDateReminders(ReminderService.java:24) ~[classes/:na]
	at com.taskhive.taskhive_backend.service.ReminderService.sendDueDateReminders(ReminderService.java:24) ~[classes/:na]
	at com.taskhive.taskhive_backend.service.ReminderService.sendDueDateReminders(ReminderService.java:24) ~[classes/:na]
	at com.taskhive.taskhive_backend.service.ReminderService.sendDueDateReminders(ReminderService.java:24) ~[classes/:na]
	at com.taskhive.taskhive_backend.service.ReminderService.sendDueDateReminders(ReminderService.java:24) ~[classes/:na]
	at com.taskhive.taskhive_backend.service.ReminderService.sendDueDateReminders(ReminderService.java:24) ~[classes/:na]
	at com.taskhive.taskhive_backend.service.ReminderService.sendDueDateReminders(ReminderService.java:24) ~[classes/:na]
	at com.taskhive.taskhive_backend.service.ReminderService.sendDueDateReminders(ReminderService.java:24) ~[classes/:na]
	at com.taskhive.taskhive_backend.service.ReminderService.sendDueDateReminders(ReminderService.java:24) ~[classes/:na]
	at com.taskhive.taskhive_backend.service.ReminderService.sendDueDateReminders(ReminderService.java:24) ~[classes/:na]
	at com.taskhive.taskhive_backend.service.ReminderService.sendDueDateReminders(ReminderService.java:24) ~[classes/:na]
	at com.taskhive.taskhive_backend.service.ReminderService.sendDueDateReminders(ReminderService.java:24) ~[classes/:na]
	at com.taskhive.taskhive_backend.service.ReminderService.sendDueDateReminders(ReminderService.java:24) ~[classes/:na]
	at com.taskhive.taskhive_backend.service.ReminderService.sendDueDateReminders(ReminderService.java:24) ~[classes/:na]
	at com.taskhive.taskhive_backend.service.ReminderService.sendDueDateReminders(ReminderService.java:24) ~[classes/:na]
	at com.taskhive.taskhive_backend.service.ReminderService.sendDueDateReminders(ReminderService.java:24) ~[classes/:na]
	at com.taskhive.taskhive_backend.service.ReminderService.sendDueDateReminders(ReminderService.java:24) ~[classes/:na]
	at com.taskhive.taskhive_backend.service.ReminderService.sendDueDateReminders(ReminderService.java:24) ~[classes/:na]
	at com.taskhive.taskhive_backend.service.ReminderService.sendDueDateReminders(ReminderService.java:24) ~[classes/:na]
	at com.taskhive.taskhive_backend.service.ReminderService.sendDueDateReminders(ReminderService.java:24) ~[classes/:na]
	at com.taskhive.taskhive_backend.service.ReminderService.sendDueDateReminders(ReminderService.java:24) ~[classes/:na]
	at com.taskhive.taskhive_backend.service.ReminderService.sendDueDateReminders(ReminderService.java:24) ~[classes/:na]
	at com.taskhive.taskhive_backend.service.ReminderService.sendDueDateReminders(ReminderService.java:24) ~[classes/:na]
	at com.taskhive.taskhive_backend.service.ReminderService.sendDueDateReminders(ReminderService.java:24) ~[classes/:na]
	at com.taskhive.taskhive_backend.service.ReminderService.sendDueDateReminders(ReminderService.java:24) ~[classes/:na]
	at com.taskhive.taskhive_backend.service.ReminderService.sendDueDateReminders(ReminderService.java:24) ~[classes/:na]
	at com.taskhive.taskhive_backend.service.ReminderService.sendDueDateReminders(ReminderService.java:24) ~[classes/:na]
	at com.taskhive.taskhive_backend.service.ReminderService.sendDueDateReminders(ReminderService.java:24) ~[classes/:na]
	at com.taskhive.taskhive_backend.service.ReminderService.sendDueDateReminders(ReminderService.java:24) ~[classes/:na]
	at com.taskhive.taskhive_backend.service.ReminderService.sendDueDateReminders(ReminderService.java:24) ~[classes/:na]
	at com.taskhive.taskhive_backend.service.ReminderService.sendDueDateReminders(ReminderService.java:24) ~[classes/:na]
	at com.taskhive.taskhive_backend.service.ReminderService.sendDueDateReminders(ReminderService.java:24) ~[classes/:na]
	at com.taskhive.taskhive_backend.service.ReminderService.sendDueDateReminders(ReminderService.java:24) ~[classes/:na]
	at com.taskhive.taskhive_backend.service.ReminderService.sendDueDateReminders(ReminderService.java:24) ~[classes/:na]
	at com.taskhive.taskhive_backend.service.ReminderService.sendDueDateReminders(ReminderService.java:24) ~[classes/:na]
	at com.taskhive.taskhive_backend.service.ReminderService.sendDueDateReminders(ReminderService.java:24) ~[classes/:na]
	at com.taskhive.taskhive_backend.service.ReminderService.sendDueDateReminders(ReminderService.java:24) ~[classes/:na]
	at com.taskhive.taskhive_backend.service.ReminderService.sendDueDateReminders(ReminderService.java:24) ~[classes/:na]
	at com.taskhive.taskhive_backend.service.ReminderService.sendDueDateReminders(ReminderService.java:24) ~[classes/:na]
	at com.taskhive.taskhive_backend.service.ReminderService.sendDueDateReminders(ReminderService.java:24) ~[classes/:na]
	at com.taskhive.taskhive_backend.service.ReminderService.sendDueDateReminders(ReminderService.java:24) ~[classes/:na]
	at com.taskhive.taskhive_backend.service.ReminderService.sendDueDateReminders(ReminderService.java:24) ~[classes/:na]
	at com.taskhive.taskhive_backend.service.ReminderService.sendDueDateReminders(ReminderService.java:24) ~[classes/:na]
	at com.taskhive.taskhive_backend.service.ReminderService.sendDueDateReminders(ReminderService.java:24) ~[classes/:na]
	at com.taskhive.taskhive_backend.service.ReminderService.sendDueDateReminders(ReminderService.java:24) ~[classes/:na]
	at com.taskhive.taskhive_backend.service.ReminderService.sendDueDateReminders(ReminderService.java:24) ~[classes/:na]
	at com.taskhive.taskhive_backend.service.ReminderService.sendDueDateReminders(ReminderService.java:24) ~[classes/:na]
	at com.taskhive.taskhive_backend.service.ReminderService.sendDueDateReminders(ReminderService.java:24) ~[classes/:na]
	at com.taskhive.taskhive_backend.service.ReminderService.sendDueDateReminders(ReminderService.java:24) ~[classes/:na]
	at com.taskhive.taskhive_backend.service.ReminderService.sendDueDateReminders(ReminderService.java:24) ~[classes/:na]
	at com.taskhive.taskhive_backend.service.ReminderService.sendDueDateReminders(ReminderService.java:24) ~[classes/:na]
	at com.taskhive.taskhive_backend.service.ReminderService.sendDueDateReminders(ReminderService.java:24) ~[classes/:na]
	at com.taskhive.taskhive_backend.service.ReminderService.sendDueDateReminders(ReminderService.java:24) ~[classes/:na]
	at com.taskhive.taskhive_backend.service.ReminderService.sendDueDateReminders(ReminderService.java:24) ~[classes/:na]
	at com.taskhive.taskhive_backend.service.ReminderService.sendDueDateReminders(ReminderService.java:24) ~[classes/:na]
	at com.taskhive.taskhive_backend.service.ReminderService.sendDueDateReminders(ReminderService.java:24) ~[classes/:na]
	at com.taskhive.taskhive_backend.service.ReminderService.sendDueDateReminders(ReminderService.java:24) ~[classes/:na]
	at com.taskhive.taskhive_backend.service.ReminderService.sendDueDateReminders(ReminderService.java:24) ~[classes/:na]
	at com.taskhive.taskhive_backend.service.ReminderService.sendDueDateReminders(ReminderService.java:24) ~[classes/:na]
	at com.taskhive.taskhive_backend.service.ReminderService.sendDueDateReminders(ReminderService.java:24) ~[classes/:na]
	at com.taskhive.taskhive_backend.service.ReminderService.sendDueDateReminders(ReminderService.java:24) ~[classes/:na]
	at com.taskhive.taskhive_backend.service.ReminderService.sendDueDateReminders(ReminderService.java:24) ~[classes/:na]
	at com.taskhive.taskhive_backend.service.ReminderService.sendDueDateReminders(ReminderService.java:24) ~[classes/:na]
	at com.taskhive.taskhive_backend.service.ReminderService.sendDueDateReminders(ReminderService.java:24) ~[classes/:na]
	at com.taskhive.taskhive_backend.service.ReminderService.sendDueDateReminders(ReminderService.java:24) ~[classes/:na]
	at com.taskhive.taskhive_backend.service.ReminderService.sendDueDateReminders(ReminderService.java:24) ~[classes/:na]
	at com.taskhive.taskhive_backend.service.ReminderService.sendDueDateReminders(ReminderService.java:24) ~[classes/:na]
	at com.taskhive.taskhive_backend.service.ReminderService.sendDueDateReminders(ReminderService.java:24) ~[classes/:na]
	at com.taskhive.taskhive_backend.service.ReminderService.sendDueDateReminders(ReminderService.java:24) ~[classes/:na]
	at com.taskhive.taskhive_backend.service.ReminderService.sendDueDateReminders(ReminderService.java:24) ~[classes/:na]
	at com.taskhive.taskhive_backend.service.ReminderService.sendDueDateReminders(ReminderService.java:24) ~[classes/:na]
	at com.taskhive.taskhive_backend.service.ReminderService.sendDueDateReminders(ReminderService.java:24) ~[classes/:na]
	at com.taskhive.taskhive_backend.service.ReminderService.sendDueDateReminders(ReminderService.java:24) ~[classes/:na]
	at com.taskhive.taskhive_backend.service.ReminderService.sendDueDateReminders(ReminderService.java:24) ~[classes/:na]
	at com.taskhive.taskhive_backend.service.ReminderService.sendDueDateReminders(ReminderService.java:24) ~[classes/:na]
	at com.taskhive.taskhive_backend.service.ReminderService.sendDueDateReminders(ReminderService.java:24) ~[classes/:na]
	at com.taskhive.taskhive_backend.service.ReminderService.sendDueDateReminders(ReminderService.java:24) ~[classes/:na]
	at com.taskhive.taskhive_backend.service.ReminderService.sendDueDateReminders(ReminderService.java:24) ~[classes/:na]
	at com.taskhive.taskhive_backend.service.ReminderService.sendDueDateReminders(ReminderService.java:24) ~[classes/:na]
	at com.taskhive.taskhive_backend.service.ReminderService.sendDueDateReminders(ReminderService.java:24) ~[classes/:na]
	at com.taskhive.taskhive_backend.service.ReminderService.sendDueDateReminders(ReminderService.java:24) ~[classes/:na]
	at com.taskhive.taskhive_backend.service.ReminderService.sendDueDateReminders(ReminderService.java:24) ~[classes/:na]
	at com.taskhive.taskhive_backend.service.ReminderService.sendDueDateReminders(ReminderService.java:24) ~[classes/:na]
	at com.taskhive.taskhive_backend.service.ReminderService.sendDueDateReminders(ReminderService.java:24) ~[classes/:na]
	at com.taskhive.taskhive_backend.service.ReminderService.sendDueDateReminders(ReminderService.java:24) ~[classes/:na]
	at com.taskhive.taskhive_backend.service.ReminderService.sendDueDateReminders(ReminderService.java:24) ~[classes/:na]
	at com.taskhive.taskhive_backend.service.ReminderService.sendDueDateReminders(ReminderService.java:24) ~[classes/:na]
	at com.taskhive.taskhive_backend.service.ReminderService.sendDueDateReminders(ReminderService.java:24) ~[classes/:na]
	at com.taskhive.taskhive_backend.service.ReminderService.sendDueDateReminders(ReminderService.java:24) ~[classes/:na]
	at com.taskhive.taskhive_backend.service.ReminderService.sendDueDateReminders(ReminderService.java:24) ~[classes/:na]
	at com.taskhive.taskhive_backend.service.ReminderService.sendDueDateReminders(ReminderService.java:24) ~[classes/:na]
	at com.taskhive.taskhive_backend.service.ReminderService.sendDueDateReminders(ReminderService.java:24) ~[classes/:na]
	at com.taskhive.taskhive_backend.service.ReminderService.sendDueDateReminders(ReminderService.java:24) ~[classes/:na]
	at com.taskhive.taskhive_backend.service.ReminderService.sendDueDateReminders(ReminderService.java:24) ~[classes/:na]
	at com.taskhive.taskhive_backend.service.ReminderService.sendDueDateReminders(ReminderService.java:24) ~[classes/:na]
	at com.taskhive.taskhive_backend.service.ReminderService.sendDueDateReminders(ReminderService.java:24) ~[classes/:na]
	at com.taskhive.taskhive_backend.service.ReminderService.sendDueDateReminders(ReminderService.java:24) ~[classes/:na]
	at com.taskhive.taskhive_backend.service.ReminderService.sendDueDateReminders(ReminderService.java:24) ~[classes/:na]
	at com.taskhive.taskhive_backend.service.ReminderService.sendDueDateReminders(ReminderService.java:24) ~[classes/:na]
	at com.taskhive.taskhive_backend.service.ReminderService.sendDueDateReminders(ReminderService.java:24) ~[classes/:na]
	at com.taskhive.taskhive_backend.service.ReminderService.sendDueDateReminders(ReminderService.java:24) ~[classes/:na]
	at com.taskhive.taskhive_backend.service.ReminderService.sendDueDateReminders(ReminderService.java:24) ~[classes/:na]
	at com.taskhive.taskhive_backend.service.ReminderService.sendDueDateReminders(ReminderService.java:24) ~[classes/:na]
	at com.taskhive.taskhive_backend.service.ReminderService.sendDueDateReminders(ReminderService.java:24) ~[classes/:na]
	at com.taskhive.taskhive_backend.service.ReminderService.sendDueDateReminders(ReminderService.java:24) ~[classes/:na]
	at com.taskhive.taskhive_backend.service.ReminderService.sendDueDateReminders(ReminderService.java:24) ~[classes/:na]
	at com.taskhive.taskhive_backend.service.ReminderService.sendDueDateReminders(ReminderService.java:24) ~[classes/:na]
	at com.taskhive.taskhive_backend.service.ReminderService.sendDueDateReminders(ReminderService.java:24) ~[classes/:na]
	at com.taskhive.taskhive_backend.service.ReminderService.sendDueDateReminders(ReminderService.java:24) ~[classes/:na]
	at com.taskhive.taskhive_backend.service.ReminderService.sendDueDateReminders(ReminderService.java:24) ~[classes/:na]
	at com.taskhive.taskhive_backend.service.ReminderService.sendDueDateReminders(ReminderService.java:24) ~[classes/:na]
	at com.taskhive.taskhive_backend.service.ReminderService.sendDueDateReminders(ReminderService.java:24) ~[classes/:na]
	at com.taskhive.taskhive_backend.service.ReminderService.sendDueDateReminders(ReminderService.java:24) ~[classes/:na]
	at com.taskhive.taskhive_backend.service.ReminderService.sendDueDateReminders(ReminderService.java:24) ~[classes/:na]
	at com.taskhive.taskhive_backend.service.ReminderService.sendDueDateReminders(ReminderService.java:24) ~[classes/:na]
	at com.taskhive.taskhive_backend.service.ReminderService.sendDueDateReminders(ReminderService.java:24) ~[classes/:na]
	at com.taskhive.taskhive_backend.service.ReminderService.sendDueDateReminders(ReminderService.java:24) ~[classes/:na]
	at com.taskhive.taskhive_backend.service.ReminderService.sendDueDateReminders(ReminderService.java:24) ~[classes/:na]
	at com.taskhive.taskhive_backend.service.ReminderService.sendDueDateReminders(ReminderService.java:24) ~[classes/:na]
	at com.taskhive.taskhive_backend.service.ReminderService.sendDueDateReminders(ReminderService.java:24) ~[classes/:na]
	at com.taskhive.taskhive_backend.service.ReminderService.sendDueDateReminders(ReminderService.java:24) ~[classes/:na]
	at com.taskhive.taskhive_backend.service.ReminderService.sendDueDateReminders(ReminderService.java:24) ~[classes/:na]
	at com.taskhive.taskhive_backend.service.ReminderService.sendDueDateReminders(ReminderService.java:24) ~[classes/:na]
	at com.taskhive.taskhive_backend.service.ReminderService.sendDueDateReminders(ReminderService.java:24) ~[classes/:na]
	at com.taskhive.taskhive_backend.service.ReminderService.sendDueDateReminders(ReminderService.java:24) ~[classes/:na]
	at com.taskhive.taskhive_backend.service.ReminderService.sendDueDateReminders(ReminderService.java:24) ~[classes/:na]
	at com.taskhive.taskhive_backend.service.ReminderService.sendDueDateReminders(ReminderService.java:24) ~[classes/:na]
	at com.taskhive.taskhive_backend.service.ReminderService.sendDueDateReminders(ReminderService.java:24) ~[classes/:na]
	at com.taskhive.taskhive_backend.service.ReminderService.sendDueDateReminders(ReminderService.java:24) ~[classes/:na]
	at com.taskhive.taskhive_backend.service.ReminderService.sendDueDateReminders(ReminderService.java:24) ~[classes/:na]
	at com.taskhive.taskhive_backend.service.ReminderService.sendDueDateReminders(ReminderService.java:24) ~[classes/:na]
	at com.taskhive.taskhive_backend.service.ReminderService.sendDueDateReminders(ReminderService.java:24) ~[classes/:na]
	at com.taskhive.taskhive_backend.service.ReminderService.sendDueDateReminders(ReminderService.java:24) ~[classes/:na]
	at com.taskhive.taskhive_backend.service.ReminderService.sendDueDateReminders(ReminderService.java:24) ~[classes/:na]
	at com.taskhive.taskhive_backend.service.ReminderService.sendDueDateReminders(ReminderService.java:24) ~[classes/:na]
	at com.taskhive.taskhive_backend.service.ReminderService.sendDueDateReminders(ReminderService.java:24) ~[classes/:na]
	at com.taskhive.taskhive_backend.service.ReminderService.sendDueDateReminders(ReminderService.java:24) ~[classes/:na]
	at com.taskhive.taskhive_backend.service.ReminderService.sendDueDateReminders(ReminderService.java:24) ~[classes/:na]
	at com.taskhive.taskhive_backend.service.ReminderService.sendDueDateReminders(ReminderService.java:24) ~[classes/:na]
	at com.taskhive.taskhive_backend.service.ReminderService.sendDueDateReminders(ReminderService.java:24) ~[classes/:na]
	at com.taskhive.taskhive_backend.service.ReminderService.sendDueDateReminders(ReminderService.java:24) ~[classes/:na]
	at com.taskhive.taskhive_backend.service.ReminderService.sendDueDateReminders(ReminderService.java:24) ~[classes/:na]
	at com.taskhive.taskhive_backend.service.ReminderService.sendDueDateReminders(ReminderService.java:24) ~[classes/:na]
	at com.taskhive.taskhive_backend.service.ReminderService.sendDueDateReminders(ReminderService.java:24) ~[classes/:na]
	at com.taskhive.taskhive_backend.service.ReminderService.sendDueDateReminders(ReminderService.java:24) ~[classes/:na]
	at com.taskhive.taskhive_backend.service.ReminderService.sendDueDateReminders(ReminderService.java:24) ~[classes/:na]
	at com.taskhive.taskhive_backend.service.ReminderService.sendDueDateReminders(ReminderService.java:24) ~[classes/:na]
	at com.taskhive.taskhive_backend.service.ReminderService.sendDueDateReminders(ReminderService.java:24) ~[classes/:na]
	at com.taskhive.taskhive_backend.service.ReminderService.sendDueDateReminders(ReminderService.java:24) ~[classes/:na]
	at com.taskhive.taskhive_backend.service.ReminderService.sendDueDateReminders(ReminderService.java:24) ~[classes/:na]
	at com.taskhive.taskhive_backend.service.ReminderService.sendDueDateReminders(ReminderService.java:24) ~[classes/:na]
	at com.taskhive.taskhive_backend.service.ReminderService.sendDueDateReminders(ReminderService.java:24) ~[classes/:na]
	at com.taskhive.taskhive_backend.service.ReminderService.sendDueDateReminders(ReminderService.java:24) ~[classes/:na]
	at com.taskhive.taskhive_backend.service.ReminderService.sendDueDateReminders(ReminderService.java:24) ~[classes/:na]
	at com.taskhive.taskhive_backend.service.ReminderService.sendDueDateReminders(ReminderService.java:24) ~[classes/:na]
	at com.taskhive.taskhive_backend.service.ReminderService.sendDueDateReminders(ReminderService.java:24) ~[classes/:na]
	at com.taskhive.taskhive_backend.service.ReminderService.sendDueDateReminders(ReminderService.java:24) ~[classes/:na]
	at com.taskhive.taskhive_backend.service.ReminderService.sendDueDateReminders(ReminderService.java:24) ~[classes/:na]
	at com.taskhive.taskhive_backend.service.ReminderService.sendDueDateReminders(ReminderService.java:24) ~[classes/:na]
	at com.taskhive.taskhive_backend.service.ReminderService.sendDueDateReminders(ReminderService.java:24) ~[classes/:na]
	at com.taskhive.taskhive_backend.service.ReminderService.sendDueDateReminders(ReminderService.java:24) ~[classes/:na]
	at com.taskhive.taskhive_backend.service.ReminderService.sendDueDateReminders(ReminderService.java:24) ~[classes/:na]
	at com.taskhive.taskhive_backend.service.ReminderService.sendDueDateReminders(ReminderService.java:24) ~[classes/:na]
	at com.taskhive.taskhive_backend.service.ReminderService.sendDueDateReminders(ReminderService.java:24) ~[classes/:na]
	at com.taskhive.taskhive_backend.service.ReminderService.sendDueDateReminders(ReminderService.java:24) ~[classes/:na]
	at com.taskhive.taskhive_backend.service.ReminderService.sendDueDateReminders(ReminderService.java:24) ~[classes/:na]
	at com.taskhive.taskhive_backend.service.ReminderService.sendDueDateReminders(ReminderService.java:24) ~[classes/:na]
	at com.taskhive.taskhive_backend.service.ReminderService.sendDueDateReminders(ReminderService.java:24) ~[classes/:na]
	at com.taskhive.taskhive_backend.service.ReminderService.sendDueDateReminders(ReminderService.java:24) ~[classes/:na]
	at com.taskhive.taskhive_backend.service.ReminderService.sendDueDateReminders(ReminderService.java:24) ~[classes/:na]
	at com.taskhive.taskhive_backend.service.ReminderService.sendDueDateReminders(ReminderService.java:24) ~[classes/:na]
	at com.taskhive.taskhive_backend.service.ReminderService.sendDueDateReminders(ReminderService.java:24) ~[classes/:na]
	at com.taskhive.taskhive_backend.service.ReminderService.sendDueDateReminders(ReminderService.java:24) ~[classes/:na]
	at com.taskhive.taskhive_backend.service.ReminderService.sendDueDateReminders(ReminderService.java:24) ~[classes/:na]
	at com.taskhive.taskhive_backend.service.ReminderService.sendDueDateReminders(ReminderService.java:24) ~[classes/:na]
	at com.taskhive.taskhive_backend.service.ReminderService.sendDueDateReminders(ReminderService.java:24) ~[classes/:na]
	at com.taskhive.taskhive_backend.service.ReminderService.sendDueDateReminders(ReminderService.java:24) ~[classes/:na]
	at com.taskhive.taskhive_backend.service.ReminderService.sendDueDateReminders(ReminderService.java:24) ~[classes/:na]
	at com.taskhive.taskhive_backend.service.ReminderService.sendDueDateReminders(ReminderService.java:24) ~[classes/:na]
	at com.taskhive.taskhive_backend.service.ReminderService.sendDueDateReminders(ReminderService.java:24) ~[classes/:na]
	at com.taskhive.taskhive_backend.service.ReminderService.sendDueDateReminders(ReminderService.java:24) ~[classes/:na]
	at com.taskhive.taskhive_backend.service.ReminderService.sendDueDateReminders(ReminderService.java:24) ~[classes/:na]
	at com.taskhive.taskhive_backend.service.ReminderService.sendDueDateReminders(ReminderService.java:24) ~[classes/:na]
	at com.taskhive.taskhive_backend.service.ReminderService.sendDueDateReminders(ReminderService.java:24) ~[classes/:na]
	at com.taskhive.taskhive_backend.service.ReminderService.sendDueDateReminders(ReminderService.java:24) ~[classes/:na]
	at com.taskhive.taskhive_backend.service.ReminderService.sendDueDateReminders(ReminderService.java:24) ~[classes/:na]
	at com.taskhive.taskhive_backend.service.ReminderService.sendDueDateReminders(ReminderService.java:24) ~[classes/:na]
	at com.taskhive.taskhive_backend.service.ReminderService.sendDueDateReminders(ReminderService.java:24) ~[classes/:na]
	at com.taskhive.taskhive_backend.service.ReminderService.sendDueDateReminders(ReminderService.java:24) ~[classes/:na]
	at com.taskhive.taskhive_backend.service.ReminderService.sendDueDateReminders(ReminderService.java:24) ~[classes/:na]
	at com.taskhive.taskhive_backend.service.ReminderService.sendDueDateReminders(ReminderService.java:24) ~[classes/:na]
	at com.taskhive.taskhive_backend.service.ReminderService.sendDueDateReminders(ReminderService.java:24) ~[classes/:na]
	at com.taskhive.taskhive_backend.service.ReminderService.sendDueDateReminders(ReminderService.java:24) ~[classes/:na]
	at com.taskhive.taskhive_backend.service.ReminderService.sendDueDateReminders(ReminderService.java:24) ~[classes/:na]
	at com.taskhive.taskhive_backend.service.ReminderService.sendDueDateReminders(ReminderService.java:24) ~[classes/:na]
	at com.taskhive.taskhive_backend.service.ReminderService.sendDueDateReminders(ReminderService.java:24) ~[classes/:na]
	at com.taskhive.taskhive_backend.service.ReminderService.sendDueDateReminders(ReminderService.java:24) ~[classes/:na]
	at com.taskhive.taskhive_backend.service.ReminderService.sendDueDateReminders(ReminderService.java:24) ~[classes/:na]
	at com.taskhive.taskhive_backend.service.ReminderService.sendDueDateReminders(ReminderService.java:24) ~[classes/:na]
	at com.taskhive.taskhive_backend.service.ReminderService.sendDueDateReminders(ReminderService.java:24) ~[classes/:na]
	at com.taskhive.taskhive_backend.service.ReminderService.sendDueDateReminders(ReminderService.java:24) ~[classes/:na]
	at com.taskhive.taskhive_backend.service.ReminderService.sendDueDateReminders(ReminderService.java:24) ~[classes/:na]
	at com.taskhive.taskhive_backend.service.ReminderService.sendDueDateReminders(ReminderService.java:24) ~[classes/:na]
	at com.taskhive.taskhive_backend.service.ReminderService.sendDueDateReminders(ReminderService.java:24) ~[classes/:na]
	at com.taskhive.taskhive_backend.service.ReminderService.sendDueDateReminders(ReminderService.java:24) ~[classes/:na]
	at com.taskhive.taskhive_backend.service.ReminderService.sendDueDateReminders(ReminderService.java:24) ~[classes/:na]
	at com.taskhive.taskhive_backend.service.ReminderService.sendDueDateReminders(ReminderService.java:24) ~[classes/:na]
	at com.taskhive.taskhive_backend.service.ReminderService.sendDueDateReminders(ReminderService.java:24) ~[classes/:na]
	at com.taskhive.taskhive_backend.service.ReminderService.sendDueDateReminders(ReminderService.java:24) ~[classes/:na]
	at com.taskhive.taskhive_backend.service.ReminderService.sendDueDateReminders(ReminderService.java:24) ~[classes/:na]
	at com.taskhive.taskhive_backend.service.ReminderService.sendDueDateReminders(ReminderService.java:24) ~[classes/:na]
	at com.taskhive.taskhive_backend.service.ReminderService.sendDueDateReminders(ReminderService.java:24) ~[classes/:na]
	at com.taskhive.taskhive_backend.service.ReminderService.sendDueDateReminders(ReminderService.java:24) ~[classes/:na]
	at com.taskhive.taskhive_backend.service.ReminderService.sendDueDateReminders(ReminderService.java:24) ~[classes/:na]
	at com.taskhive.taskhive_backend.service.ReminderService.sendDueDateReminders(ReminderService.java:24) ~[classes/:na]
	at com.taskhive.taskhive_backend.service.ReminderService.sendDueDateReminders(ReminderService.java:24) ~[classes/:na]
	at com.taskhive.taskhive_backend.service.ReminderService.sendDueDateReminders(ReminderService.java:24) ~[classes/:na]
	at com.taskhive.taskhive_backend.service.ReminderService.sendDueDateReminders(ReminderService.java:24) ~[classes/:na]
	at com.taskhive.taskhive_backend.service.ReminderService.sendDueDateReminders(ReminderService.java:24) ~[classes/:na]
	at com.taskhive.taskhive_backend.service.ReminderService.sendDueDateReminders(ReminderService.java:24) ~[classes/:na]
	at com.taskhive.taskhive_backend.service.ReminderService.sendDueDateReminders(ReminderService.java:24) ~[classes/:na]
	at com.taskhive.taskhive_backend.service.ReminderService.sendDueDateReminders(ReminderService.java:24) ~[classes/:na]
	at com.taskhive.taskhive_backend.service.ReminderService.sendDueDateReminders(ReminderService.java:24) ~[classes/:na]
	at com.taskhive.taskhive_backend.service.ReminderService.sendDueDateReminders(ReminderService.java:24) ~[classes/:na]
	at com.taskhive.taskhive_backend.service.ReminderService.sendDueDateReminders(ReminderService.java:24) ~[classes/:na]
	at com.taskhive.taskhive_backend.service.ReminderService.sendDueDateReminders(ReminderService.java:24) ~[classes/:na]
	at com.taskhive.taskhive_backend.service.ReminderService.sendDueDateReminders(ReminderService.java:24) ~[classes/:na]
	at com.taskhive.taskhive_backend.service.ReminderService.sendDueDateReminders(ReminderService.java:24) ~[classes/:na]
	at com.taskhive.taskhive_backend.service.ReminderService.sendDueDateReminders(ReminderService.java:24) ~[classes/:na]
	at com.taskhive.taskhive_backend.service.ReminderService.sendDueDateReminders(ReminderService.java:24) ~[classes/:na]
	at com.taskhive.taskhive_backend.service.ReminderService.sendDueDateReminders(ReminderService.java:24) ~[classes/:na]
	at com.taskhive.taskhive_backend.service.ReminderService.sendDueDateReminders(ReminderService.java:24) ~[classes/:na]
	at com.taskhive.taskhive_backend.service.ReminderService.sendDueDateReminders(ReminderService.java:24) ~[classes/:na]
	at com.taskhive.taskhive_backend.service.ReminderService.sendDueDateReminders(ReminderService.java:24) ~[classes/:na]
	at com.taskhive.taskhive_backend.service.ReminderService.sendDueDateReminders(ReminderService.java:24) ~[classes/:na]
	at com.taskhive.taskhive_backend.service.ReminderService.sendDueDateReminders(ReminderService.java:24) ~[classes/:na]
	at com.taskhive.taskhive_backend.service.ReminderService.sendDueDateReminders(ReminderService.java:24) ~[classes/:na]
	at com.taskhive.taskhive_backend.service.ReminderService.sendDueDateReminders(ReminderService.java:24) ~[classes/:na]
	at com.taskhive.taskhive_backend.service.ReminderService.sendDueDateReminders(ReminderService.java:24) ~[classes/:na]
	at com.taskhive.taskhive_backend.service.ReminderService.sendDueDateReminders(ReminderService.java:24) ~[classes/:na]
	at com.taskhive.taskhive_backend.service.ReminderService.sendDueDateReminders(ReminderService.java:24) ~[classes/:na]
	at com.taskhive.taskhive_backend.service.ReminderService.sendDueDateReminders(ReminderService.java:24) ~[classes/:na]
	at com.taskhive.taskhive_backend.service.ReminderService.sendDueDateReminders(ReminderService.java:24) ~[classes/:na]
	at com.taskhive.taskhive_backend.service.ReminderService.sendDueDateReminders(ReminderService.java:24) ~[classes/:na]
	at com.taskhive.taskhive_backend.service.ReminderService.sendDueDateReminders(ReminderService.java:24) ~[classes/:na]
	at com.taskhive.taskhive_backend.service.ReminderService.sendDueDateReminders(ReminderService.java:24) ~[classes/:na]
	at com.taskhive.taskhive_backend.service.ReminderService.sendDueDateReminders(ReminderService.java:24) ~[classes/:na]
	at com.taskhive.taskhive_backend.service.ReminderService.sendDueDateReminders(ReminderService.java:24) ~[classes/:na]
	at com.taskhive.taskhive_backend.service.ReminderService.sendDueDateReminders(ReminderService.java:24) ~[classes/:na]
	at com.taskhive.taskhive_backend.service.ReminderService.sendDueDateReminders(ReminderService.java:24) ~[classes/:na]
	at com.taskhive.taskhive_backend.service.ReminderService.sendDueDateReminders(ReminderService.java:24) ~[classes/:na]
	at com.taskhive.taskhive_backend.service.ReminderService.sendDueDateReminders(ReminderService.java:24) ~[classes/:na]
	at com.taskhive.taskhive_backend.service.ReminderService.sendDueDateReminders(ReminderService.java:24) ~[classes/:na]
	at com.taskhive.taskhive_backend.service.ReminderService.sendDueDateReminders(ReminderService.java:24) ~[classes/:na]
	at com.taskhive.taskhive_backend.service.ReminderService.sendDueDateReminders(ReminderService.java:24) ~[classes/:na]
	at com.taskhive.taskhive_backend.service.ReminderService.sendDueDateReminders(ReminderService.java:24) ~[classes/:na]
	at com.taskhive.taskhive_backend.service.ReminderService.sendDueDateReminders(ReminderService.java:24) ~[classes/:na]
	at com.taskhive.taskhive_backend.service.ReminderService.sendDueDateReminders(ReminderService.java:24) ~[classes/:na]
	at com.taskhive.taskhive_backend.service.ReminderService.sendDueDateReminders(ReminderService.java:24) ~[classes/:na]
	at com.taskhive.taskhive_backend.service.ReminderService.sendDueDateReminders(ReminderService.java:24) ~[classes/:na]
	at com.taskhive.taskhive_backend.service.ReminderService.sendDueDateReminders(ReminderService.java:24) ~[classes/:na]
	at com.taskhive.taskhive_backend.service.ReminderService.sendDueDateReminders(ReminderService.java:24) ~[classes/:na]
	at com.taskhive.taskhive_backend.service.ReminderService.sendDueDateReminders(ReminderService.java:24) ~[classes/:na]
	at com.taskhive.taskhive_backend.service.ReminderService.sendDueDateReminders(ReminderService.java:24) ~[classes/:na]
	at com.taskhive.taskhive_backend.service.ReminderService.sendDueDateReminders(ReminderService.java:24) ~[classes/:na]
	at com.taskhive.taskhive_backend.service.ReminderService.sendDueDateReminders(ReminderService.java:24) ~[classes/:na]
	at com.taskhive.taskhive_backend.service.ReminderService.sendDueDateReminders(ReminderService.java:24) ~[classes/:na]
	at com.taskhive.taskhive_backend.service.ReminderService.sendDueDateReminders(ReminderService.java:24) ~[classes/:na]
	at com.taskhive.taskhive_backend.service.ReminderService.sendDueDateReminders(ReminderService.java:24) ~[classes/:na]
	at com.taskhive.taskhive_backend.service.ReminderService.sendDueDateReminders(ReminderService.java:24) ~[classes/:na]
	at com.taskhive.taskhive_backend.service.ReminderService.sendDueDateReminders(ReminderService.java:24) ~[classes/:na]
	at com.taskhive.taskhive_backend.service.ReminderService.sendDueDateReminders(ReminderService.java:24) ~[classes/:na]
	at com.taskhive.taskhive_backend.service.ReminderService.sendDueDateReminders(ReminderService.java:24) ~[classes/:na]
	at com.taskhive.taskhive_backend.service.ReminderService.sendDueDateReminders(ReminderService.java:24) ~[classes/:na]
	at com.taskhive.taskhive_backend.service.ReminderService.sendDueDateReminders(ReminderService.java:24) ~[classes/:na]
	at com.taskhive.taskhive_backend.service.ReminderService.sendDueDateReminders(ReminderService.java:24) ~[classes/:na]
	at com.taskhive.taskhive_backend.service.ReminderService.sendDueDateReminders(ReminderService.java:24) ~[classes/:na]
	at com.taskhive.taskhive_backend.service.ReminderService.sendDueDateReminders(ReminderService.java:24) ~[classes/:na]
	at com.taskhive.taskhive_backend.service.ReminderService.sendDueDateReminders(ReminderService.java:24) ~[classes/:na]
	at com.taskhive.taskhive_backend.service.ReminderService.sendDueDateReminders(ReminderService.java:24) ~[classes/:na]
	at com.taskhive.taskhive_backend.service.ReminderService.sendDueDateReminders(ReminderService.java:24) ~[classes/:na]
	at com.taskhive.taskhive_backend.service.ReminderService.sendDueDateReminders(ReminderService.java:24) ~[classes/:na]
	at com.taskhive.taskhive_backend.service.ReminderService.sendDueDateReminders(ReminderService.java:24) ~[classes/:na]
	at com.taskhive.taskhive_backend.service.ReminderService.sendDueDateReminders(ReminderService.java:24) ~[classes/:na]
	at com.taskhive.taskhive_backend.service.ReminderService.sendDueDateReminders(ReminderService.java:24) ~[classes/:na]
	at com.taskhive.taskhive_backend.service.ReminderService.sendDueDateReminders(ReminderService.java:24) ~[classes/:na]
	at com.taskhive.taskhive_backend.service.ReminderService.sendDueDateReminders(ReminderService.java:24) ~[classes/:na]
	at com.taskhive.taskhive_backend.service.ReminderService.sendDueDateReminders(ReminderService.java:24) ~[classes/:na]
	at com.taskhive.taskhive_backend.service.ReminderService.sendDueDateReminders(ReminderService.java:24) ~[classes/:na]
	at com.taskhive.taskhive_backend.service.ReminderService.sendDueDateReminders(ReminderService.java:24) ~[classes/:na]
	at com.taskhive.taskhive_backend.service.ReminderService.sendDueDateReminders(ReminderService.java:24) ~[classes/:na]
	at com.taskhive.taskhive_backend.service.ReminderService.sendDueDateReminders(ReminderService.java:24) ~[classes/:na]
	at com.taskhive.taskhive_backend.service.ReminderService.sendDueDateReminders(ReminderService.java:24) ~[classes/:na]
	at com.taskhive.taskhive_backend.service.ReminderService.sendDueDateReminders(ReminderService.java:24) ~[classes/:na]
	at com.taskhive.taskhive_backend.service.ReminderService.sendDueDateReminders(ReminderService.java:24) ~[classes/:na]
	at com.taskhive.taskhive_backend.service.ReminderService.sendDueDateReminders(ReminderService.java:24) ~[classes/:na]
	at com.taskhive.taskhive_backend.service.ReminderService.sendDueDateReminders(ReminderService.java:24) ~[classes/:na]
	at com.taskhive.taskhive_backend.service.ReminderService.sendDueDateReminders(ReminderService.java:24) ~[classes/:na]
	at com.taskhive.taskhive_backend.service.ReminderService.sendDueDateReminders(ReminderService.java:24) ~[classes/:na]
	at com.taskhive.taskhive_backend.service.ReminderService.sendDueDateReminders(ReminderService.java:24) ~[classes/:na]
	at com.taskhive.taskhive_backend.service.ReminderService.sendDueDateReminders(ReminderService.java:24) ~[classes/:na]
	at com.taskhive.taskhive_backend.service.ReminderService.sendDueDateReminders(ReminderService.java:24) ~[classes/:na]
	at com.taskhive.taskhive_backend.service.ReminderService.sendDueDateReminders(ReminderService.java:24) ~[classes/:na]
	at com.taskhive.taskhive_backend.service.ReminderService.sendDueDateReminders(ReminderService.java:24) ~[classes/:na]
	at com.taskhive.taskhive_backend.service.ReminderService.sendDueDateReminders(ReminderService.java:24) ~[classes/:na]
	at com.taskhive.taskhive_backend.service.ReminderService.sendDueDateReminders(ReminderService.java:24) ~[classes/:na]
	at com.taskhive.taskhive_backend.service.ReminderService.sendDueDateReminders(ReminderService.java:24) ~[classes/:na]
	at com.taskhive.taskhive_backend.service.ReminderService.sendDueDateReminders(ReminderService.java:24) ~[classes/:na]
	at com.taskhive.taskhive_backend.service.ReminderService.sendDueDateReminders(ReminderService.java:24) ~[classes/:na]
	at com.taskhive.taskhive_backend.service.ReminderService.sendDueDateReminders(ReminderService.java:24) ~[classes/:na]
	at com.taskhive.taskhive_backend.service.ReminderService.sendDueDateReminders(ReminderService.java:24) ~[classes/:na]
	at com.taskhive.taskhive_backend.service.ReminderService.sendDueDateReminders(ReminderService.java:24) ~[classes/:na]
	at com.taskhive.taskhive_backend.service.ReminderService.sendDueDateReminders(ReminderService.java:24) ~[classes/:na]
	at com.taskhive.taskhive_backend.service.ReminderService.sendDueDateReminders(ReminderService.java:24) ~[classes/:na]
	at com.taskhive.taskhive_backend.service.ReminderService.sendDueDateReminders(ReminderService.java:24) ~[classes/:na]
	at com.taskhive.taskhive_backend.service.ReminderService.sendDueDateReminders(ReminderService.java:24) ~[classes/:na]
	at com.taskhive.taskhive_backend.service.ReminderService.sendDueDateReminders(ReminderService.java:24) ~[classes/:na]
	at com.taskhive.taskhive_backend.service.ReminderService.sendDueDateReminders(ReminderService.java:24) ~[classes/:na]
	at com.taskhive.taskhive_backend.service.ReminderService.sendDueDateReminders(ReminderService.java:24) ~[classes/:na]
	at com.taskhive.taskhive_backend.service.ReminderService.sendDueDateReminders(ReminderService.java:24) ~[classes/:na]
	at com.taskhive.taskhive_backend.service.ReminderService.sendDueDateReminders(ReminderService.java:24) ~[classes/:na]
	at com.taskhive.taskhive_backend.service.ReminderService.sendDueDateReminders(ReminderService.java:24) ~[classes/:na]
	at com.taskhive.taskhive_backend.service.ReminderService.sendDueDateReminders(ReminderService.java:24) ~[classes/:na]
	at com.taskhive.taskhive_backend.service.ReminderService.sendDueDateReminders(ReminderService.java:24) ~[classes/:na]
	at com.taskhive.taskhive_backend.service.ReminderService.sendDueDateReminders(ReminderService.java:24) ~[classes/:na]
	at com.taskhive.taskhive_backend.service.ReminderService.sendDueDateReminders(ReminderService.java:24) ~[classes/:na]
	at com.taskhive.taskhive_backend.service.ReminderService.sendDueDateReminders(ReminderService.java:24) ~[classes/:na]
	at com.taskhive.taskhive_backend.service.ReminderService.sendDueDateReminders(ReminderService.java:24) ~[classes/:na]
	at com.taskhive.taskhive_backend.service.ReminderService.sendDueDateReminders(ReminderService.java:24) ~[classes/:na]
	at com.taskhive.taskhive_backend.service.ReminderService.sendDueDateReminders(ReminderService.java:24) ~[classes/:na]
	at com.taskhive.taskhive_backend.service.ReminderService.sendDueDateReminders(ReminderService.java:24) ~[classes/:na]
	at com.taskhive.taskhive_backend.service.ReminderService.sendDueDateReminders(ReminderService.java:24) ~[classes/:na]
	at com.taskhive.taskhive_backend.service.ReminderService.sendDueDateReminders(ReminderService.java:24) ~[classes/:na]
	at com.taskhive.taskhive_backend.service.ReminderService.sendDueDateReminders(ReminderService.java:24) ~[classes/:na]
	at com.taskhive.taskhive_backend.service.ReminderService.sendDueDateReminders(ReminderService.java:24) ~[classes/:na]
	at com.taskhive.taskhive_backend.service.ReminderService.sendDueDateReminders(ReminderService.java:24) ~[classes/:na]
	at com.taskhive.taskhive_backend.service.ReminderService.sendDueDateReminders(ReminderService.java:24) ~[classes/:na]
	at com.taskhive.taskhive_backend.service.ReminderService.sendDueDateReminders(ReminderService.java:24) ~[classes/:na]
	at com.taskhive.taskhive_backend.service.ReminderService.sendDueDateReminders(ReminderService.java:24) ~[classes/:na]
	at com.taskhive.taskhive_backend.service.ReminderService.sendDueDateReminders(ReminderService.java:24) ~[classes/:na]
	at com.taskhive.taskhive_backend.service.ReminderService.sendDueDateReminders(ReminderService.java:24) ~[classes/:na]
	at com.taskhive.taskhive_backend.service.ReminderService.sendDueDateReminders(ReminderService.java:24) ~[classes/:na]
	at com.taskhive.taskhive_backend.service.ReminderService.sendDueDateReminders(ReminderService.java:24) ~[classes/:na]
	at com.taskhive.taskhive_backend.service.ReminderService.sendDueDateReminders(ReminderService.java:24) ~[classes/:na]
	at com.taskhive.taskhive_backend.service.ReminderService.sendDueDateReminders(ReminderService.java:24) ~[classes/:na]
	at com.taskhive.taskhive_backend.service.ReminderService.sendDueDateReminders(ReminderService.java:24) ~[classes/:na]
	at com.taskhive.taskhive_backend.service.ReminderService.sendDueDateReminders(ReminderService.java:24) ~[classes/:na]
	at com.taskhive.taskhive_backend.service.ReminderService.sendDueDateReminders(ReminderService.java:24) ~[classes/:na]
	at com.taskhive.taskhive_backend.service.ReminderService.sendDueDateReminders(ReminderService.java:24) ~[classes/:na]
	at com.taskhive.taskhive_backend.service.ReminderService.sendDueDateReminders(ReminderService.java:24) ~[classes/:na]
	at com.taskhive.taskhive_backend.service.ReminderService.sendDueDateReminders(ReminderService.java:24) ~[classes/:na]
	at com.taskhive.taskhive_backend.service.ReminderService.sendDueDateReminders(ReminderService.java:24) ~[classes/:na]
	at com.taskhive.taskhive_backend.service.ReminderService.sendDueDateReminders(ReminderService.java:24) ~[classes/:na]
	at com.taskhive.taskhive_backend.service.ReminderService.sendDueDateReminders(ReminderService.java:24) ~[classes/:na]
	at com.taskhive.taskhive_backend.service.ReminderService.sendDueDateReminders(ReminderService.java:24) ~[classes/:na]
	at com.taskhive.taskhive_backend.service.ReminderService.sendDueDateReminders(ReminderService.java:24) ~[classes/:na]
	at com.taskhive.taskhive_backend.service.ReminderService.sendDueDateReminders(ReminderService.java:24) ~[classes/:na]
	at com.taskhive.taskhive_backend.service.ReminderService.sendDueDateReminders(ReminderService.java:24) ~[classes/:na]
	at com.taskhive.taskhive_backend.service.ReminderService.sendDueDateReminders(ReminderService.java:24) ~[classes/:na]
	at com.taskhive.taskhive_backend.service.ReminderService.sendDueDateReminders(ReminderService.java:24) ~[classes/:na]
	at com.taskhive.taskhive_backend.service.ReminderService.sendDueDateReminders(ReminderService.java:24) ~[classes/:na]
	at com.taskhive.taskhive_backend.service.ReminderService.sendDueDateReminders(ReminderService.java:24) ~[classes/:na]
	at com.taskhive.taskhive_backend.service.ReminderService.sendDueDateReminders(ReminderService.java:24) ~[classes/:na]
	at com.taskhive.taskhive_backend.service.ReminderService.sendDueDateReminders(ReminderService.java:24) ~[classes/:na]
	at com.taskhive.taskhive_backend.service.ReminderService.sendDueDateReminders(ReminderService.java:24) ~[classes/:na]
	at com.taskhive.taskhive_backend.service.ReminderService.sendDueDateReminders(ReminderService.java:24) ~[classes/:na]
	at com.taskhive.taskhive_backend.service.ReminderService.sendDueDateReminders(ReminderService.java:24) ~[classes/:na]
	at com.taskhive.taskhive_backend.service.ReminderService.sendDueDateReminders(ReminderService.java:24) ~[classes/:na]
	at com.taskhive.taskhive_backend.service.ReminderService.sendDueDateReminders(ReminderService.java:24) ~[classes/:na]
	at com.taskhive.taskhive_backend.service.ReminderService.sendDueDateReminders(ReminderService.java:24) ~[classes/:na]
	at com.taskhive.taskhive_backend.service.ReminderService.sendDueDateReminders(ReminderService.java:24) ~[classes/:na]
	at com.taskhive.taskhive_backend.service.ReminderService.sendDueDateReminders(ReminderService.java:24) ~[classes/:na]
	at com.taskhive.taskhive_backend.service.ReminderService.sendDueDateReminders(ReminderService.java:24) ~[classes/:na]
	at com.taskhive.taskhive_backend.service.ReminderService.sendDueDateReminders(ReminderService.java:24) ~[classes/:na]
	at com.taskhive.taskhive_backend.service.ReminderService.sendDueDateReminders(ReminderService.java:24) ~[classes/:na]
	at com.taskhive.taskhive_backend.service.ReminderService.sendDueDateReminders(ReminderService.java:24) ~[classes/:na]
	at com.taskhive.taskhive_backend.service.ReminderService.sendDueDateReminders(ReminderService.java:24) ~[classes/:na]
	at com.taskhive.taskhive_backend.service.ReminderService.sendDueDateReminders(ReminderService.java:24) ~[classes/:na]
	at com.taskhive.taskhive_backend.service.ReminderService.sendDueDateReminders(ReminderService.java:24) ~[classes/:na]
	at com.taskhive.taskhive_backend.service.ReminderService.sendDueDateReminders(ReminderService.java:24) ~[classes/:na]
	at com.taskhive.taskhive_backend.service.ReminderService.sendDueDateReminders(ReminderService.java:24) ~[classes/:na]
	at com.taskhive.taskhive_backend.service.ReminderService.sendDueDateReminders(ReminderService.java:24) ~[classes/:na]
	at com.taskhive.taskhive_backend.service.ReminderService.sendDueDateReminders(ReminderService.java:24) ~[classes/:na]
	at com.taskhive.taskhive_backend.service.ReminderService.sendDueDateReminders(ReminderService.java:24) ~[classes/:na]
	at com.taskhive.taskhive_backend.service.ReminderService.sendDueDateReminders(ReminderService.java:24) ~[classes/:na]
	at com.taskhive.taskhive_backend.service.ReminderService.sendDueDateReminders(ReminderService.java:24) ~[classes/:na]
	at com.taskhive.taskhive_backend.service.ReminderService.sendDueDateReminders(ReminderService.java:24) ~[classes/:na]
	at com.taskhive.taskhive_backend.service.ReminderService.sendDueDateReminders(ReminderService.java:24) ~[classes/:na]
	at com.taskhive.taskhive_backend.service.ReminderService.sendDueDateReminders(ReminderService.java:24) ~[classes/:na]
	at com.taskhive.taskhive_backend.service.ReminderService.sendDueDateReminders(ReminderService.java:24) ~[classes/:na]
	at com.taskhive.taskhive_backend.service.ReminderService.sendDueDateReminders(ReminderService.java:24) ~[classes/:na]
	at com.taskhive.taskhive_backend.service.ReminderService.sendDueDateReminders(ReminderService.java:24) ~[classes/:na]
	at com.taskhive.taskhive_backend.service.ReminderService.sendDueDateReminders(ReminderService.java:24) ~[classes/:na]
	at com.taskhive.taskhive_backend.service.ReminderService.sendDueDateReminders(ReminderService.java:24) ~[classes/:na]
	at com.taskhive.taskhive_backend.service.ReminderService.sendDueDateReminders(ReminderService.java:24) ~[classes/:na]
	at com.taskhive.taskhive_backend.service.ReminderService.sendDueDateReminders(ReminderService.java:24) ~[classes/:na]
	at com.taskhive.taskhive_backend.service.ReminderService.sendDueDateReminders(ReminderService.java:24) ~[classes/:na]
	at com.taskhive.taskhive_backend.service.ReminderService.sendDueDateReminders(ReminderService.java:24) ~[classes/:na]
	at com.taskhive.taskhive_backend.service.ReminderService.sendDueDateReminders(ReminderService.java:24) ~[classes/:na]
	at com.taskhive.taskhive_backend.service.ReminderService.sendDueDateReminders(ReminderService.java:24) ~[classes/:na]
	at com.taskhive.taskhive_backend.service.ReminderService.sendDueDateReminders(ReminderService.java:24) ~[classes/:na]
	at com.taskhive.taskhive_backend.service.ReminderService.sendDueDateReminders(ReminderService.java:24) ~[classes/:na]
	at com.taskhive.taskhive_backend.service.ReminderService.sendDueDateReminders(ReminderService.java:24) ~[classes/:na]
	at com.taskhive.taskhive_backend.service.ReminderService.sendDueDateReminders(ReminderService.java:24) ~[classes/:na]
	at com.taskhive.taskhive_backend.service.ReminderService.sendDueDateReminders(ReminderService.java:24) ~[classes/:na]
	at com.taskhive.taskhive_backend.service.ReminderService.sendDueDateReminders(ReminderService.java:24) ~[classes/:na]
	at com.taskhive.taskhive_backend.service.ReminderService.sendDueDateReminders(ReminderService.java:24) ~[classes/:na]
	at com.taskhive.taskhive_backend.service.ReminderService.sendDueDateReminders(ReminderService.java:24) ~[classes/:na]
	at com.taskhive.taskhive_backend.service.ReminderService.sendDueDateReminders(ReminderService.java:24) ~[classes/:na]
	at com.taskhive.taskhive_backend.service.ReminderService.sendDueDateReminders(ReminderService.java:24) ~[classes/:na]
	at com.taskhive.taskhive_backend.service.ReminderService.sendDueDateReminders(ReminderService.java:24) ~[classes/:na]
	at com.taskhive.taskhive_backend.service.ReminderService.sendDueDateReminders(ReminderService.java:24) ~[classes/:na]
	at com.taskhive.taskhive_backend.service.ReminderService.sendDueDateReminders(ReminderService.java:24) ~[classes/:na]
	at com.taskhive.taskhive_backend.service.ReminderService.sendDueDateReminders(ReminderService.java:24) ~[classes/:na]
	at com.taskhive.taskhive_backend.service.ReminderService.sendDueDateReminders(ReminderService.java:24) ~[classes/:na]
	at com.taskhive.taskhive_backend.service.ReminderService.sendDueDateReminders(ReminderService.java:24) ~[classes/:na]
	at com.taskhive.taskhive_backend.service.ReminderService.sendDueDateReminders(ReminderService.java:24) ~[classes/:na]
	at com.taskhive.taskhive_backend.service.ReminderService.sendDueDateReminders(ReminderService.java:24) ~[classes/:na]
	at com.taskhive.taskhive_backend.service.ReminderService.sendDueDateReminders(ReminderService.java:24) ~[classes/:na]
	at com.taskhive.taskhive_backend.service.ReminderService.sendDueDateReminders(ReminderService.java:24) ~[classes/:na]
	at com.taskhive.taskhive_backend.service.ReminderService.sendDueDateReminders(ReminderService.java:24) ~[classes/:na]
	at com.taskhive.taskhive_backend.service.ReminderService.sendDueDateReminders(ReminderService.java:24) ~[classes/:na]
	at com.taskhive.taskhive_backend.service.ReminderService.sendDueDateReminders(ReminderService.java:24) ~[classes/:na]
	at com.taskhive.taskhive_backend.service.ReminderService.sendDueDateReminders(ReminderService.java:24) ~[classes/:na]
	at com.taskhive.taskhive_backend.service.ReminderService.sendDueDateReminders(ReminderService.java:24) ~[classes/:na]
	at com.taskhive.taskhive_backend.service.ReminderService.sendDueDateReminders(ReminderService.java:24) ~[classes/:na]
	at com.taskhive.taskhive_backend.service.ReminderService.sendDueDateReminders(ReminderService.java:24) ~[classes/:na]
	at com.taskhive.taskhive_backend.service.ReminderService.sendDueDateReminders(ReminderService.java:24) ~[classes/:na]
	at com.taskhive.taskhive_backend.service.ReminderService.sendDueDateReminders(ReminderService.java:24) ~[classes/:na]
	at com.taskhive.taskhive_backend.service.ReminderService.sendDueDateReminders(ReminderService.java:24) ~[classes/:na]
	at com.taskhive.taskhive_backend.service.ReminderService.sendDueDateReminders(ReminderService.java:24) ~[classes/:na]
	at com.taskhive.taskhive_backend.service.ReminderService.sendDueDateReminders(ReminderService.java:24) ~[classes/:na]
	at com.taskhive.taskhive_backend.service.ReminderService.sendDueDateReminders(ReminderService.java:24) ~[classes/:na]
	at com.taskhive.taskhive_backend.service.ReminderService.sendDueDateReminders(ReminderService.java:24) ~[classes/:na]
	at com.taskhive.taskhive_backend.service.ReminderService.sendDueDateReminders(ReminderService.java:24) ~[classes/:na]
	at com.taskhive.taskhive_backend.service.ReminderService.sendDueDateReminders(ReminderService.java:24) ~[classes/:na]
	at com.taskhive.taskhive_backend.service.ReminderService.sendDueDateReminders(ReminderService.java:24) ~[classes/:na]
	at com.taskhive.taskhive_backend.service.ReminderService.sendDueDateReminders(ReminderService.java:24) ~[classes/:na]
	at com.taskhive.taskhive_backend.service.ReminderService.sendDueDateReminders(ReminderService.java:24) ~[classes/:na]
	at com.taskhive.taskhive_backend.service.ReminderService.sendDueDateReminders(ReminderService.java:24) ~[classes/:na]
	at com.taskhive.taskhive_backend.service.ReminderService.sendDueDateReminders(ReminderService.java:24) ~[classes/:na]
	at com.taskhive.taskhive_backend.service.ReminderService.sendDueDateReminders(ReminderService.java:24) ~[classes/:na]
	at com.taskhive.taskhive_backend.service.ReminderService.sendDueDateReminders(ReminderService.java:24) ~[classes/:na]
	at com.taskhive.taskhive_backend.service.ReminderService.sendDueDateReminders(ReminderService.java:24) ~[classes/:na]
	at com.taskhive.taskhive_backend.service.ReminderService.sendDueDateReminders(ReminderService.java:24) ~[classes/:na]
	at com.taskhive.taskhive_backend.service.ReminderService.sendDueDateReminders(ReminderService.java:24) ~[classes/:na]
	at com.taskhive.taskhive_backend.service.ReminderService.sendDueDateReminders(ReminderService.java:24) ~[classes/:na]
	at com.taskhive.taskhive_backend.service.ReminderService.sendDueDateReminders(ReminderService.java:24) ~[classes/:na]
	at com.taskhive.taskhive_backend.service.ReminderService.sendDueDateReminders(ReminderService.java:24) ~[classes/:na]
	at com.taskhive.taskhive_backend.service.ReminderService.sendDueDateReminders(ReminderService.java:24) ~[classes/:na]
	at com.taskhive.taskhive_backend.service.ReminderService.sendDueDateReminders(ReminderService.java:24) ~[classes/:na]
	at com.taskhive.taskhive_backend.service.ReminderService.sendDueDateReminders(ReminderService.java:24) ~[classes/:na]
	at com.taskhive.taskhive_backend.service.ReminderService.sendDueDateReminders(ReminderService.java:24) ~[classes/:na]
	at com.taskhive.taskhive_backend.service.ReminderService.sendDueDateReminders(ReminderService.java:24) ~[classes/:na]
	at com.taskhive.taskhive_backend.service.ReminderService.sendDueDateReminders(ReminderService.java:24) ~[classes/:na]
	at com.taskhive.taskhive_backend.service.ReminderService.sendDueDateReminders(ReminderService.java:24) ~[classes/:na]
	at com.taskhive.taskhive_backend.service.ReminderService.sendDueDateReminders(ReminderService.java:24) ~[classes/:na]
	at com.taskhive.taskhive_backend.service.ReminderService.sendDueDateReminders(ReminderService.java:24) ~[classes/:na]
	at com.taskhive.taskhive_backend.service.ReminderService.sendDueDateReminders(ReminderService.java:24) ~[classes/:na]
	at com.taskhive.taskhive_backend.service.ReminderService.sendDueDateReminders(ReminderService.java:24) ~[classes/:na]
	at com.taskhive.taskhive_backend.service.ReminderService.sendDueDateReminders(ReminderService.java:24) ~[classes/:na]
	at com.taskhive.taskhive_backend.service.ReminderService.sendDueDateReminders(ReminderService.java:24) ~[classes/:na]
	at com.taskhive.taskhive_backend.service.ReminderService.sendDueDateReminders(ReminderService.java:24) ~[classes/:na]
	at com.taskhive.taskhive_backend.service.ReminderService.sendDueDateReminders(ReminderService.java:24) ~[classes/:na]
	at com.taskhive.taskhive_backend.service.ReminderService.sendDueDateReminders(ReminderService.java:24) ~[classes/:na]
	at com.taskhive.taskhive_backend.service.ReminderService.sendDueDateReminders(ReminderService.java:24) ~[classes/:na]
	at com.taskhive.taskhive_backend.service.ReminderService.sendDueDateReminders(ReminderService.java:24) ~[classes/:na]
	at com.taskhive.taskhive_backend.service.ReminderService.sendDueDateReminders(ReminderService.java:24) ~[classes/:na]
	at com.taskhive.taskhive_backend.service.ReminderService.sendDueDateReminders(ReminderService.java:24) ~[classes/:na]
	at com.taskhive.taskhive_backend.service.ReminderService.sendDueDateReminders(ReminderService.java:24) ~[classes/:na]
	at com.taskhive.taskhive_backend.service.ReminderService.sendDueDateReminders(ReminderService.java:24) ~[classes/:na]
	at com.taskhive.taskhive_backend.service.ReminderService.sendDueDateReminders(ReminderService.java:24) ~[classes/:na]
	at com.taskhive.taskhive_backend.service.ReminderService.sendDueDateReminders(ReminderService.java:24) ~[classes/:na]
	at com.taskhive.taskhive_backend.service.ReminderService.sendDueDateReminders(ReminderService.java:24) ~[classes/:na]
	at com.taskhive.taskhive_backend.service.ReminderService.sendDueDateReminders(ReminderService.java:24) ~[classes/:na]
	at com.taskhive.taskhive_backend.service.ReminderService.sendDueDateReminders(ReminderService.java:24) ~[classes/:na]
	at com.taskhive.taskhive_backend.service.ReminderService.sendDueDateReminders(ReminderService.java:24) ~[classes/:na]
	at com.taskhive.taskhive_backend.service.ReminderService.sendDueDateReminders(ReminderService.java:24) ~[classes/:na]
	at com.taskhive.taskhive_backend.service.ReminderService.sendDueDateReminders(ReminderService.java:24) ~[classes/:na]
	at com.taskhive.taskhive_backend.service.ReminderService.sendDueDateReminders(ReminderService.java:24) ~[classes/:na]
	at com.taskhive.taskhive_backend.service.ReminderService.sendDueDateReminders(ReminderService.java:24) ~[classes/:na]
	at com.taskhive.taskhive_backend.service.ReminderService.sendDueDateReminders(ReminderService.java:24) ~[classes/:na]
	at com.taskhive.taskhive_backend.service.ReminderService.sendDueDateReminders(ReminderService.java:24) ~[classes/:na]
	at com.taskhive.taskhive_backend.service.ReminderService.sendDueDateReminders(ReminderService.java:24) ~[classes/:na]
	at com.taskhive.taskhive_backend.service.ReminderService.sendDueDateReminders(ReminderService.java:24) ~[classes/:na]
	at com.taskhive.taskhive_backend.service.ReminderService.sendDueDateReminders(ReminderService.java:24) ~[classes/:na]
	at com.taskhive.taskhive_backend.service.ReminderService.sendDueDateReminders(ReminderService.java:24) ~[classes/:na]

]]></system-out>
    <system-err><![CDATA[Mockito is currently self-attaching to enable the inline-mock-maker. This will no longer work in future releases of the JDK. Please add Mockito as an agent to your build what is described in Mockito's documentation: https://javadoc.io/doc/org.mockito/mockito-core/latest/org/mockito/Mockito.html#0.3
WARNING: A Java agent has been loaded dynamically (/Users/amakessie/.m2/repository/net/bytebuddy/byte-buddy-agent/1.15.11/byte-buddy-agent-1.15.11.jar)
WARNING: If a serviceability tool is in use, please run with -XX:+EnableDynamicAgentLoading to hide this warning
WARNING: If a serviceability tool is not in use, please run with -Djdk.instrument.traceUsage for more information
WARNING: Dynamic loading of agents will be disallowed by default in a future release
]]></system-err>
  </testcase>
</testsuite>